2025-03-18 22:52:10,339 - root - ℹ️ INFO - main.py:69 - Initializing pipeline
2025-03-18 22:52:10,339 - root - ℹ️ INFO - main.py:13 - Starting Twitter scraper for @ALJADEEDNEWS
2025-03-18 22:52:20,406 - root - ℹ️ INFO - core.py:25 - 🚀 Starting scrape for @ALJADEEDNEWS
2025-03-18 22:52:33,032 - root - ℹ️ INFO - core.py:75 - 📦 Collected 5 new tweets (Total: 5)
2025-03-18 22:52:34,239 - root - ℹ️ INFO - core.py:75 - 📦 Collected 3 new tweets (Total: 8)
2025-03-18 22:52:35,461 - root - ℹ️ INFO - producer.py:22 - Sent batch of 10 tweets (Total: 10)
2025-03-18 22:52:35,475 - root - ℹ️ INFO - core.py:75 - 📦 Collected 3 new tweets (Total: 11)
2025-03-18 22:52:37,091 - root - ℹ️ INFO - core.py:75 - 📦 Collected 6 new tweets (Total: 17)
2025-03-18 22:52:38,923 - root - ℹ️ INFO - producer.py:22 - Sent batch of 10 tweets (Total: 20)
2025-03-18 22:52:38,925 - root - ℹ️ INFO - core.py:75 - 📦 Collected 4 new tweets (Total: 21)
2025-03-18 22:52:40,815 - root - ℹ️ INFO - core.py:75 - 📦 Collected 8 new tweets (Total: 29)
2025-03-18 22:52:42,274 - root - ℹ️ INFO - producer.py:22 - Sent batch of 10 tweets (Total: 30)
2025-03-18 22:52:42,281 - root - ℹ️ INFO - core.py:75 - 📦 Collected 6 new tweets (Total: 35)
2025-03-18 22:52:43,699 - root - ℹ️ INFO - core.py:75 - 📦 Collected 4 new tweets (Total: 39)
2025-03-18 22:52:45,451 - root - ℹ️ INFO - producer.py:22 - Sent batch of 10 tweets (Total: 40)
2025-03-18 22:52:45,461 - root - ℹ️ INFO - core.py:75 - 📦 Collected 6 new tweets (Total: 45)
2025-03-18 22:52:46,856 - root - ℹ️ INFO - core.py:75 - 📦 Collected 4 new tweets (Total: 49)
2025-03-18 22:52:48,268 - root - ℹ️ INFO - producer.py:22 - Sent batch of 10 tweets (Total: 50)
2025-03-18 22:52:48,272 - root - ℹ️ INFO - core.py:75 - 📦 Collected 3 new tweets (Total: 52)
2025-03-18 22:52:49,506 - root - ℹ️ INFO - core.py:75 - 📦 Collected 5 new tweets (Total: 57)
2025-03-18 22:52:50,752 - root - ℹ️ INFO - core.py:75 - 📦 Collected 2 new tweets (Total: 59)
2025-03-18 22:52:52,804 - root - ℹ️ INFO - producer.py:22 - Sent batch of 10 tweets (Total: 60)
2025-03-18 22:52:52,818 - root - ℹ️ INFO - core.py:75 - 📦 Collected 7 new tweets (Total: 66)
2025-03-18 22:52:54,237 - root - ℹ️ INFO - producer.py:22 - Sent batch of 10 tweets (Total: 70)
2025-03-18 22:52:54,239 - root - ℹ️ INFO - core.py:75 - 📦 Collected 5 new tweets (Total: 71)
2025-03-18 22:52:55,550 - root - ℹ️ INFO - core.py:75 - 📦 Collected 3 new tweets (Total: 74)
2025-03-18 22:52:57,116 - root - ℹ️ INFO - core.py:75 - 📦 Collected 3 new tweets (Total: 77)
2025-03-18 22:52:58,081 - root - ℹ️ INFO - core.py:75 - 📦 Collected 2 new tweets (Total: 79)
2025-03-18 22:53:00,202 - root - ℹ️ INFO - producer.py:22 - Sent batch of 10 tweets (Total: 80)
2025-03-18 22:53:00,210 - root - ℹ️ INFO - core.py:75 - 📦 Collected 6 new tweets (Total: 85)
2025-03-18 22:53:01,847 - root - ℹ️ INFO - core.py:75 - 📦 Collected 3 new tweets (Total: 88)
2025-03-18 22:53:03,068 - root - ℹ️ INFO - producer.py:22 - Sent batch of 10 tweets (Total: 90)
2025-03-18 22:53:03,071 - root - ℹ️ INFO - core.py:75 - 📦 Collected 3 new tweets (Total: 91)
2025-03-18 22:53:04,525 - root - ℹ️ INFO - core.py:75 - 📦 Collected 3 new tweets (Total: 94)
2025-03-18 22:53:06,012 - root - ℹ️ INFO - core.py:75 - 📦 Collected 3 new tweets (Total: 97)
2025-03-18 22:53:08,681 - root - ℹ️ INFO - producer.py:22 - Sent batch of 10 tweets (Total: 100)
2025-03-18 22:53:08,699 - root - ℹ️ INFO - core.py:75 - 📦 Collected 12 new tweets (Total: 109)
2025-03-18 22:53:09,940 - root - ⚠️ WARNING - core.py:77 - ⚠️  No new tweets in loaded content
2025-03-18 22:53:09,940 - root - ⚠️ WARNING - core.py:82 - ⏳ Retry #1 for 2s
2025-03-18 22:53:13,370 - root - ℹ️ INFO - producer.py:22 - Sent batch of 10 tweets (Total: 110)
2025-03-18 22:53:13,375 - root - ℹ️ INFO - core.py:75 - 📦 Collected 3 new tweets (Total: 112)
2025-03-18 22:53:15,500 - root - ℹ️ INFO - core.py:75 - 📦 Collected 3 new tweets (Total: 115)
2025-03-18 22:53:18,379 - root - ℹ️ INFO - producer.py:22 - Sent batch of 10 tweets (Total: 120)
2025-03-18 22:53:18,383 - root - ℹ️ INFO - core.py:75 - 📦 Collected 7 new tweets (Total: 122)
2025-03-18 22:53:20,202 - root - ℹ️ INFO - core.py:75 - 📦 Collected 1 new tweets (Total: 123)
2025-03-18 22:53:21,931 - root - ℹ️ INFO - core.py:75 - 📦 Collected 5 new tweets (Total: 128)
2025-03-18 22:53:23,513 - root - ℹ️ INFO - producer.py:22 - Sent batch of 10 tweets (Total: 130)
2025-03-18 22:53:23,520 - root - ℹ️ INFO - core.py:75 - 📦 Collected 5 new tweets (Total: 133)
2025-03-18 22:53:25,773 - root - ℹ️ INFO - producer.py:22 - Sent batch of 10 tweets (Total: 140)
2025-03-18 22:53:25,774 - root - ℹ️ INFO - core.py:75 - 📦 Collected 8 new tweets (Total: 141)
2025-03-18 22:53:26,792 - root - ⚠️ WARNING - core.py:77 - ⚠️  No new tweets in loaded content
2025-03-18 22:53:26,792 - root - ⚠️ WARNING - core.py:82 - ⏳ Retry #1 for 2s
2025-03-18 22:53:29,805 - root - ℹ️ INFO - core.py:75 - 📦 Collected 4 new tweets (Total: 145)
2025-03-18 22:53:31,635 - root - ℹ️ INFO - core.py:75 - 📦 Collected 4 new tweets (Total: 149)
2025-03-18 22:53:32,699 - root - ℹ️ INFO - producer.py:22 - Sent batch of 10 tweets (Total: 150)
2025-03-18 22:53:32,705 - root - ℹ️ INFO - core.py:75 - 📦 Collected 4 new tweets (Total: 153)
2025-03-18 22:53:34,369 - root - ℹ️ INFO - core.py:75 - 📦 Collected 6 new tweets (Total: 159)
2025-03-18 22:53:35,438 - root - ℹ️ INFO - producer.py:22 - Sent batch of 10 tweets (Total: 160)
2025-03-18 22:53:35,441 - root - ℹ️ INFO - core.py:75 - 📦 Collected 3 new tweets (Total: 162)
2025-03-18 22:53:36,662 - root - ℹ️ INFO - core.py:75 - 📦 Collected 3 new tweets (Total: 165)
2025-03-18 22:53:37,918 - root - ℹ️ INFO - core.py:75 - 📦 Collected 4 new tweets (Total: 169)
2025-03-18 22:53:38,942 - root - ℹ️ INFO - producer.py:22 - Sent batch of 10 tweets (Total: 170)
2025-03-18 22:53:38,946 - root - ℹ️ INFO - core.py:75 - 📦 Collected 2 new tweets (Total: 171)
2025-03-18 22:53:42,384 - root - ℹ️ INFO - core.py:75 - 📦 Collected 8 new tweets (Total: 179)
2025-03-18 22:53:43,442 - root - ℹ️ INFO - producer.py:22 - Sent batch of 10 tweets (Total: 180)
2025-03-18 22:53:43,446 - root - ℹ️ INFO - core.py:75 - 📦 Collected 3 new tweets (Total: 182)
2025-03-18 22:53:45,222 - root - ℹ️ INFO - core.py:75 - 📦 Collected 5 new tweets (Total: 187)
2025-03-18 22:53:46,666 - root - ℹ️ INFO - producer.py:22 - Sent batch of 10 tweets (Total: 190)
2025-03-18 22:53:46,666 - root - ℹ️ INFO - core.py:75 - 📦 Collected 3 new tweets (Total: 190)
2025-03-18 22:53:47,997 - root - ⚠️ WARNING - core.py:77 - ⚠️  No new tweets in loaded content
2025-03-18 22:53:47,998 - root - ⚠️ WARNING - core.py:82 - ⏳ Retry #1 for 2s
2025-03-18 22:53:50,958 - root - ℹ️ INFO - core.py:75 - 📦 Collected 6 new tweets (Total: 196)
2025-03-18 22:53:52,874 - root - ℹ️ INFO - core.py:75 - 📦 Collected 3 new tweets (Total: 199)
2025-03-18 22:53:54,269 - root - ℹ️ INFO - producer.py:22 - Sent batch of 10 tweets (Total: 200)
2025-03-18 22:53:54,270 - root - ℹ️ INFO - core.py:75 - 📦 Collected 2 new tweets (Total: 201)
2025-03-18 22:53:55,774 - root - ℹ️ INFO - core.py:75 - 📦 Collected 4 new tweets (Total: 205)
2025-03-18 22:53:57,159 - root - ℹ️ INFO - core.py:75 - 📦 Collected 3 new tweets (Total: 208)
2025-03-18 22:54:01,155 - root - ℹ️ INFO - producer.py:22 - Sent batch of 10 tweets (Total: 210)
2025-03-18 22:54:01,168 - root - ℹ️ INFO - core.py:75 - 📦 Collected 5 new tweets (Total: 213)
2025-03-18 22:54:02,496 - root - ⚠️ WARNING - core.py:77 - ⚠️  No new tweets in loaded content
2025-03-18 22:54:02,496 - root - ⚠️ WARNING - core.py:82 - ⏳ Retry #1 for 2s
2025-03-18 22:54:05,600 - root - ℹ️ INFO - core.py:75 - 📦 Collected 3 new tweets (Total: 216)
2025-03-18 22:54:07,529 - root - ℹ️ INFO - producer.py:22 - Sent batch of 10 tweets (Total: 220)
2025-03-18 22:54:07,530 - root - ℹ️ INFO - core.py:75 - 📦 Collected 4 new tweets (Total: 220)
2025-03-18 22:54:08,797 - root - ℹ️ INFO - core.py:75 - 📦 Collected 3 new tweets (Total: 223)
2025-03-18 22:54:10,363 - root - ℹ️ INFO - core.py:75 - 📦 Collected 4 new tweets (Total: 227)
2025-03-18 22:54:12,353 - root - ℹ️ INFO - producer.py:22 - Sent batch of 10 tweets (Total: 230)
2025-03-18 22:54:12,356 - root - ℹ️ INFO - core.py:75 - 📦 Collected 4 new tweets (Total: 231)
2025-03-18 22:54:14,142 - root - ℹ️ INFO - core.py:75 - 📦 Collected 5 new tweets (Total: 236)
2025-03-18 22:54:15,867 - root - ℹ️ INFO - core.py:75 - 📦 Collected 3 new tweets (Total: 239)
2025-03-18 22:54:17,107 - root - ℹ️ INFO - producer.py:22 - Sent batch of 10 tweets (Total: 240)
2025-03-18 22:54:17,110 - root - ℹ️ INFO - core.py:75 - 📦 Collected 3 new tweets (Total: 242)
2025-03-18 22:54:18,797 - root - ℹ️ INFO - core.py:75 - 📦 Collected 3 new tweets (Total: 245)
2025-03-18 22:54:20,057 - root - ℹ️ INFO - core.py:75 - 📦 Collected 3 new tweets (Total: 248)
2025-03-18 22:54:22,687 - root - ℹ️ INFO - producer.py:22 - Sent batch of 10 tweets (Total: 250)
2025-03-18 22:54:22,694 - root - ℹ️ INFO - core.py:75 - 📦 Collected 6 new tweets (Total: 254)
2025-03-18 22:54:25,165 - root - ℹ️ INFO - core.py:75 - 📦 Collected 2 new tweets (Total: 256)
2025-03-18 22:54:26,973 - root - ℹ️ INFO - producer.py:22 - Sent batch of 10 tweets (Total: 260)
2025-03-18 22:54:26,978 - root - ℹ️ INFO - core.py:75 - 📦 Collected 6 new tweets (Total: 262)
2025-03-18 22:54:29,044 - root - ℹ️ INFO - core.py:75 - 📦 Collected 2 new tweets (Total: 264)
2025-03-18 22:54:30,380 - root - ℹ️ INFO - core.py:75 - 📦 Collected 4 new tweets (Total: 268)
2025-03-18 22:54:32,263 - root - ℹ️ INFO - producer.py:22 - Sent batch of 10 tweets (Total: 270)
2025-03-18 22:54:32,270 - root - ℹ️ INFO - core.py:75 - 📦 Collected 7 new tweets (Total: 275)
2025-03-18 22:54:33,806 - root - ℹ️ INFO - producer.py:22 - Sent batch of 10 tweets (Total: 280)
2025-03-18 22:54:33,808 - root - ℹ️ INFO - core.py:75 - 📦 Collected 5 new tweets (Total: 280)
2025-03-18 22:54:35,221 - root - ℹ️ INFO - core.py:75 - 📦 Collected 3 new tweets (Total: 283)
2025-03-18 22:54:37,173 - root - ℹ️ INFO - core.py:75 - 📦 Collected 2 new tweets (Total: 285)
2025-03-18 22:54:38,694 - root - ℹ️ INFO - core.py:75 - 📦 Collected 3 new tweets (Total: 288)
2025-03-18 22:54:41,881 - root - ℹ️ INFO - producer.py:22 - Sent batch of 10 tweets (Total: 290)
2025-03-18 22:54:41,884 - root - ℹ️ INFO - core.py:75 - 📦 Collected 4 new tweets (Total: 292)
2025-03-18 22:54:44,058 - root - ℹ️ INFO - core.py:75 - 📦 Collected 5 new tweets (Total: 297)
2025-03-18 22:54:46,189 - root - ℹ️ INFO - producer.py:22 - Sent batch of 10 tweets (Total: 300)
2025-03-18 22:54:46,192 - root - ℹ️ INFO - core.py:75 - 📦 Collected 4 new tweets (Total: 301)
2025-03-18 22:54:48,579 - root - ℹ️ INFO - core.py:75 - 📦 Collected 3 new tweets (Total: 304)
2025-03-18 22:54:51,611 - root - ℹ️ INFO - producer.py:22 - Sent batch of 10 tweets (Total: 310)
2025-03-18 22:54:51,625 - root - ℹ️ INFO - core.py:75 - 📦 Collected 10 new tweets (Total: 314)
2025-03-18 22:54:52,925 - root - ℹ️ INFO - core.py:75 - 📦 Collected 1 new tweets (Total: 315)
2025-03-18 22:54:54,754 - root - ℹ️ INFO - producer.py:22 - Sent batch of 10 tweets (Total: 320)
2025-03-18 22:54:54,759 - root - ℹ️ INFO - core.py:75 - 📦 Collected 7 new tweets (Total: 322)
2025-03-18 22:54:55,969 - root - ℹ️ INFO - core.py:75 - 📦 Collected 3 new tweets (Total: 325)
2025-03-18 22:54:57,667 - root - ℹ️ INFO - core.py:75 - 📦 Collected 2 new tweets (Total: 327)
2025-03-18 22:55:00,962 - root - ℹ️ INFO - producer.py:22 - Sent batch of 10 tweets (Total: 330)
2025-03-18 22:55:00,970 - root - ℹ️ INFO - core.py:75 - 📦 Collected 8 new tweets (Total: 335)
2025-03-18 22:55:02,291 - root - ℹ️ INFO - producer.py:22 - Sent batch of 10 tweets (Total: 340)
2025-03-18 22:55:02,291 - root - ℹ️ INFO - core.py:75 - 📦 Collected 5 new tweets (Total: 340)
2025-03-18 22:55:04,234 - root - ℹ️ INFO - core.py:75 - 📦 Collected 4 new tweets (Total: 344)
2025-03-18 22:55:05,900 - root - ℹ️ INFO - core.py:75 - 📦 Collected 3 new tweets (Total: 347)
2025-03-18 22:55:07,418 - root - ℹ️ INFO - core.py:75 - 📦 Collected 2 new tweets (Total: 349)
2025-03-18 22:55:09,104 - root - ℹ️ INFO - producer.py:22 - Sent batch of 10 tweets (Total: 350)
2025-03-18 22:55:09,109 - root - ℹ️ INFO - core.py:75 - 📦 Collected 3 new tweets (Total: 352)
2025-03-18 22:55:10,606 - root - ℹ️ INFO - core.py:75 - 📦 Collected 3 new tweets (Total: 355)
2025-03-18 22:55:12,031 - root - ℹ️ INFO - producer.py:22 - Sent batch of 10 tweets (Total: 360)
2025-03-18 22:55:12,032 - root - ℹ️ INFO - core.py:75 - 📦 Collected 5 new tweets (Total: 360)
2025-03-18 22:55:13,445 - root - ℹ️ INFO - core.py:75 - 📦 Collected 5 new tweets (Total: 365)
2025-03-18 22:55:14,816 - root - ℹ️ INFO - core.py:75 - 📦 Collected 2 new tweets (Total: 367)
2025-03-18 22:55:16,363 - root - ℹ️ INFO - producer.py:22 - Sent batch of 10 tweets (Total: 370)
2025-03-18 22:55:16,368 - root - ℹ️ INFO - core.py:75 - 📦 Collected 5 new tweets (Total: 372)
2025-03-18 22:55:17,626 - root - ℹ️ INFO - core.py:75 - 📦 Collected 4 new tweets (Total: 376)
2025-03-18 22:55:19,006 - root - ℹ️ INFO - producer.py:22 - Sent batch of 10 tweets (Total: 380)
2025-03-18 22:55:19,007 - root - ℹ️ INFO - core.py:75 - 📦 Collected 4 new tweets (Total: 380)
2025-03-18 22:55:20,589 - root - ℹ️ INFO - core.py:75 - 📦 Collected 6 new tweets (Total: 386)
2025-03-18 22:55:23,460 - root - ℹ️ INFO - producer.py:22 - Sent batch of 10 tweets (Total: 390)
2025-03-18 22:55:23,470 - root - ℹ️ INFO - core.py:75 - 📦 Collected 8 new tweets (Total: 394)
2025-03-18 22:55:24,761 - root - ℹ️ INFO - core.py:75 - 📦 Collected 2 new tweets (Total: 396)
2025-03-18 22:55:26,207 - root - ℹ️ INFO - core.py:75 - 📦 Collected 3 new tweets (Total: 399)
2025-03-18 22:55:28,080 - root - ℹ️ INFO - producer.py:22 - Sent batch of 10 tweets (Total: 400)
2025-03-18 22:55:28,085 - root - ℹ️ INFO - core.py:75 - 📦 Collected 3 new tweets (Total: 402)
2025-03-18 22:55:29,629 - root - ℹ️ INFO - core.py:75 - 📦 Collected 2 new tweets (Total: 404)
2025-03-18 22:55:32,866 - root - ℹ️ INFO - producer.py:22 - Sent batch of 10 tweets (Total: 410)
2025-03-18 22:55:32,866 - root - ℹ️ INFO - core.py:75 - 📦 Collected 6 new tweets (Total: 410)
2025-03-18 22:55:34,267 - root - ⚠️ WARNING - core.py:77 - ⚠️  No new tweets in loaded content
2025-03-18 22:55:34,268 - root - ⚠️ WARNING - core.py:82 - ⏳ Retry #1 for 2s
2025-03-18 22:55:37,790 - root - ℹ️ INFO - core.py:75 - 📦 Collected 4 new tweets (Total: 414)
2025-03-18 22:55:38,936 - root - ℹ️ INFO - core.py:75 - 📦 Collected 3 new tweets (Total: 417)
2025-03-18 22:55:40,298 - root - ℹ️ INFO - producer.py:22 - Sent batch of 10 tweets (Total: 420)
2025-03-18 22:55:40,298 - root - ℹ️ INFO - core.py:75 - 📦 Collected 3 new tweets (Total: 420)
2025-03-18 22:55:41,649 - root - ℹ️ INFO - core.py:75 - 📦 Collected 3 new tweets (Total: 423)
2025-03-18 22:55:42,916 - root - ℹ️ INFO - core.py:75 - 📦 Collected 1 new tweets (Total: 424)
2025-03-18 22:55:45,031 - root - ℹ️ INFO - core.py:75 - 📦 Collected 5 new tweets (Total: 429)
2025-03-18 22:55:46,971 - root - ℹ️ INFO - producer.py:22 - Sent batch of 10 tweets (Total: 430)
2025-03-18 22:55:46,974 - root - ℹ️ INFO - core.py:75 - 📦 Collected 3 new tweets (Total: 432)
2025-03-18 22:55:48,894 - root - ℹ️ INFO - core.py:75 - 📦 Collected 3 new tweets (Total: 435)
2025-03-18 22:55:51,051 - root - ℹ️ INFO - producer.py:22 - Sent batch of 10 tweets (Total: 440)
2025-03-18 22:55:51,054 - root - ℹ️ INFO - core.py:75 - 📦 Collected 6 new tweets (Total: 441)
2025-03-18 22:55:52,453 - root - ℹ️ INFO - core.py:75 - 📦 Collected 3 new tweets (Total: 444)
2025-03-18 22:55:54,227 - root - ℹ️ INFO - core.py:75 - 📦 Collected 3 new tweets (Total: 447)
2025-03-18 22:55:55,377 - root - ⚠️ WARNING - core.py:77 - ⚠️  No new tweets in loaded content
2025-03-18 22:55:55,377 - root - ⚠️ WARNING - core.py:82 - ⏳ Retry #1 for 2s
2025-03-18 22:55:58,229 - root - ℹ️ INFO - producer.py:22 - Sent batch of 10 tweets (Total: 450)
2025-03-18 22:55:58,229 - root - ℹ️ INFO - core.py:75 - 📦 Collected 3 new tweets (Total: 450)
2025-03-18 22:55:59,430 - root - ℹ️ INFO - core.py:75 - 📦 Collected 4 new tweets (Total: 454)
2025-03-18 22:56:00,690 - root - ℹ️ INFO - core.py:75 - 📦 Collected 3 new tweets (Total: 457)
2025-03-18 22:56:02,460 - root - ℹ️ INFO - producer.py:22 - Sent batch of 10 tweets (Total: 460)
2025-03-18 22:56:02,462 - root - ℹ️ INFO - core.py:75 - 📦 Collected 6 new tweets (Total: 463)
2025-03-18 22:56:03,401 - root - ℹ️ INFO - core.py:75 - 📦 Collected 1 new tweets (Total: 464)
2025-03-18 22:56:05,471 - root - ℹ️ INFO - producer.py:22 - Sent batch of 10 tweets (Total: 470)
2025-03-18 22:56:05,471 - root - ℹ️ INFO - core.py:75 - 📦 Collected 6 new tweets (Total: 470)
2025-03-18 22:56:07,456 - root - ℹ️ INFO - core.py:75 - 📦 Collected 4 new tweets (Total: 474)
2025-03-18 22:56:10,440 - root - ℹ️ INFO - core.py:75 - 📦 Collected 3 new tweets (Total: 477)
2025-03-18 22:56:12,963 - root - ℹ️ INFO - producer.py:22 - Sent batch of 10 tweets (Total: 480)
2025-03-18 22:56:12,965 - root - ℹ️ INFO - core.py:75 - 📦 Collected 5 new tweets (Total: 482)
2025-03-18 22:56:15,039 - root - ℹ️ INFO - core.py:75 - 📦 Collected 1 new tweets (Total: 483)
2025-03-18 22:56:16,910 - root - ℹ️ INFO - core.py:75 - 📦 Collected 5 new tweets (Total: 488)
2025-03-18 22:56:17,865 - root - ℹ️ INFO - core.py:75 - 📦 Collected 1 new tweets (Total: 489)
2025-03-18 22:56:19,221 - root - ℹ️ INFO - producer.py:22 - Sent batch of 10 tweets (Total: 490)
2025-03-18 22:56:19,226 - root - ℹ️ INFO - core.py:75 - 📦 Collected 3 new tweets (Total: 492)
2025-03-18 22:56:20,269 - root - ℹ️ INFO - core.py:75 - 📦 Collected 2 new tweets (Total: 494)
2025-03-18 22:56:21,694 - root - ℹ️ INFO - core.py:75 - 📦 Collected 5 new tweets (Total: 499)
2025-03-18 22:56:22,991 - root - ℹ️ INFO - producer.py:22 - Sent batch of 10 tweets (Total: 500)
2025-03-18 22:56:22,995 - root - ℹ️ INFO - core.py:75 - 📦 Collected 3 new tweets (Total: 502)
2025-03-18 22:56:23,959 - root - ℹ️ INFO - core.py:75 - 📦 Collected 1 new tweets (Total: 503)
2025-03-18 22:56:26,352 - root - ℹ️ INFO - producer.py:22 - Sent batch of 10 tweets (Total: 510)
2025-03-18 22:56:26,353 - root - ℹ️ INFO - core.py:75 - 📦 Collected 7 new tweets (Total: 510)
2025-03-18 22:56:27,829 - root - ℹ️ INFO - core.py:75 - 📦 Collected 2 new tweets (Total: 512)
2025-03-18 22:56:29,519 - root - ℹ️ INFO - core.py:75 - 📦 Collected 4 new tweets (Total: 516)
2025-03-18 22:56:31,293 - root - ℹ️ INFO - producer.py:22 - Sent batch of 10 tweets (Total: 520)
2025-03-18 22:56:31,293 - root - ℹ️ INFO - core.py:75 - 📦 Collected 4 new tweets (Total: 520)
2025-03-18 22:56:32,844 - root - ℹ️ INFO - core.py:75 - 📦 Collected 3 new tweets (Total: 523)
2025-03-18 22:56:35,382 - root - ℹ️ INFO - producer.py:22 - Sent batch of 10 tweets (Total: 530)
2025-03-18 22:56:35,388 - root - ℹ️ INFO - core.py:75 - 📦 Collected 9 new tweets (Total: 532)
2025-03-18 22:56:36,688 - root - ℹ️ INFO - core.py:75 - 📦 Collected 2 new tweets (Total: 534)
2025-03-18 22:56:37,975 - root - ℹ️ INFO - producer.py:22 - Sent batch of 10 tweets (Total: 540)
2025-03-18 22:56:37,975 - root - ℹ️ INFO - core.py:75 - 📦 Collected 6 new tweets (Total: 540)
2025-03-18 22:56:39,300 - root - ℹ️ INFO - core.py:75 - 📦 Collected 3 new tweets (Total: 543)
2025-03-18 22:56:40,909 - root - ℹ️ INFO - core.py:75 - 📦 Collected 4 new tweets (Total: 547)
2025-03-18 22:56:43,399 - root - ℹ️ INFO - producer.py:22 - Sent batch of 10 tweets (Total: 550)
2025-03-18 22:56:43,402 - root - ℹ️ INFO - core.py:75 - 📦 Collected 5 new tweets (Total: 552)
2025-03-18 22:56:45,829 - root - ℹ️ INFO - core.py:75 - 📦 Collected 5 new tweets (Total: 557)
2025-03-18 22:56:47,222 - root - ℹ️ INFO - producer.py:22 - Sent batch of 10 tweets (Total: 560)
2025-03-18 22:56:47,224 - root - ℹ️ INFO - core.py:75 - 📦 Collected 4 new tweets (Total: 561)
2025-03-18 22:56:48,311 - root - ℹ️ INFO - core.py:75 - 📦 Collected 2 new tweets (Total: 563)
2025-03-18 22:56:50,269 - root - ℹ️ INFO - producer.py:22 - Sent batch of 10 tweets (Total: 570)
2025-03-18 22:56:50,270 - root - ℹ️ INFO - core.py:75 - 📦 Collected 7 new tweets (Total: 570)
2025-03-18 22:56:52,437 - root - ℹ️ INFO - core.py:75 - 📦 Collected 8 new tweets (Total: 578)
2025-03-18 22:56:54,032 - root - ℹ️ INFO - core.py:75 - 📦 Collected 1 new tweets (Total: 579)
2025-03-18 22:56:56,396 - root - ℹ️ INFO - producer.py:22 - Sent batch of 10 tweets (Total: 580)
2025-03-18 22:56:56,408 - root - ℹ️ INFO - core.py:75 - 📦 Collected 8 new tweets (Total: 587)
2025-03-18 22:56:58,041 - root - ℹ️ INFO - producer.py:22 - Sent batch of 10 tweets (Total: 590)
2025-03-18 22:56:58,041 - root - ℹ️ INFO - core.py:75 - 📦 Collected 3 new tweets (Total: 590)
2025-03-18 22:56:59,745 - root - ℹ️ INFO - core.py:75 - 📦 Collected 5 new tweets (Total: 595)
2025-03-18 22:57:01,808 - root - ℹ️ INFO - core.py:75 - 📦 Collected 3 new tweets (Total: 598)
2025-03-18 22:57:03,214 - root - ℹ️ INFO - core.py:75 - 📦 Collected 1 new tweets (Total: 599)
2025-03-18 22:57:05,080 - root - ℹ️ INFO - producer.py:22 - Sent batch of 10 tweets (Total: 600)
2025-03-18 22:57:05,088 - root - ℹ️ INFO - core.py:75 - 📦 Collected 8 new tweets (Total: 607)
2025-03-18 22:57:07,533 - root - ℹ️ INFO - producer.py:22 - Sent batch of 10 tweets (Total: 610)
2025-03-18 22:57:07,533 - root - ℹ️ INFO - core.py:75 - 📦 Collected 3 new tweets (Total: 610)
2025-03-18 22:57:09,031 - root - ℹ️ INFO - core.py:75 - 📦 Collected 3 new tweets (Total: 613)
2025-03-18 22:57:10,638 - root - ℹ️ INFO - core.py:75 - 📦 Collected 4 new tweets (Total: 617)
2025-03-18 22:57:12,809 - root - ℹ️ INFO - producer.py:22 - Sent batch of 10 tweets (Total: 620)
2025-03-18 22:57:12,813 - root - ℹ️ INFO - core.py:75 - 📦 Collected 6 new tweets (Total: 623)
2025-03-18 22:57:14,523 - root - ℹ️ INFO - core.py:75 - 📦 Collected 2 new tweets (Total: 625)
2025-03-18 22:57:15,653 - root - ℹ️ INFO - core.py:75 - 📦 Collected 3 new tweets (Total: 628)
2025-03-18 22:57:16,911 - root - ℹ️ INFO - producer.py:22 - Sent batch of 10 tweets (Total: 630)
2025-03-18 22:57:16,914 - root - ℹ️ INFO - core.py:75 - 📦 Collected 3 new tweets (Total: 631)
2025-03-18 22:57:18,402 - root - ℹ️ INFO - core.py:75 - 📦 Collected 4 new tweets (Total: 635)
2025-03-18 22:57:20,346 - root - ℹ️ INFO - producer.py:22 - Sent batch of 10 tweets (Total: 640)
2025-03-18 22:57:20,355 - root - ℹ️ INFO - core.py:75 - 📦 Collected 8 new tweets (Total: 643)
2025-03-18 22:57:22,110 - root - ℹ️ INFO - core.py:75 - 📦 Collected 4 new tweets (Total: 647)
2025-03-18 22:57:23,551 - root - ℹ️ INFO - producer.py:22 - Sent batch of 10 tweets (Total: 650)
2025-03-18 22:57:23,552 - root - ℹ️ INFO - core.py:75 - 📦 Collected 3 new tweets (Total: 650)
2025-03-18 22:57:24,753 - root - ℹ️ INFO - core.py:75 - 📦 Collected 2 new tweets (Total: 652)
2025-03-18 22:57:26,000 - root - ℹ️ INFO - core.py:75 - 📦 Collected 3 new tweets (Total: 655)
2025-03-18 22:57:28,170 - root - ℹ️ INFO - producer.py:22 - Sent batch of 10 tweets (Total: 660)
2025-03-18 22:57:28,173 - root - ℹ️ INFO - core.py:75 - 📦 Collected 6 new tweets (Total: 661)
2025-03-18 22:57:29,499 - root - ℹ️ INFO - core.py:75 - 📦 Collected 1 new tweets (Total: 662)
2025-03-18 22:57:31,114 - root - ℹ️ INFO - core.py:75 - 📦 Collected 3 new tweets (Total: 665)
2025-03-18 22:57:32,644 - root - ℹ️ INFO - core.py:75 - 📦 Collected 3 new tweets (Total: 668)
2025-03-18 22:57:34,272 - root - ℹ️ INFO - producer.py:22 - Sent batch of 10 tweets (Total: 670)
2025-03-18 22:57:34,275 - root - ℹ️ INFO - core.py:75 - 📦 Collected 3 new tweets (Total: 671)
2025-03-18 22:57:35,822 - root - ℹ️ INFO - core.py:75 - 📦 Collected 3 new tweets (Total: 674)
2025-03-18 22:57:37,785 - root - ℹ️ INFO - producer.py:22 - Sent batch of 10 tweets (Total: 680)
2025-03-18 22:57:37,786 - root - ℹ️ INFO - core.py:75 - 📦 Collected 6 new tweets (Total: 680)
2025-03-18 22:57:39,274 - root - ℹ️ INFO - core.py:75 - 📦 Collected 1 new tweets (Total: 681)
2025-03-18 22:57:40,698 - root - ℹ️ INFO - core.py:75 - 📦 Collected 3 new tweets (Total: 684)
2025-03-18 22:57:42,505 - root - ℹ️ INFO - core.py:75 - 📦 Collected 3 new tweets (Total: 687)
2025-03-18 22:57:43,743 - root - ℹ️ INFO - producer.py:22 - Sent batch of 10 tweets (Total: 690)
2025-03-18 22:57:43,743 - root - ℹ️ INFO - core.py:75 - 📦 Collected 3 new tweets (Total: 690)
2025-03-18 22:57:45,491 - root - ℹ️ INFO - core.py:75 - 📦 Collected 3 new tweets (Total: 693)
2025-03-18 22:57:46,657 - root - ℹ️ INFO - core.py:75 - 📦 Collected 1 new tweets (Total: 694)
2025-03-18 22:57:49,092 - root - ℹ️ INFO - producer.py:22 - Sent batch of 10 tweets (Total: 700)
2025-03-18 22:57:49,095 - root - ℹ️ INFO - core.py:75 - 📦 Collected 7 new tweets (Total: 701)
2025-03-18 22:57:50,781 - root - ℹ️ INFO - core.py:75 - 📦 Collected 5 new tweets (Total: 706)
2025-03-18 22:57:52,542 - root - ℹ️ INFO - producer.py:22 - Sent batch of 10 tweets (Total: 710)
2025-03-18 22:57:52,543 - root - ℹ️ INFO - core.py:75 - 📦 Collected 5 new tweets (Total: 711)
2025-03-18 22:57:53,554 - root - ℹ️ INFO - core.py:75 - 📦 Collected 3 new tweets (Total: 714)
2025-03-18 22:57:56,035 - root - ℹ️ INFO - producer.py:22 - Sent batch of 10 tweets (Total: 720)
2025-03-18 22:57:56,043 - root - ℹ️ INFO - core.py:75 - 📦 Collected 10 new tweets (Total: 724)
2025-03-18 22:57:57,822 - root - ℹ️ INFO - core.py:75 - 📦 Collected 4 new tweets (Total: 728)
2025-03-18 22:57:59,671 - root - ℹ️ INFO - producer.py:22 - Sent batch of 10 tweets (Total: 730)
2025-03-18 22:57:59,675 - root - ℹ️ INFO - core.py:75 - 📦 Collected 5 new tweets (Total: 733)
2025-03-18 22:58:01,102 - root - ⚠️ WARNING - core.py:77 - ⚠️  No new tweets in loaded content
2025-03-18 22:58:01,103 - root - ⚠️ WARNING - core.py:82 - ⏳ Retry #1 for 2s
2025-03-18 22:58:04,112 - root - ℹ️ INFO - producer.py:22 - Sent batch of 10 tweets (Total: 740)
2025-03-18 22:58:04,112 - root - ℹ️ INFO - core.py:75 - 📦 Collected 7 new tweets (Total: 740)
2025-03-18 22:58:05,715 - root - ℹ️ INFO - core.py:75 - 📦 Collected 6 new tweets (Total: 746)
2025-03-18 22:58:07,209 - root - ℹ️ INFO - core.py:75 - 📦 Collected 3 new tweets (Total: 749)
2025-03-18 22:58:08,862 - root - ℹ️ INFO - producer.py:22 - Sent batch of 10 tweets (Total: 750)
2025-03-18 22:58:08,867 - root - ℹ️ INFO - core.py:75 - 📦 Collected 3 new tweets (Total: 752)
2025-03-18 22:58:11,204 - root - ℹ️ INFO - core.py:75 - 📦 Collected 5 new tweets (Total: 757)
2025-03-18 22:58:13,128 - root - ℹ️ INFO - producer.py:22 - Sent batch of 10 tweets (Total: 760)
2025-03-18 22:58:13,129 - root - ℹ️ INFO - core.py:75 - 📦 Collected 3 new tweets (Total: 760)
2025-03-18 22:58:14,372 - root - ℹ️ INFO - core.py:75 - 📦 Collected 3 new tweets (Total: 763)
2025-03-18 22:58:15,901 - root - ℹ️ INFO - core.py:75 - 📦 Collected 2 new tweets (Total: 765)
2025-03-18 22:58:17,816 - root - ℹ️ INFO - core.py:75 - 📦 Collected 3 new tweets (Total: 768)
2025-03-18 22:58:18,977 - root - ℹ️ INFO - producer.py:22 - Sent batch of 10 tweets (Total: 770)
2025-03-18 22:58:18,977 - root - ℹ️ INFO - core.py:75 - 📦 Collected 2 new tweets (Total: 770)
2025-03-18 22:58:20,576 - root - ℹ️ INFO - core.py:75 - 📦 Collected 3 new tweets (Total: 773)
2025-03-18 22:58:22,558 - root - ℹ️ INFO - core.py:75 - 📦 Collected 6 new tweets (Total: 779)
2025-03-18 22:58:23,669 - root - ⚠️ WARNING - core.py:77 - ⚠️  No new tweets in loaded content
2025-03-18 22:58:23,670 - root - ⚠️ WARNING - core.py:82 - ⏳ Retry #1 for 2s
2025-03-18 22:58:27,079 - root - ℹ️ INFO - producer.py:22 - Sent batch of 10 tweets (Total: 780)
2025-03-18 22:58:27,083 - root - ℹ️ INFO - core.py:75 - 📦 Collected 4 new tweets (Total: 783)
2025-03-18 22:58:28,954 - root - ℹ️ INFO - core.py:75 - 📦 Collected 3 new tweets (Total: 786)
2025-03-18 22:58:30,858 - root - ℹ️ INFO - core.py:75 - 📦 Collected 3 new tweets (Total: 789)
2025-03-18 22:58:33,493 - root - ℹ️ INFO - producer.py:22 - Sent batch of 10 tweets (Total: 790)
2025-03-18 22:58:33,502 - root - ℹ️ INFO - core.py:75 - 📦 Collected 4 new tweets (Total: 793)
2025-03-18 22:58:34,792 - root - ℹ️ INFO - core.py:75 - 📦 Collected 1 new tweets (Total: 794)
2025-03-18 22:58:36,509 - root - ℹ️ INFO - core.py:75 - 📦 Collected 5 new tweets (Total: 799)
2025-03-18 22:58:38,102 - root - ℹ️ INFO - producer.py:22 - Sent batch of 10 tweets (Total: 800)
2025-03-18 22:58:38,106 - root - ℹ️ INFO - core.py:75 - 📦 Collected 3 new tweets (Total: 802)
2025-03-18 22:58:39,506 - root - ℹ️ INFO - core.py:75 - 📦 Collected 3 new tweets (Total: 805)
2025-03-18 22:58:40,898 - root - ℹ️ INFO - core.py:75 - 📦 Collected 3 new tweets (Total: 808)
2025-03-18 22:58:42,842 - root - ℹ️ INFO - producer.py:22 - Sent batch of 10 tweets (Total: 810)
2025-03-18 22:58:42,851 - root - ℹ️ INFO - core.py:75 - 📦 Collected 5 new tweets (Total: 813)
2025-03-18 22:58:44,117 - root - ℹ️ INFO - core.py:75 - 📦 Collected 2 new tweets (Total: 815)
2025-03-18 22:58:45,273 - root - ℹ️ INFO - core.py:75 - 📦 Collected 1 new tweets (Total: 816)
2025-03-18 22:58:46,098 - root - ⚠️ WARNING - core.py:77 - ⚠️  No new tweets in loaded content
2025-03-18 22:58:46,098 - root - ⚠️ WARNING - core.py:82 - ⏳ Retry #1 for 2s
2025-03-18 22:58:48,862 - root - ⚠️ WARNING - core.py:77 - ⚠️  No new tweets in loaded content
2025-03-18 22:58:48,862 - root - ⚠️ WARNING - core.py:82 - ⏳ Retry #2 for 4s
2025-03-18 22:58:57,849 - root - ⚠️ WARNING - core.py:77 - ⚠️  No new tweets in loaded content
2025-03-18 22:58:57,849 - root - ⚠️ WARNING - core.py:82 - ⏳ Retry #3 for 8s
2025-03-18 22:59:06,873 - root - ℹ️ INFO - core.py:75 - 📦 Collected 3 new tweets (Total: 819)
2025-03-18 22:59:07,865 - root - ⚠️ WARNING - core.py:77 - ⚠️  No new tweets in loaded content
2025-03-18 22:59:07,865 - root - ⚠️ WARNING - core.py:82 - ⏳ Retry #1 for 2s
2025-03-18 22:59:10,802 - root - ⚠️ WARNING - core.py:77 - ⚠️  No new tweets in loaded content
2025-03-18 22:59:10,802 - root - ⚠️ WARNING - core.py:82 - ⏳ Retry #2 for 4s
2025-03-18 22:59:15,698 - root - ⚠️ WARNING - core.py:77 - ⚠️  No new tweets in loaded content
2025-03-18 22:59:15,698 - root - ⚠️ WARNING - core.py:82 - ⏳ Retry #3 for 8s
2025-03-18 22:59:24,910 - root - ⚠️ WARNING - core.py:77 - ⚠️  No new tweets in loaded content
2025-03-18 22:59:24,910 - root - ❌ ERROR - core.py:85 - 🔴 Max retries reached. Stopping.
2025-03-18 22:59:27,039 - root - ℹ️ INFO - core.py:93 - ✅ Final count: 819/1000 tweets
2025-03-18 22:59:27,039 - root - ⚠️ WARNING - core.py:97 - ⚠️  Ended before reaching target
2025-03-18 22:59:27,039 - root - ℹ️ INFO - main.py:21 - Scraping completed for @ALJADEEDNEWS
2025-03-18 22:59:27,040 - root - ℹ️ INFO - producer.py:29 - Final count: 819 tweets sent
