2025-03-16 01:59:58,323 - root - ℹ️ INFO - main.py:70 - Initializing pipeline
2025-03-16 01:59:58,323 - root - ℹ️ INFO - main.py:14 - Starting Twitter scraper for @ALJADEEDNEWS
2025-03-16 02:00:12,744 - root - ℹ️ INFO - core.py:25 - 🚀 Starting scrape for @ALJADEEDNEWS
2025-03-16 02:00:19,978 - root - ℹ️ INFO - core.py:75 - 📦 Collected 3 new tweets (Total: 3)
2025-03-16 02:00:21,326 - root - ℹ️ INFO - core.py:75 - 📦 Collected 3 new tweets (Total: 6)
2025-03-16 02:00:23,259 - root - ℹ️ INFO - core.py:75 - 📦 Collected 3 new tweets (Total: 9)
2025-03-16 02:00:25,455 - root - ℹ️ INFO - producer.py:22 - Sent batch of 10 tweets (Total: 10)
2025-03-16 02:00:25,462 - root - ℹ️ INFO - core.py:75 - 📦 Collected 4 new tweets (Total: 13)
2025-03-16 02:00:27,044 - root - ℹ️ INFO - core.py:75 - 📦 Collected 3 new tweets (Total: 16)
2025-03-16 02:00:30,089 - root - ℹ️ INFO - core.py:75 - 📦 Collected 3 new tweets (Total: 19)
2025-03-16 02:00:34,692 - root - ℹ️ INFO - producer.py:22 - Sent batch of 10 tweets (Total: 20)
2025-03-16 02:00:34,705 - root - ℹ️ INFO - core.py:75 - 📦 Collected 9 new tweets (Total: 28)
2025-03-16 02:00:37,645 - root - ℹ️ INFO - producer.py:22 - Sent batch of 10 tweets (Total: 30)
2025-03-16 02:00:37,647 - root - ℹ️ INFO - core.py:75 - 📦 Collected 3 new tweets (Total: 31)
2025-03-16 02:00:39,622 - root - ℹ️ INFO - core.py:75 - 📦 Collected 5 new tweets (Total: 36)
2025-03-16 02:00:41,720 - root - ℹ️ INFO - core.py:75 - 📦 Collected 3 new tweets (Total: 39)
2025-03-16 02:00:42,819 - root - ⚠️ WARNING - core.py:77 - ⚠️  No new tweets in loaded content
2025-03-16 02:00:42,820 - root - ⚠️ WARNING - core.py:82 - ⏳ Retry #1 for 2s
2025-03-16 02:00:48,444 - root - ℹ️ INFO - producer.py:22 - Sent batch of 10 tweets (Total: 40)
2025-03-16 02:00:48,458 - root - ℹ️ INFO - core.py:75 - 📦 Collected 8 new tweets (Total: 47)
2025-03-16 02:00:51,405 - root - ℹ️ INFO - producer.py:22 - Sent batch of 10 tweets (Total: 50)
2025-03-16 02:00:51,410 - root - ℹ️ INFO - core.py:75 - 📦 Collected 5 new tweets (Total: 52)
2025-03-16 02:00:54,453 - root - ℹ️ INFO - core.py:75 - 📦 Collected 6 new tweets (Total: 58)
2025-03-16 02:00:55,583 - root - ℹ️ INFO - core.py:75 - 📦 Collected 1 new tweets (Total: 59)
2025-03-16 02:00:58,883 - root - ℹ️ INFO - producer.py:22 - Sent batch of 10 tweets (Total: 60)
2025-03-16 02:00:58,897 - root - ℹ️ INFO - core.py:75 - 📦 Collected 6 new tweets (Total: 65)
2025-03-16 02:01:00,527 - root - ℹ️ INFO - core.py:75 - 📦 Collected 1 new tweets (Total: 66)
2025-03-16 02:01:03,469 - root - ℹ️ INFO - core.py:75 - 📦 Collected 3 new tweets (Total: 69)
2025-03-16 02:01:04,869 - root - ℹ️ INFO - producer.py:22 - Sent batch of 10 tweets (Total: 70)
2025-03-16 02:01:04,873 - root - ℹ️ INFO - core.py:75 - 📦 Collected 3 new tweets (Total: 72)
2025-03-16 02:01:06,733 - root - ℹ️ INFO - core.py:75 - 📦 Collected 5 new tweets (Total: 77)
2025-03-16 02:01:07,907 - root - ℹ️ INFO - core.py:75 - 📦 Collected 2 new tweets (Total: 79)
2025-03-16 02:01:09,926 - root - ℹ️ INFO - producer.py:22 - Sent batch of 10 tweets (Total: 80)
2025-03-16 02:01:09,945 - root - ℹ️ INFO - core.py:75 - 📦 Collected 7 new tweets (Total: 86)
2025-03-16 02:01:11,582 - root - ℹ️ INFO - core.py:75 - 📦 Collected 3 new tweets (Total: 89)
2025-03-16 02:01:14,001 - root - ℹ️ INFO - producer.py:22 - Sent batch of 10 tweets (Total: 90)
2025-03-16 02:01:14,010 - root - ℹ️ INFO - core.py:75 - 📦 Collected 4 new tweets (Total: 93)
2025-03-16 02:01:15,299 - root - ℹ️ INFO - core.py:75 - 📦 Collected 3 new tweets (Total: 96)
2025-03-16 02:01:18,085 - root - ℹ️ INFO - producer.py:22 - Sent batch of 10 tweets (Total: 100)
2025-03-16 02:01:18,094 - root - ℹ️ INFO - core.py:75 - 📦 Collected 10 new tweets (Total: 106)
2025-03-16 02:01:19,271 - root - ℹ️ INFO - core.py:75 - 📦 Collected 1 new tweets (Total: 107)
2025-03-16 02:01:21,614 - root - ℹ️ INFO - producer.py:22 - Sent batch of 10 tweets (Total: 110)
2025-03-16 02:01:21,622 - root - ℹ️ INFO - core.py:75 - 📦 Collected 6 new tweets (Total: 113)
2025-03-16 02:01:24,334 - root - ℹ️ INFO - core.py:75 - 📦 Collected 3 new tweets (Total: 116)
2025-03-16 02:01:26,228 - root - ℹ️ INFO - core.py:75 - 📦 Collected 2 new tweets (Total: 118)
2025-03-16 02:01:28,999 - root - ℹ️ INFO - producer.py:22 - Sent batch of 10 tweets (Total: 120)
2025-03-16 02:01:29,001 - root - ℹ️ INFO - core.py:75 - 📦 Collected 3 new tweets (Total: 121)
2025-03-16 02:01:31,796 - root - ℹ️ INFO - core.py:75 - 📦 Collected 5 new tweets (Total: 126)
2025-03-16 02:01:33,606 - root - ℹ️ INFO - core.py:75 - 📦 Collected 1 new tweets (Total: 127)
2025-03-16 02:01:36,318 - root - ℹ️ INFO - producer.py:22 - Sent batch of 10 tweets (Total: 130)
2025-03-16 02:01:36,325 - root - ℹ️ INFO - core.py:75 - 📦 Collected 6 new tweets (Total: 133)
2025-03-16 02:01:37,546 - root - ℹ️ INFO - core.py:75 - 📦 Collected 1 new tweets (Total: 134)
2025-03-16 02:01:40,011 - root - ℹ️ INFO - core.py:75 - 📦 Collected 3 new tweets (Total: 137)
2025-03-16 02:01:42,917 - root - ℹ️ INFO - producer.py:22 - Sent batch of 10 tweets (Total: 140)
2025-03-16 02:01:42,926 - root - ℹ️ INFO - core.py:75 - 📦 Collected 6 new tweets (Total: 143)
2025-03-16 02:01:43,974 - root - ⚠️ WARNING - core.py:77 - ⚠️  No new tweets in loaded content
2025-03-16 02:01:43,974 - root - ⚠️ WARNING - core.py:82 - ⏳ Retry #1 for 2s
2025-03-16 02:01:47,250 - root - ℹ️ INFO - core.py:75 - 📦 Collected 3 new tweets (Total: 146)
2025-03-16 02:01:49,631 - root - ℹ️ INFO - core.py:75 - 📦 Collected 3 new tweets (Total: 149)
2025-03-16 02:01:51,905 - root - ℹ️ INFO - producer.py:22 - Sent batch of 10 tweets (Total: 150)
2025-03-16 02:01:51,908 - root - ℹ️ INFO - core.py:75 - 📦 Collected 3 new tweets (Total: 152)
2025-03-16 02:01:53,761 - root - ℹ️ INFO - core.py:75 - 📦 Collected 4 new tweets (Total: 156)
2025-03-16 02:01:56,355 - root - ℹ️ INFO - producer.py:22 - Sent batch of 10 tweets (Total: 160)
2025-03-16 02:01:56,363 - root - ℹ️ INFO - core.py:75 - 📦 Collected 6 new tweets (Total: 162)
2025-03-16 02:01:57,862 - root - ⚠️ WARNING - core.py:77 - ⚠️  No new tweets in loaded content
2025-03-16 02:01:57,863 - root - ⚠️ WARNING - core.py:82 - ⏳ Retry #1 for 2s
2025-03-16 02:02:01,674 - root - ℹ️ INFO - core.py:75 - 📦 Collected 3 new tweets (Total: 165)
2025-03-16 02:02:04,622 - root - ℹ️ INFO - producer.py:22 - Sent batch of 10 tweets (Total: 170)
2025-03-16 02:02:04,622 - root - ℹ️ INFO - core.py:75 - 📦 Collected 5 new tweets (Total: 170)
2025-03-16 02:02:05,773 - root - ℹ️ INFO - core.py:75 - 📦 Collected 1 new tweets (Total: 171)
2025-03-16 02:02:07,185 - root - ℹ️ INFO - core.py:75 - 📦 Collected 2 new tweets (Total: 173)
2025-03-16 02:02:08,536 - root - ℹ️ INFO - core.py:75 - 📦 Collected 3 new tweets (Total: 176)
2025-03-16 02:02:11,172 - root - ℹ️ INFO - producer.py:22 - Sent batch of 10 tweets (Total: 180)
2025-03-16 02:02:11,177 - root - ℹ️ INFO - core.py:75 - 📦 Collected 8 new tweets (Total: 184)
2025-03-16 02:02:12,529 - root - ℹ️ INFO - core.py:75 - 📦 Collected 2 new tweets (Total: 186)
2025-03-16 02:02:15,281 - root - ℹ️ INFO - producer.py:22 - Sent batch of 10 tweets (Total: 190)
2025-03-16 02:02:15,283 - root - ℹ️ INFO - core.py:75 - 📦 Collected 5 new tweets (Total: 191)
2025-03-16 02:02:18,344 - root - ℹ️ INFO - core.py:75 - 📦 Collected 4 new tweets (Total: 195)
2025-03-16 02:02:19,362 - root - ⚠️ WARNING - core.py:77 - ⚠️  No new tweets in loaded content
2025-03-16 02:02:19,363 - root - ⚠️ WARNING - core.py:82 - ⏳ Retry #1 for 2s
2025-03-16 02:02:24,562 - root - ℹ️ INFO - producer.py:22 - Sent batch of 10 tweets (Total: 200)
2025-03-16 02:02:24,562 - root - ℹ️ INFO - core.py:75 - 📦 Collected 5 new tweets (Total: 200)
2025-03-16 02:02:26,072 - root - ℹ️ INFO - core.py:75 - 📦 Collected 2 new tweets (Total: 202)
2025-03-16 02:02:27,881 - root - ℹ️ INFO - core.py:75 - 📦 Collected 3 new tweets (Total: 205)
2025-03-16 02:02:29,493 - root - ℹ️ INFO - core.py:75 - 📦 Collected 4 new tweets (Total: 209)
2025-03-16 02:02:31,286 - root - ℹ️ INFO - producer.py:22 - Sent batch of 10 tweets (Total: 210)
2025-03-16 02:02:31,289 - root - ℹ️ INFO - core.py:75 - 📦 Collected 2 new tweets (Total: 211)
2025-03-16 02:02:32,286 - root - ℹ️ INFO - core.py:75 - 📦 Collected 4 new tweets (Total: 215)
2025-03-16 02:02:34,490 - root - ℹ️ INFO - producer.py:22 - Sent batch of 10 tweets (Total: 220)
2025-03-16 02:02:34,491 - root - ℹ️ INFO - core.py:75 - 📦 Collected 5 new tweets (Total: 220)
2025-03-16 02:02:35,705 - root - ℹ️ INFO - core.py:75 - 📦 Collected 2 new tweets (Total: 222)
2025-03-16 02:02:37,430 - root - ℹ️ INFO - core.py:75 - 📦 Collected 4 new tweets (Total: 226)
2025-03-16 02:02:39,627 - root - ℹ️ INFO - core.py:75 - 📦 Collected 3 new tweets (Total: 229)
2025-03-16 02:02:41,489 - root - ℹ️ INFO - producer.py:22 - Sent batch of 10 tweets (Total: 230)
2025-03-16 02:02:41,498 - root - ℹ️ INFO - core.py:75 - 📦 Collected 4 new tweets (Total: 233)
2025-03-16 02:02:43,602 - root - ℹ️ INFO - core.py:75 - 📦 Collected 2 new tweets (Total: 235)
2025-03-16 02:02:45,109 - root - ℹ️ INFO - core.py:75 - 📦 Collected 4 new tweets (Total: 239)
2025-03-16 02:02:46,614 - root - ℹ️ INFO - producer.py:22 - Sent batch of 10 tweets (Total: 240)
2025-03-16 02:02:46,620 - root - ℹ️ INFO - core.py:75 - 📦 Collected 5 new tweets (Total: 244)
2025-03-16 02:02:48,212 - root - ℹ️ INFO - core.py:75 - 📦 Collected 5 new tweets (Total: 249)
2025-03-16 02:02:49,858 - root - ℹ️ INFO - producer.py:22 - Sent batch of 10 tweets (Total: 250)
2025-03-16 02:02:49,869 - root - ℹ️ INFO - core.py:75 - 📦 Collected 6 new tweets (Total: 255)
2025-03-16 02:02:52,099 - root - ℹ️ INFO - producer.py:22 - Sent batch of 10 tweets (Total: 260)
2025-03-16 02:02:52,100 - root - ℹ️ INFO - core.py:75 - 📦 Collected 5 new tweets (Total: 260)
2025-03-16 02:02:54,347 - root - ℹ️ INFO - core.py:75 - 📦 Collected 3 new tweets (Total: 263)
2025-03-16 02:02:56,029 - root - ℹ️ INFO - core.py:75 - 📦 Collected 4 new tweets (Total: 267)
2025-03-16 02:02:58,519 - root - ℹ️ INFO - producer.py:22 - Sent batch of 10 tweets (Total: 270)
2025-03-16 02:02:58,525 - root - ℹ️ INFO - core.py:75 - 📦 Collected 5 new tweets (Total: 272)
2025-03-16 02:03:00,473 - root - ℹ️ INFO - core.py:75 - 📦 Collected 3 new tweets (Total: 275)
2025-03-16 02:03:02,523 - root - ℹ️ INFO - producer.py:22 - Sent batch of 10 tweets (Total: 280)
2025-03-16 02:03:02,524 - root - ℹ️ INFO - core.py:75 - 📦 Collected 5 new tweets (Total: 280)
2025-03-16 02:03:04,291 - root - ℹ️ INFO - core.py:75 - 📦 Collected 4 new tweets (Total: 284)
2025-03-16 02:03:07,557 - root - ℹ️ INFO - producer.py:22 - Sent batch of 10 tweets (Total: 290)
2025-03-16 02:03:07,564 - root - ℹ️ INFO - core.py:75 - 📦 Collected 7 new tweets (Total: 291)
2025-03-16 02:03:09,520 - root - ℹ️ INFO - core.py:75 - 📦 Collected 6 new tweets (Total: 297)
2025-03-16 02:03:12,570 - root - ℹ️ INFO - producer.py:22 - Sent batch of 10 tweets (Total: 300)
2025-03-16 02:03:12,573 - root - ℹ️ INFO - core.py:75 - 📦 Collected 5 new tweets (Total: 302)
2025-03-16 02:03:13,808 - root - ℹ️ INFO - core.py:75 - 📦 Collected 4 new tweets (Total: 306)
2025-03-16 02:03:15,920 - root - ℹ️ INFO - producer.py:22 - Sent batch of 10 tweets (Total: 310)
2025-03-16 02:03:15,920 - root - ℹ️ INFO - core.py:75 - 📦 Collected 4 new tweets (Total: 310)
2025-03-16 02:03:19,241 - root - ℹ️ INFO - core.py:75 - 📦 Collected 5 new tweets (Total: 315)
2025-03-16 02:03:20,542 - root - ℹ️ INFO - core.py:75 - 📦 Collected 2 new tweets (Total: 317)
2025-03-16 02:03:22,745 - root - ℹ️ INFO - producer.py:22 - Sent batch of 10 tweets (Total: 320)
2025-03-16 02:03:22,751 - root - ℹ️ INFO - core.py:75 - 📦 Collected 5 new tweets (Total: 322)
2025-03-16 02:03:24,828 - root - ℹ️ INFO - core.py:75 - 📦 Collected 4 new tweets (Total: 326)
2025-03-16 02:03:26,785 - root - ℹ️ INFO - core.py:75 - 📦 Collected 2 new tweets (Total: 328)
2025-03-16 02:03:29,881 - root - ℹ️ INFO - producer.py:22 - Sent batch of 10 tweets (Total: 330)
2025-03-16 02:03:29,887 - root - ℹ️ INFO - core.py:75 - 📦 Collected 5 new tweets (Total: 333)
2025-03-16 02:03:32,314 - root - ℹ️ INFO - core.py:75 - 📦 Collected 4 new tweets (Total: 337)
2025-03-16 02:03:33,774 - root - ℹ️ INFO - producer.py:22 - Sent batch of 10 tweets (Total: 340)
2025-03-16 02:03:33,774 - root - ℹ️ INFO - core.py:75 - 📦 Collected 3 new tweets (Total: 340)
2025-03-16 02:03:35,534 - root - ℹ️ INFO - core.py:75 - 📦 Collected 4 new tweets (Total: 344)
2025-03-16 02:03:37,013 - root - ℹ️ INFO - core.py:75 - 📦 Collected 3 new tweets (Total: 347)
2025-03-16 02:03:38,945 - root - ℹ️ INFO - producer.py:22 - Sent batch of 10 tweets (Total: 350)
2025-03-16 02:03:38,949 - root - ℹ️ INFO - core.py:75 - 📦 Collected 6 new tweets (Total: 353)
2025-03-16 02:03:40,396 - root - ℹ️ INFO - core.py:75 - 📦 Collected 3 new tweets (Total: 356)
2025-03-16 02:03:42,390 - root - ℹ️ INFO - producer.py:22 - Sent batch of 10 tweets (Total: 360)
2025-03-16 02:03:42,397 - root - ℹ️ INFO - core.py:75 - 📦 Collected 6 new tweets (Total: 362)
2025-03-16 02:03:44,550 - root - ℹ️ INFO - core.py:75 - 📦 Collected 3 new tweets (Total: 365)
2025-03-16 02:03:45,684 - root - ℹ️ INFO - core.py:75 - 📦 Collected 2 new tweets (Total: 367)
2025-03-16 02:03:47,640 - root - ℹ️ INFO - producer.py:22 - Sent batch of 10 tweets (Total: 370)
2025-03-16 02:03:47,643 - root - ℹ️ INFO - core.py:75 - 📦 Collected 4 new tweets (Total: 371)
2025-03-16 02:03:49,383 - root - ℹ️ INFO - core.py:75 - 📦 Collected 4 new tweets (Total: 375)
2025-03-16 02:03:51,069 - root - ℹ️ INFO - core.py:75 - 📦 Collected 3 new tweets (Total: 378)
2025-03-16 02:03:53,108 - root - ℹ️ INFO - producer.py:22 - Sent batch of 10 tweets (Total: 380)
2025-03-16 02:03:53,111 - root - ℹ️ INFO - core.py:75 - 📦 Collected 4 new tweets (Total: 382)
2025-03-16 02:03:55,107 - root - ℹ️ INFO - core.py:75 - 📦 Collected 1 new tweets (Total: 383)
2025-03-16 02:03:56,408 - root - ℹ️ INFO - core.py:75 - 📦 Collected 3 new tweets (Total: 386)
2025-03-16 02:03:58,683 - root - ℹ️ INFO - producer.py:22 - Sent batch of 10 tweets (Total: 390)
2025-03-16 02:03:58,686 - root - ℹ️ INFO - core.py:75 - 📦 Collected 5 new tweets (Total: 391)
2025-03-16 02:04:00,147 - root - ℹ️ INFO - core.py:75 - 📦 Collected 3 new tweets (Total: 394)
2025-03-16 02:04:01,661 - root - ℹ️ INFO - core.py:75 - 📦 Collected 3 new tweets (Total: 397)
2025-03-16 02:04:03,465 - root - ℹ️ INFO - core.py:75 - 📦 Collected 2 new tweets (Total: 399)
2025-03-16 02:04:05,282 - root - ℹ️ INFO - producer.py:22 - Sent batch of 10 tweets (Total: 400)
2025-03-16 02:04:05,284 - root - ℹ️ INFO - core.py:75 - 📦 Collected 3 new tweets (Total: 402)
2025-03-16 02:04:07,687 - root - ℹ️ INFO - core.py:75 - 📦 Collected 3 new tweets (Total: 405)
2025-03-16 02:04:09,622 - root - ℹ️ INFO - core.py:75 - 📦 Collected 3 new tweets (Total: 408)
2025-03-16 02:04:11,194 - root - ℹ️ INFO - producer.py:22 - Sent batch of 10 tweets (Total: 410)
2025-03-16 02:04:11,197 - root - ℹ️ INFO - core.py:75 - 📦 Collected 3 new tweets (Total: 411)
2025-03-16 02:04:13,490 - root - ℹ️ INFO - core.py:75 - 📦 Collected 4 new tweets (Total: 415)
2025-03-16 02:04:15,256 - root - ℹ️ INFO - core.py:75 - 📦 Collected 4 new tweets (Total: 419)
2025-03-16 02:04:17,487 - root - ℹ️ INFO - producer.py:22 - Sent batch of 10 tweets (Total: 420)
2025-03-16 02:04:17,498 - root - ℹ️ INFO - core.py:75 - 📦 Collected 6 new tweets (Total: 425)
2025-03-16 02:04:20,207 - root - ℹ️ INFO - producer.py:22 - Sent batch of 10 tweets (Total: 430)
2025-03-16 02:04:20,216 - root - ℹ️ INFO - core.py:75 - 📦 Collected 8 new tweets (Total: 433)
2025-03-16 02:04:22,050 - root - ℹ️ INFO - core.py:75 - 📦 Collected 2 new tweets (Total: 435)
2025-03-16 02:04:23,337 - root - ℹ️ INFO - producer.py:22 - Sent batch of 10 tweets (Total: 440)
2025-03-16 02:04:23,338 - root - ℹ️ INFO - core.py:75 - 📦 Collected 5 new tweets (Total: 440)
2025-03-16 02:04:25,110 - root - ℹ️ INFO - core.py:75 - 📦 Collected 4 new tweets (Total: 444)
2025-03-16 02:04:27,811 - root - ℹ️ INFO - producer.py:22 - Sent batch of 10 tweets (Total: 450)
2025-03-16 02:04:27,814 - root - ℹ️ INFO - core.py:75 - 📦 Collected 7 new tweets (Total: 451)
2025-03-16 02:04:29,604 - root - ℹ️ INFO - core.py:75 - 📦 Collected 2 new tweets (Total: 453)
2025-03-16 02:04:31,710 - root - ℹ️ INFO - core.py:75 - 📦 Collected 3 new tweets (Total: 456)
2025-03-16 02:04:33,344 - root - ℹ️ INFO - producer.py:22 - Sent batch of 10 tweets (Total: 460)
2025-03-16 02:04:33,348 - root - ℹ️ INFO - core.py:75 - 📦 Collected 6 new tweets (Total: 462)
2025-03-16 02:04:35,444 - root - ℹ️ INFO - core.py:75 - 📦 Collected 4 new tweets (Total: 466)
2025-03-16 02:04:37,138 - root - ℹ️ INFO - core.py:75 - 📦 Collected 2 new tweets (Total: 468)
2025-03-16 02:04:40,771 - root - ℹ️ INFO - producer.py:22 - Sent batch of 10 tweets (Total: 470)
2025-03-16 02:04:40,781 - root - ℹ️ INFO - core.py:75 - 📦 Collected 7 new tweets (Total: 475)
2025-03-16 02:04:42,299 - root - ℹ️ INFO - core.py:75 - 📦 Collected 1 new tweets (Total: 476)
2025-03-16 02:04:44,014 - root - ℹ️ INFO - core.py:75 - 📦 Collected 3 new tweets (Total: 479)
2025-03-16 02:04:46,245 - root - ℹ️ INFO - producer.py:22 - Sent batch of 10 tweets (Total: 480)
2025-03-16 02:04:46,248 - root - ℹ️ INFO - core.py:75 - 📦 Collected 3 new tweets (Total: 482)
2025-03-16 02:04:48,732 - root - ℹ️ INFO - core.py:75 - 📦 Collected 4 new tweets (Total: 486)
2025-03-16 02:04:50,320 - root - ℹ️ INFO - core.py:75 - 📦 Collected 1 new tweets (Total: 487)
2025-03-16 02:04:52,273 - root - ℹ️ INFO - producer.py:22 - Sent batch of 10 tweets (Total: 490)
2025-03-16 02:04:52,273 - root - ℹ️ INFO - core.py:75 - 📦 Collected 3 new tweets (Total: 490)
2025-03-16 02:04:54,080 - root - ℹ️ INFO - core.py:75 - 📦 Collected 2 new tweets (Total: 492)
2025-03-16 02:04:55,695 - root - ℹ️ INFO - core.py:75 - 📦 Collected 4 new tweets (Total: 496)
2025-03-16 02:04:57,468 - root - ℹ️ INFO - core.py:75 - 📦 Collected 3 new tweets (Total: 499)
2025-03-16 02:05:00,983 - root - ℹ️ INFO - producer.py:22 - Sent batch of 10 tweets (Total: 500)
2025-03-16 02:05:00,989 - root - ℹ️ INFO - core.py:75 - 📦 Collected 4 new tweets (Total: 503)
2025-03-16 02:05:02,918 - root - ℹ️ INFO - core.py:75 - 📦 Collected 3 new tweets (Total: 506)
2025-03-16 02:05:04,685 - root - ℹ️ INFO - core.py:75 - 📦 Collected 2 new tweets (Total: 508)
2025-03-16 02:05:06,649 - root - ℹ️ INFO - producer.py:22 - Sent batch of 10 tweets (Total: 510)
2025-03-16 02:05:06,652 - root - ℹ️ INFO - core.py:75 - 📦 Collected 3 new tweets (Total: 511)
2025-03-16 02:05:09,173 - root - ℹ️ INFO - core.py:75 - 📦 Collected 4 new tweets (Total: 515)
2025-03-16 02:05:12,054 - root - ℹ️ INFO - producer.py:22 - Sent batch of 10 tweets (Total: 520)
2025-03-16 02:05:12,056 - root - ℹ️ INFO - core.py:75 - 📦 Collected 5 new tweets (Total: 520)
2025-03-16 02:05:13,175 - root - ℹ️ INFO - core.py:75 - 📦 Collected 1 new tweets (Total: 521)
2025-03-16 02:05:15,960 - root - ℹ️ INFO - core.py:75 - 📦 Collected 4 new tweets (Total: 525)
2025-03-16 02:05:17,770 - root - ℹ️ INFO - producer.py:22 - Sent batch of 10 tweets (Total: 530)
2025-03-16 02:05:17,776 - root - ℹ️ INFO - core.py:75 - 📦 Collected 7 new tweets (Total: 532)
2025-03-16 02:05:19,111 - root - ⚠️ WARNING - core.py:77 - ⚠️  No new tweets in loaded content
2025-03-16 02:05:19,111 - root - ⚠️ WARNING - core.py:82 - ⏳ Retry #1 for 2s
2025-03-16 02:05:22,389 - root - ℹ️ INFO - core.py:75 - 📦 Collected 4 new tweets (Total: 536)
2025-03-16 02:05:23,415 - root - ⚠️ WARNING - core.py:77 - ⚠️  No new tweets in loaded content
2025-03-16 02:05:23,416 - root - ⚠️ WARNING - core.py:82 - ⏳ Retry #1 for 2s
2025-03-16 02:05:26,367 - root - ℹ️ INFO - producer.py:22 - Sent batch of 10 tweets (Total: 540)
2025-03-16 02:05:26,372 - root - ℹ️ INFO - core.py:75 - 📦 Collected 6 new tweets (Total: 542)
2025-03-16 02:05:28,060 - root - ℹ️ INFO - core.py:75 - 📦 Collected 5 new tweets (Total: 547)
2025-03-16 02:05:30,321 - root - ℹ️ INFO - producer.py:22 - Sent batch of 10 tweets (Total: 550)
2025-03-16 02:05:30,324 - root - ℹ️ INFO - core.py:75 - 📦 Collected 4 new tweets (Total: 551)
2025-03-16 02:05:31,804 - root - ℹ️ INFO - core.py:75 - 📦 Collected 5 new tweets (Total: 556)
2025-03-16 02:05:34,251 - root - ℹ️ INFO - producer.py:22 - Sent batch of 10 tweets (Total: 560)
2025-03-16 02:05:34,252 - root - ℹ️ INFO - core.py:75 - 📦 Collected 4 new tweets (Total: 560)
2025-03-16 02:05:35,995 - root - ℹ️ INFO - core.py:75 - 📦 Collected 4 new tweets (Total: 564)
2025-03-16 02:05:37,757 - root - ℹ️ INFO - core.py:75 - 📦 Collected 5 new tweets (Total: 569)
2025-03-16 02:05:39,289 - root - ℹ️ INFO - producer.py:22 - Sent batch of 10 tweets (Total: 570)
2025-03-16 02:05:39,293 - root - ℹ️ INFO - core.py:75 - 📦 Collected 3 new tweets (Total: 572)
2025-03-16 02:05:41,150 - root - ℹ️ INFO - core.py:75 - 📦 Collected 3 new tweets (Total: 575)
2025-03-16 02:05:43,253 - root - ℹ️ INFO - producer.py:22 - Sent batch of 10 tweets (Total: 580)
2025-03-16 02:05:43,257 - root - ℹ️ INFO - core.py:75 - 📦 Collected 6 new tweets (Total: 581)
2025-03-16 02:05:44,731 - root - ℹ️ INFO - core.py:75 - 📦 Collected 3 new tweets (Total: 584)
2025-03-16 02:05:46,648 - root - ℹ️ INFO - core.py:75 - 📦 Collected 5 new tweets (Total: 589)
2025-03-16 02:05:48,529 - root - ℹ️ INFO - producer.py:22 - Sent batch of 10 tweets (Total: 590)
2025-03-16 02:05:48,537 - root - ℹ️ INFO - core.py:75 - 📦 Collected 4 new tweets (Total: 593)
2025-03-16 02:05:50,272 - root - ℹ️ INFO - core.py:75 - 📦 Collected 2 new tweets (Total: 595)
2025-03-16 02:05:52,732 - root - ℹ️ INFO - core.py:75 - 📦 Collected 4 new tweets (Total: 599)
2025-03-16 02:05:55,500 - root - ℹ️ INFO - producer.py:22 - Sent batch of 10 tweets (Total: 600)
2025-03-16 02:05:55,510 - root - ℹ️ INFO - core.py:75 - 📦 Collected 4 new tweets (Total: 603)
2025-03-16 02:05:58,908 - root - ℹ️ INFO - producer.py:22 - Sent batch of 10 tweets (Total: 610)
2025-03-16 02:05:58,912 - root - ℹ️ INFO - core.py:75 - 📦 Collected 8 new tweets (Total: 611)
2025-03-16 02:06:00,509 - root - ℹ️ INFO - core.py:75 - 📦 Collected 1 new tweets (Total: 612)
2025-03-16 02:06:01,857 - root - ℹ️ INFO - core.py:75 - 📦 Collected 1 new tweets (Total: 613)
2025-03-16 02:06:04,723 - root - ℹ️ INFO - producer.py:22 - Sent batch of 10 tweets (Total: 620)
2025-03-16 02:06:04,730 - root - ℹ️ INFO - core.py:75 - 📦 Collected 9 new tweets (Total: 622)
2025-03-16 02:06:06,550 - root - ℹ️ INFO - core.py:75 - 📦 Collected 3 new tweets (Total: 625)
2025-03-16 02:06:08,692 - root - ℹ️ INFO - core.py:75 - 📦 Collected 4 new tweets (Total: 629)
2025-03-16 02:06:11,837 - root - ℹ️ INFO - producer.py:22 - Sent batch of 10 tweets (Total: 630)
2025-03-16 02:06:11,853 - root - ℹ️ INFO - core.py:75 - 📦 Collected 10 new tweets (Total: 639)
2025-03-16 02:06:12,997 - root - ⚠️ WARNING - core.py:77 - ⚠️  No new tweets in loaded content
2025-03-16 02:06:12,997 - root - ⚠️ WARNING - core.py:82 - ⏳ Retry #1 for 2s
2025-03-16 02:06:16,241 - root - ℹ️ INFO - producer.py:22 - Sent batch of 10 tweets (Total: 640)
2025-03-16 02:06:16,250 - root - ℹ️ INFO - core.py:75 - 📦 Collected 4 new tweets (Total: 643)
2025-03-16 02:06:18,501 - root - ℹ️ INFO - core.py:75 - 📦 Collected 2 new tweets (Total: 645)
2025-03-16 02:06:20,377 - root - ℹ️ INFO - core.py:75 - 📦 Collected 2 new tweets (Total: 647)
2025-03-16 02:06:23,033 - root - ℹ️ INFO - producer.py:22 - Sent batch of 10 tweets (Total: 650)
2025-03-16 02:06:23,035 - root - ℹ️ INFO - core.py:75 - 📦 Collected 4 new tweets (Total: 651)
2025-03-16 02:06:24,310 - root - ℹ️ INFO - core.py:75 - 📦 Collected 3 new tweets (Total: 654)
2025-03-16 02:06:25,963 - root - ℹ️ INFO - core.py:75 - 📦 Collected 2 new tweets (Total: 656)
2025-03-16 02:06:27,806 - root - ℹ️ INFO - core.py:75 - 📦 Collected 3 new tweets (Total: 659)
2025-03-16 02:06:29,488 - root - ℹ️ INFO - producer.py:22 - Sent batch of 10 tweets (Total: 660)
2025-03-16 02:06:29,494 - root - ℹ️ INFO - core.py:75 - 📦 Collected 3 new tweets (Total: 662)
2025-03-16 02:06:31,896 - root - ℹ️ INFO - core.py:75 - 📦 Collected 5 new tweets (Total: 667)
2025-03-16 02:06:32,944 - root - ⚠️ WARNING - core.py:77 - ⚠️  No new tweets in loaded content
2025-03-16 02:06:32,944 - root - ⚠️ WARNING - core.py:82 - ⏳ Retry #1 for 2s
2025-03-16 02:06:37,219 - root - ℹ️ INFO - producer.py:22 - Sent batch of 10 tweets (Total: 670)
2025-03-16 02:06:37,226 - root - ℹ️ INFO - core.py:75 - 📦 Collected 7 new tweets (Total: 674)
2025-03-16 02:06:38,823 - root - ℹ️ INFO - core.py:75 - 📦 Collected 2 new tweets (Total: 676)
2025-03-16 02:06:40,891 - root - ℹ️ INFO - producer.py:22 - Sent batch of 10 tweets (Total: 680)
2025-03-16 02:06:40,891 - root - ℹ️ INFO - core.py:75 - 📦 Collected 4 new tweets (Total: 680)
2025-03-16 02:06:42,717 - root - ℹ️ INFO - core.py:75 - 📦 Collected 4 new tweets (Total: 684)
2025-03-16 02:06:44,000 - root - ℹ️ INFO - core.py:75 - 📦 Collected 2 new tweets (Total: 686)
2025-03-16 02:06:46,454 - root - ℹ️ INFO - producer.py:22 - Sent batch of 10 tweets (Total: 690)
2025-03-16 02:06:46,456 - root - ℹ️ INFO - core.py:75 - 📦 Collected 5 new tweets (Total: 691)
2025-03-16 02:06:48,259 - root - ℹ️ INFO - core.py:75 - 📦 Collected 2 new tweets (Total: 693)
2025-03-16 02:06:50,539 - root - ℹ️ INFO - core.py:75 - 📦 Collected 2 new tweets (Total: 695)
2025-03-16 02:06:51,790 - root - ℹ️ INFO - core.py:75 - 📦 Collected 2 new tweets (Total: 697)
2025-03-16 02:06:53,662 - root - ℹ️ INFO - producer.py:22 - Sent batch of 10 tweets (Total: 700)
2025-03-16 02:06:53,663 - root - ℹ️ INFO - core.py:75 - 📦 Collected 3 new tweets (Total: 700)
2025-03-16 02:06:55,056 - root - ℹ️ INFO - core.py:75 - 📦 Collected 2 new tweets (Total: 702)
2025-03-16 02:06:57,222 - root - ℹ️ INFO - core.py:75 - 📦 Collected 7 new tweets (Total: 709)
2025-03-16 02:06:58,617 - root - ℹ️ INFO - producer.py:22 - Sent batch of 10 tweets (Total: 710)
2025-03-16 02:06:58,625 - root - ℹ️ INFO - core.py:75 - 📦 Collected 4 new tweets (Total: 713)
2025-03-16 02:06:59,994 - root - ℹ️ INFO - core.py:75 - 📦 Collected 3 new tweets (Total: 716)
2025-03-16 02:07:02,331 - root - ℹ️ INFO - producer.py:22 - Sent batch of 10 tweets (Total: 720)
2025-03-16 02:07:02,334 - root - ℹ️ INFO - core.py:75 - 📦 Collected 5 new tweets (Total: 721)
2025-03-16 02:07:04,685 - root - ℹ️ INFO - core.py:75 - 📦 Collected 7 new tweets (Total: 728)
2025-03-16 02:07:06,335 - root - ℹ️ INFO - producer.py:22 - Sent batch of 10 tweets (Total: 730)
2025-03-16 02:07:06,338 - root - ℹ️ INFO - core.py:75 - 📦 Collected 3 new tweets (Total: 731)
2025-03-16 02:07:08,365 - root - ℹ️ INFO - core.py:75 - 📦 Collected 3 new tweets (Total: 734)
2025-03-16 02:07:10,992 - root - ℹ️ INFO - producer.py:22 - Sent batch of 10 tweets (Total: 740)
2025-03-16 02:07:10,993 - root - ℹ️ INFO - core.py:75 - 📦 Collected 6 new tweets (Total: 740)
2025-03-16 02:07:14,025 - root - ℹ️ INFO - core.py:75 - 📦 Collected 5 new tweets (Total: 745)
2025-03-16 02:07:16,721 - root - ℹ️ INFO - core.py:75 - 📦 Collected 3 new tweets (Total: 748)
2025-03-16 02:07:18,256 - root - ℹ️ INFO - producer.py:22 - Sent batch of 10 tweets (Total: 750)
2025-03-16 02:07:18,262 - root - ℹ️ INFO - core.py:75 - 📦 Collected 5 new tweets (Total: 753)
2025-03-16 02:07:20,207 - root - ℹ️ INFO - core.py:75 - 📦 Collected 6 new tweets (Total: 759)
2025-03-16 02:07:23,075 - root - ℹ️ INFO - producer.py:22 - Sent batch of 10 tweets (Total: 760)
2025-03-16 02:07:23,103 - root - ℹ️ INFO - core.py:75 - 📦 Collected 10 new tweets (Total: 769)
2025-03-16 02:07:24,705 - root - ℹ️ INFO - producer.py:22 - Sent batch of 10 tweets (Total: 770)
2025-03-16 02:07:24,709 - root - ℹ️ INFO - core.py:75 - 📦 Collected 4 new tweets (Total: 773)
2025-03-16 02:07:27,319 - root - ℹ️ INFO - core.py:75 - 📦 Collected 3 new tweets (Total: 776)
2025-03-16 02:07:29,060 - root - ℹ️ INFO - core.py:75 - 📦 Collected 3 new tweets (Total: 779)
2025-03-16 02:07:31,839 - root - ℹ️ INFO - producer.py:22 - Sent batch of 10 tweets (Total: 780)
2025-03-16 02:07:31,849 - root - ℹ️ INFO - core.py:75 - 📦 Collected 6 new tweets (Total: 785)
2025-03-16 02:07:33,337 - root - ℹ️ INFO - core.py:75 - 📦 Collected 2 new tweets (Total: 787)
2025-03-16 02:07:34,979 - root - ℹ️ INFO - producer.py:22 - Sent batch of 10 tweets (Total: 790)
2025-03-16 02:07:34,979 - root - ℹ️ INFO - core.py:75 - 📦 Collected 3 new tweets (Total: 790)
2025-03-16 02:07:36,632 - root - ℹ️ INFO - core.py:75 - 📦 Collected 3 new tweets (Total: 793)
2025-03-16 02:07:39,100 - root - ℹ️ INFO - core.py:75 - 📦 Collected 6 new tweets (Total: 799)
2025-03-16 02:07:40,713 - root - ℹ️ INFO - producer.py:22 - Sent batch of 10 tweets (Total: 800)
2025-03-16 02:07:40,713 - root - ℹ️ INFO - core.py:75 - 📦 Collected 1 new tweets (Total: 800)
2025-03-16 02:07:41,647 - root - ℹ️ INFO - core.py:75 - 📦 Collected 2 new tweets (Total: 802)
2025-03-16 02:07:43,461 - root - ℹ️ INFO - core.py:75 - 📦 Collected 5 new tweets (Total: 807)
2025-03-16 02:07:44,888 - root - ℹ️ INFO - core.py:75 - 📦 Collected 2 new tweets (Total: 809)
2025-03-16 02:07:46,080 - root - ⚠️ WARNING - core.py:77 - ⚠️  No new tweets in loaded content
2025-03-16 02:07:46,080 - root - ⚠️ WARNING - core.py:82 - ⏳ Retry #1 for 2s
2025-03-16 02:07:48,957 - root - ⚠️ WARNING - core.py:77 - ⚠️  No new tweets in loaded content
2025-03-16 02:07:48,957 - root - ⚠️ WARNING - core.py:82 - ⏳ Retry #2 for 4s
2025-03-16 02:07:53,798 - root - ⚠️ WARNING - core.py:77 - ⚠️  No new tweets in loaded content
2025-03-16 02:07:53,798 - root - ⚠️ WARNING - core.py:82 - ⏳ Retry #3 for 8s
2025-03-16 02:08:02,665 - root - ⚠️ WARNING - core.py:77 - ⚠️  No new tweets in loaded content
2025-03-16 02:08:02,665 - root - ❌ ERROR - core.py:85 - 🔴 Max retries reached. Stopping.
2025-03-16 02:08:04,784 - root - ℹ️ INFO - core.py:93 - ✅ Final count: 809/1000 tweets
2025-03-16 02:08:04,784 - root - ⚠️ WARNING - core.py:97 - ⚠️  Ended before reaching target
2025-03-16 02:08:04,784 - root - ℹ️ INFO - main.py:22 - Scraping completed for @ALJADEEDNEWS
2025-03-16 02:08:04,787 - root - ℹ️ INFO - producer.py:29 - Final count: 809 tweets sent
2025-03-16 02:08:04,788 - root - ℹ️ INFO - main.py:92 - Pipeline run completed
