2025-03-16 16:10:17,527 - root - ℹ️ INFO - main.py:70 - Initializing pipeline
2025-03-16 16:10:17,528 - root - ℹ️ INFO - main.py:14 - Starting Twitter scraper for @ALJADEEDNEWS
2025-03-16 16:10:24,676 - root - ℹ️ INFO - core.py:25 - 🚀 Starting scrape for @ALJADEEDNEWS
2025-03-16 16:10:32,914 - root - ℹ️ INFO - core.py:75 - 📦 Collected 5 new tweets (Total: 5)
2025-03-16 16:10:34,029 - root - ℹ️ INFO - core.py:75 - 📦 Collected 3 new tweets (Total: 8)
2025-03-16 16:10:35,217 - root - ℹ️ INFO - producer.py:22 - Sent batch of 10 tweets (Total: 10)
2025-03-16 16:10:35,220 - root - ℹ️ INFO - core.py:75 - 📦 Collected 3 new tweets (Total: 11)
2025-03-16 16:10:36,773 - root - ℹ️ INFO - core.py:75 - 📦 Collected 4 new tweets (Total: 15)
2025-03-16 16:10:38,060 - root - ⚠️ WARNING - core.py:77 - ⚠️  No new tweets in loaded content
2025-03-16 16:10:38,061 - root - ⚠️ WARNING - core.py:82 - ⏳ Retry #1 for 2s
2025-03-16 16:10:43,161 - root - ℹ️ INFO - producer.py:22 - Sent batch of 10 tweets (Total: 20)
2025-03-16 16:10:43,173 - root - ℹ️ INFO - core.py:75 - 📦 Collected 10 new tweets (Total: 25)
2025-03-16 16:10:44,306 - root - ⚠️ WARNING - core.py:77 - ⚠️  No new tweets in loaded content
2025-03-16 16:10:44,306 - root - ⚠️ WARNING - core.py:82 - ⏳ Retry #1 for 2s
2025-03-16 16:10:48,448 - root - ℹ️ INFO - producer.py:22 - Sent batch of 10 tweets (Total: 30)
2025-03-16 16:10:48,458 - root - ℹ️ INFO - core.py:75 - 📦 Collected 8 new tweets (Total: 33)
2025-03-16 16:10:49,596 - root - ⚠️ WARNING - core.py:77 - ⚠️  No new tweets in loaded content
2025-03-16 16:10:49,596 - root - ⚠️ WARNING - core.py:82 - ⏳ Retry #1 for 2s
2025-03-16 16:10:52,857 - root - ℹ️ INFO - core.py:75 - 📦 Collected 5 new tweets (Total: 38)
2025-03-16 16:10:55,082 - root - ℹ️ INFO - producer.py:22 - Sent batch of 10 tweets (Total: 40)
2025-03-16 16:10:55,102 - root - ℹ️ INFO - core.py:75 - 📦 Collected 9 new tweets (Total: 47)
2025-03-16 16:10:56,886 - root - ℹ️ INFO - producer.py:22 - Sent batch of 10 tweets (Total: 50)
2025-03-16 16:10:56,887 - root - ℹ️ INFO - core.py:75 - 📦 Collected 3 new tweets (Total: 50)
2025-03-16 16:10:58,346 - root - ℹ️ INFO - core.py:75 - 📦 Collected 2 new tweets (Total: 52)
2025-03-16 16:11:00,810 - root - ℹ️ INFO - core.py:75 - 📦 Collected 2 new tweets (Total: 54)
2025-03-16 16:11:02,332 - root - ℹ️ INFO - core.py:75 - 📦 Collected 4 new tweets (Total: 58)
2025-03-16 16:11:04,687 - root - ℹ️ INFO - core.py:75 - 📦 Collected 1 new tweets (Total: 59)
2025-03-16 16:11:07,943 - root - ℹ️ INFO - producer.py:22 - Sent batch of 10 tweets (Total: 60)
2025-03-16 16:11:07,963 - root - ℹ️ INFO - core.py:75 - 📦 Collected 8 new tweets (Total: 67)
2025-03-16 16:11:09,789 - root - ℹ️ INFO - producer.py:22 - Sent batch of 10 tweets (Total: 70)
2025-03-16 16:11:09,789 - root - ℹ️ INFO - core.py:75 - 📦 Collected 3 new tweets (Total: 70)
2025-03-16 16:11:12,694 - root - ℹ️ INFO - core.py:75 - 📦 Collected 7 new tweets (Total: 77)
2025-03-16 16:11:14,257 - root - ℹ️ INFO - core.py:75 - 📦 Collected 1 new tweets (Total: 78)
2025-03-16 16:11:16,659 - root - ℹ️ INFO - producer.py:22 - Sent batch of 10 tweets (Total: 80)
2025-03-16 16:11:16,671 - root - ℹ️ INFO - core.py:75 - 📦 Collected 9 new tweets (Total: 87)
2025-03-16 16:11:18,298 - root - ℹ️ INFO - producer.py:22 - Sent batch of 10 tweets (Total: 90)
2025-03-16 16:11:18,302 - root - ℹ️ INFO - core.py:75 - 📦 Collected 5 new tweets (Total: 92)
2025-03-16 16:11:20,406 - root - ℹ️ INFO - core.py:75 - 📦 Collected 5 new tweets (Total: 97)
2025-03-16 16:11:23,012 - root - ℹ️ INFO - producer.py:22 - Sent batch of 10 tweets (Total: 100)
2025-03-16 16:11:23,019 - root - ℹ️ INFO - core.py:75 - 📦 Collected 6 new tweets (Total: 103)
2025-03-16 16:11:24,115 - root - ℹ️ INFO - core.py:75 - 📦 Collected 4 new tweets (Total: 107)
2025-03-16 16:11:25,716 - root - ℹ️ INFO - producer.py:22 - Sent batch of 10 tweets (Total: 110)
2025-03-16 16:11:25,718 - root - ℹ️ INFO - core.py:75 - 📦 Collected 4 new tweets (Total: 111)
2025-03-16 16:11:27,381 - root - ℹ️ INFO - core.py:75 - 📦 Collected 4 new tweets (Total: 115)
2025-03-16 16:11:29,500 - root - ℹ️ INFO - core.py:75 - 📦 Collected 2 new tweets (Total: 117)
2025-03-16 16:11:31,257 - root - ℹ️ INFO - core.py:75 - 📦 Collected 1 new tweets (Total: 118)
2025-03-16 16:11:33,393 - root - ℹ️ INFO - producer.py:22 - Sent batch of 10 tweets (Total: 120)
2025-03-16 16:11:33,399 - root - ℹ️ INFO - core.py:75 - 📦 Collected 7 new tweets (Total: 125)
2025-03-16 16:11:34,575 - root - ℹ️ INFO - core.py:75 - 📦 Collected 3 new tweets (Total: 128)
2025-03-16 16:11:36,104 - root - ℹ️ INFO - producer.py:22 - Sent batch of 10 tweets (Total: 130)
2025-03-16 16:11:36,111 - root - ℹ️ INFO - core.py:75 - 📦 Collected 5 new tweets (Total: 133)
2025-03-16 16:11:37,435 - root - ℹ️ INFO - core.py:75 - 📦 Collected 4 new tweets (Total: 137)
2025-03-16 16:11:38,434 - root - ℹ️ INFO - core.py:75 - 📦 Collected 1 new tweets (Total: 138)
2025-03-16 16:11:39,919 - root - ℹ️ INFO - producer.py:22 - Sent batch of 10 tweets (Total: 140)
2025-03-16 16:11:39,923 - root - ℹ️ INFO - core.py:75 - 📦 Collected 4 new tweets (Total: 142)
2025-03-16 16:11:41,521 - root - ℹ️ INFO - core.py:75 - 📦 Collected 5 new tweets (Total: 147)
2025-03-16 16:11:42,922 - root - ℹ️ INFO - producer.py:22 - Sent batch of 10 tweets (Total: 150)
2025-03-16 16:11:42,924 - root - ℹ️ INFO - core.py:75 - 📦 Collected 5 new tweets (Total: 152)
2025-03-16 16:11:44,511 - root - ℹ️ INFO - core.py:75 - 📦 Collected 5 new tweets (Total: 157)
2025-03-16 16:11:46,941 - root - ℹ️ INFO - producer.py:22 - Sent batch of 10 tweets (Total: 160)
2025-03-16 16:11:46,953 - root - ℹ️ INFO - core.py:75 - 📦 Collected 8 new tweets (Total: 165)
2025-03-16 16:11:48,164 - root - ℹ️ INFO - core.py:75 - 📦 Collected 2 new tweets (Total: 167)
2025-03-16 16:11:49,983 - root - ℹ️ INFO - core.py:75 - 📦 Collected 2 new tweets (Total: 169)
2025-03-16 16:11:51,733 - root - ℹ️ INFO - producer.py:22 - Sent batch of 10 tweets (Total: 170)
2025-03-16 16:11:51,738 - root - ℹ️ INFO - core.py:75 - 📦 Collected 3 new tweets (Total: 172)
2025-03-16 16:11:54,291 - root - ℹ️ INFO - core.py:75 - 📦 Collected 4 new tweets (Total: 176)
2025-03-16 16:11:55,497 - root - ⚠️ WARNING - core.py:77 - ⚠️  No new tweets in loaded content
2025-03-16 16:11:55,497 - root - ⚠️ WARNING - core.py:82 - ⏳ Retry #1 for 2s
2025-03-16 16:11:58,678 - root - ℹ️ INFO - producer.py:22 - Sent batch of 10 tweets (Total: 180)
2025-03-16 16:11:58,680 - root - ℹ️ INFO - core.py:75 - 📦 Collected 5 new tweets (Total: 181)
2025-03-16 16:12:00,072 - root - ℹ️ INFO - core.py:75 - 📦 Collected 4 new tweets (Total: 185)
2025-03-16 16:12:01,416 - root - ℹ️ INFO - core.py:75 - 📦 Collected 3 new tweets (Total: 188)
2025-03-16 16:12:02,926 - root - ℹ️ INFO - producer.py:22 - Sent batch of 10 tweets (Total: 190)
2025-03-16 16:12:02,928 - root - ℹ️ INFO - core.py:75 - 📦 Collected 3 new tweets (Total: 191)
2025-03-16 16:12:04,560 - root - ℹ️ INFO - core.py:75 - 📦 Collected 3 new tweets (Total: 194)
2025-03-16 16:12:06,716 - root - ℹ️ INFO - producer.py:22 - Sent batch of 10 tweets (Total: 200)
2025-03-16 16:12:06,717 - root - ℹ️ INFO - core.py:75 - 📦 Collected 6 new tweets (Total: 200)
2025-03-16 16:12:08,078 - root - ⚠️ WARNING - core.py:77 - ⚠️  No new tweets in loaded content
2025-03-16 16:12:08,078 - root - ⚠️ WARNING - core.py:82 - ⏳ Retry #1 for 2s
2025-03-16 16:12:12,079 - root - ℹ️ INFO - core.py:75 - 📦 Collected 3 new tweets (Total: 203)
2025-03-16 16:12:14,104 - root - ℹ️ INFO - core.py:75 - 📦 Collected 4 new tweets (Total: 207)
2025-03-16 16:12:16,334 - root - ℹ️ INFO - producer.py:22 - Sent batch of 10 tweets (Total: 210)
2025-03-16 16:12:16,342 - root - ℹ️ INFO - core.py:75 - 📦 Collected 5 new tweets (Total: 212)
2025-03-16 16:12:17,524 - root - ℹ️ INFO - core.py:75 - 📦 Collected 2 new tweets (Total: 214)
2025-03-16 16:12:19,289 - root - ℹ️ INFO - core.py:75 - 📦 Collected 1 new tweets (Total: 215)
2025-03-16 16:12:21,224 - root - ℹ️ INFO - core.py:75 - 📦 Collected 3 new tweets (Total: 218)
2025-03-16 16:12:22,583 - root - ℹ️ INFO - producer.py:22 - Sent batch of 10 tweets (Total: 220)
2025-03-16 16:12:22,589 - root - ℹ️ INFO - core.py:75 - 📦 Collected 4 new tweets (Total: 222)
2025-03-16 16:12:23,798 - root - ℹ️ INFO - core.py:75 - 📦 Collected 2 new tweets (Total: 224)
2025-03-16 16:12:25,191 - root - ℹ️ INFO - producer.py:22 - Sent batch of 10 tweets (Total: 230)
2025-03-16 16:12:25,191 - root - ℹ️ INFO - core.py:75 - 📦 Collected 6 new tweets (Total: 230)
2025-03-16 16:12:26,605 - root - ℹ️ INFO - core.py:75 - 📦 Collected 4 new tweets (Total: 234)
2025-03-16 16:12:27,573 - root - ℹ️ INFO - core.py:75 - 📦 Collected 1 new tweets (Total: 235)
2025-03-16 16:12:30,004 - root - ℹ️ INFO - producer.py:22 - Sent batch of 10 tweets (Total: 240)
2025-03-16 16:12:30,008 - root - ℹ️ INFO - core.py:75 - 📦 Collected 7 new tweets (Total: 242)
2025-03-16 16:12:31,628 - root - ℹ️ INFO - core.py:75 - 📦 Collected 3 new tweets (Total: 245)
2025-03-16 16:12:34,043 - root - ℹ️ INFO - core.py:75 - 📦 Collected 4 new tweets (Total: 249)
2025-03-16 16:12:35,920 - root - ℹ️ INFO - producer.py:22 - Sent batch of 10 tweets (Total: 250)
2025-03-16 16:12:35,925 - root - ℹ️ INFO - core.py:75 - 📦 Collected 3 new tweets (Total: 252)
2025-03-16 16:12:37,622 - root - ℹ️ INFO - core.py:75 - 📦 Collected 2 new tweets (Total: 254)
2025-03-16 16:12:38,826 - root - ⚠️ WARNING - core.py:77 - ⚠️  No new tweets in loaded content
2025-03-16 16:12:38,827 - root - ⚠️ WARNING - core.py:82 - ⏳ Retry #1 for 2s
2025-03-16 16:12:41,729 - root - ℹ️ INFO - producer.py:22 - Sent batch of 10 tweets (Total: 260)
2025-03-16 16:12:41,729 - root - ℹ️ INFO - core.py:75 - 📦 Collected 6 new tweets (Total: 260)
2025-03-16 16:12:43,564 - root - ℹ️ INFO - core.py:75 - 📦 Collected 2 new tweets (Total: 262)
2025-03-16 16:12:44,569 - root - ℹ️ INFO - core.py:75 - 📦 Collected 3 new tweets (Total: 265)
2025-03-16 16:12:45,977 - root - ℹ️ INFO - producer.py:22 - Sent batch of 10 tweets (Total: 270)
2025-03-16 16:12:45,977 - root - ℹ️ INFO - core.py:75 - 📦 Collected 5 new tweets (Total: 270)
2025-03-16 16:12:47,196 - root - ℹ️ INFO - core.py:75 - 📦 Collected 3 new tweets (Total: 273)
2025-03-16 16:12:48,561 - root - ℹ️ INFO - core.py:75 - 📦 Collected 3 new tweets (Total: 276)
2025-03-16 16:12:50,015 - root - ℹ️ INFO - producer.py:22 - Sent batch of 10 tweets (Total: 280)
2025-03-16 16:12:50,016 - root - ℹ️ INFO - core.py:75 - 📦 Collected 4 new tweets (Total: 280)
2025-03-16 16:12:52,071 - root - ℹ️ INFO - core.py:75 - 📦 Collected 4 new tweets (Total: 284)
2025-03-16 16:12:54,028 - root - ℹ️ INFO - core.py:75 - 📦 Collected 3 new tweets (Total: 287)
2025-03-16 16:12:55,036 - root - ℹ️ INFO - producer.py:22 - Sent batch of 10 tweets (Total: 290)
2025-03-16 16:12:55,038 - root - ℹ️ INFO - core.py:75 - 📦 Collected 4 new tweets (Total: 291)
2025-03-16 16:12:56,333 - root - ℹ️ INFO - core.py:75 - 📦 Collected 3 new tweets (Total: 294)
2025-03-16 16:12:58,631 - root - ℹ️ INFO - producer.py:22 - Sent batch of 10 tweets (Total: 300)
2025-03-16 16:12:58,639 - root - ℹ️ INFO - core.py:75 - 📦 Collected 9 new tweets (Total: 303)
2025-03-16 16:13:00,015 - root - ℹ️ INFO - core.py:75 - 📦 Collected 3 new tweets (Total: 306)
2025-03-16 16:13:01,427 - root - ℹ️ INFO - producer.py:22 - Sent batch of 10 tweets (Total: 310)
2025-03-16 16:13:01,428 - root - ℹ️ INFO - core.py:75 - 📦 Collected 5 new tweets (Total: 311)
2025-03-16 16:13:03,274 - root - ℹ️ INFO - core.py:75 - 📦 Collected 3 new tweets (Total: 314)
2025-03-16 16:13:05,402 - root - ℹ️ INFO - core.py:75 - 📦 Collected 5 new tweets (Total: 319)
2025-03-16 16:13:07,496 - root - ℹ️ INFO - producer.py:22 - Sent batch of 10 tweets (Total: 320)
2025-03-16 16:13:07,499 - root - ℹ️ INFO - core.py:75 - 📦 Collected 3 new tweets (Total: 322)
2025-03-16 16:13:09,109 - root - ℹ️ INFO - core.py:75 - 📦 Collected 5 new tweets (Total: 327)
2025-03-16 16:13:10,148 - root - ℹ️ INFO - producer.py:22 - Sent batch of 10 tweets (Total: 330)
2025-03-16 16:13:10,149 - root - ℹ️ INFO - core.py:75 - 📦 Collected 4 new tweets (Total: 331)
2025-03-16 16:13:11,415 - root - ℹ️ INFO - core.py:75 - 📦 Collected 2 new tweets (Total: 333)
2025-03-16 16:13:14,269 - root - ℹ️ INFO - producer.py:22 - Sent batch of 10 tweets (Total: 340)
2025-03-16 16:13:14,282 - root - ℹ️ INFO - core.py:75 - 📦 Collected 12 new tweets (Total: 345)
2025-03-16 16:13:15,514 - root - ℹ️ INFO - core.py:75 - 📦 Collected 2 new tweets (Total: 347)
2025-03-16 16:13:18,501 - root - ℹ️ INFO - producer.py:22 - Sent batch of 10 tweets (Total: 350)
2025-03-16 16:13:18,513 - root - ℹ️ INFO - core.py:75 - 📦 Collected 10 new tweets (Total: 357)
2025-03-16 16:13:19,707 - root - ⚠️ WARNING - core.py:77 - ⚠️  No new tweets in loaded content
2025-03-16 16:13:19,707 - root - ⚠️ WARNING - core.py:82 - ⏳ Retry #1 for 2s
2025-03-16 16:13:23,021 - root - ℹ️ INFO - producer.py:22 - Sent batch of 10 tweets (Total: 360)
2025-03-16 16:13:23,021 - root - ℹ️ INFO - core.py:75 - 📦 Collected 3 new tweets (Total: 360)
2025-03-16 16:13:24,848 - root - ℹ️ INFO - core.py:75 - 📦 Collected 5 new tweets (Total: 365)
2025-03-16 16:13:26,080 - root - ℹ️ INFO - core.py:75 - 📦 Collected 2 new tweets (Total: 367)
2025-03-16 16:13:27,416 - root - ℹ️ INFO - core.py:75 - 📦 Collected 2 new tweets (Total: 369)
2025-03-16 16:13:29,446 - root - ℹ️ INFO - producer.py:22 - Sent batch of 10 tweets (Total: 370)
2025-03-16 16:13:29,459 - root - ℹ️ INFO - core.py:75 - 📦 Collected 8 new tweets (Total: 377)
2025-03-16 16:13:31,065 - root - ℹ️ INFO - producer.py:22 - Sent batch of 10 tweets (Total: 380)
2025-03-16 16:13:31,065 - root - ℹ️ INFO - core.py:75 - 📦 Collected 3 new tweets (Total: 380)
2025-03-16 16:13:32,510 - root - ℹ️ INFO - core.py:75 - 📦 Collected 4 new tweets (Total: 384)
2025-03-16 16:13:34,056 - root - ℹ️ INFO - core.py:75 - 📦 Collected 3 new tweets (Total: 387)
2025-03-16 16:13:36,369 - root - ℹ️ INFO - producer.py:22 - Sent batch of 10 tweets (Total: 390)
2025-03-16 16:13:36,372 - root - ℹ️ INFO - core.py:75 - 📦 Collected 4 new tweets (Total: 391)
2025-03-16 16:13:37,656 - root - ℹ️ INFO - core.py:75 - 📦 Collected 4 new tweets (Total: 395)
2025-03-16 16:13:39,158 - root - ℹ️ INFO - core.py:75 - 📦 Collected 3 new tweets (Total: 398)
2025-03-16 16:13:40,499 - root - ℹ️ INFO - producer.py:22 - Sent batch of 10 tweets (Total: 400)
2025-03-16 16:13:40,504 - root - ℹ️ INFO - core.py:75 - 📦 Collected 4 new tweets (Total: 402)
2025-03-16 16:13:41,683 - root - ℹ️ INFO - core.py:75 - 📦 Collected 3 new tweets (Total: 405)
2025-03-16 16:13:44,015 - root - ℹ️ INFO - producer.py:22 - Sent batch of 10 tweets (Total: 410)
2025-03-16 16:13:44,026 - root - ℹ️ INFO - core.py:75 - 📦 Collected 10 new tweets (Total: 415)
2025-03-16 16:13:45,492 - root - ℹ️ INFO - core.py:75 - 📦 Collected 2 new tweets (Total: 417)
2025-03-16 16:13:46,418 - root - ℹ️ INFO - core.py:75 - 📦 Collected 2 new tweets (Total: 419)
2025-03-16 16:13:47,742 - root - ℹ️ INFO - producer.py:22 - Sent batch of 10 tweets (Total: 420)
2025-03-16 16:13:47,744 - root - ℹ️ INFO - core.py:75 - 📦 Collected 3 new tweets (Total: 422)
2025-03-16 16:13:48,962 - root - ℹ️ INFO - core.py:75 - 📦 Collected 3 new tweets (Total: 425)
2025-03-16 16:13:50,445 - root - ℹ️ INFO - core.py:75 - 📦 Collected 3 new tweets (Total: 428)
2025-03-16 16:13:51,752 - root - ℹ️ INFO - producer.py:22 - Sent batch of 10 tweets (Total: 430)
2025-03-16 16:13:51,755 - root - ℹ️ INFO - core.py:75 - 📦 Collected 3 new tweets (Total: 431)
2025-03-16 16:13:53,634 - root - ℹ️ INFO - core.py:75 - 📦 Collected 3 new tweets (Total: 434)
2025-03-16 16:13:54,970 - root - ℹ️ INFO - core.py:75 - 📦 Collected 3 new tweets (Total: 437)
2025-03-16 16:13:56,201 - root - ℹ️ INFO - core.py:75 - 📦 Collected 2 new tweets (Total: 439)
2025-03-16 16:13:57,951 - root - ℹ️ INFO - producer.py:22 - Sent batch of 10 tweets (Total: 440)
2025-03-16 16:13:57,955 - root - ℹ️ INFO - core.py:75 - 📦 Collected 3 new tweets (Total: 442)
2025-03-16 16:13:59,556 - root - ℹ️ INFO - core.py:75 - 📦 Collected 5 new tweets (Total: 447)
2025-03-16 16:14:01,120 - root - ℹ️ INFO - producer.py:22 - Sent batch of 10 tweets (Total: 450)
2025-03-16 16:14:01,120 - root - ℹ️ INFO - core.py:75 - 📦 Collected 3 new tweets (Total: 450)
2025-03-16 16:14:02,633 - root - ℹ️ INFO - core.py:75 - 📦 Collected 2 new tweets (Total: 452)
2025-03-16 16:14:04,683 - root - ℹ️ INFO - core.py:75 - 📦 Collected 4 new tweets (Total: 456)
2025-03-16 16:14:06,086 - root - ℹ️ INFO - core.py:75 - 📦 Collected 2 new tweets (Total: 458)
2025-03-16 16:14:07,290 - root - ℹ️ INFO - producer.py:22 - Sent batch of 10 tweets (Total: 460)
2025-03-16 16:14:07,292 - root - ℹ️ INFO - core.py:75 - 📦 Collected 3 new tweets (Total: 461)
2025-03-16 16:14:08,938 - root - ℹ️ INFO - core.py:75 - 📦 Collected 3 new tweets (Total: 464)
2025-03-16 16:14:11,171 - root - ℹ️ INFO - producer.py:22 - Sent batch of 10 tweets (Total: 470)
2025-03-16 16:14:11,171 - root - ℹ️ INFO - core.py:75 - 📦 Collected 6 new tweets (Total: 470)
2025-03-16 16:14:13,495 - root - ℹ️ INFO - core.py:75 - 📦 Collected 3 new tweets (Total: 473)
2025-03-16 16:14:14,770 - root - ℹ️ INFO - core.py:75 - 📦 Collected 6 new tweets (Total: 479)
2025-03-16 16:14:16,321 - root - ℹ️ INFO - producer.py:22 - Sent batch of 10 tweets (Total: 480)
2025-03-16 16:14:16,329 - root - ℹ️ INFO - core.py:75 - 📦 Collected 5 new tweets (Total: 484)
2025-03-16 16:14:18,578 - root - ℹ️ INFO - producer.py:22 - Sent batch of 10 tweets (Total: 490)
2025-03-16 16:14:18,583 - root - ℹ️ INFO - core.py:75 - 📦 Collected 7 new tweets (Total: 491)
2025-03-16 16:14:19,671 - root - ℹ️ INFO - core.py:75 - 📦 Collected 3 new tweets (Total: 494)
2025-03-16 16:14:21,248 - root - ℹ️ INFO - core.py:75 - 📦 Collected 4 new tweets (Total: 498)
2025-03-16 16:14:23,142 - root - ℹ️ INFO - producer.py:22 - Sent batch of 10 tweets (Total: 500)
2025-03-16 16:14:23,150 - root - ℹ️ INFO - core.py:75 - 📦 Collected 5 new tweets (Total: 503)
2025-03-16 16:14:25,042 - root - ℹ️ INFO - core.py:75 - 📦 Collected 5 new tweets (Total: 508)
2025-03-16 16:14:26,668 - root - ℹ️ INFO - producer.py:22 - Sent batch of 10 tweets (Total: 510)
2025-03-16 16:14:26,671 - root - ℹ️ INFO - core.py:75 - 📦 Collected 4 new tweets (Total: 512)
2025-03-16 16:14:27,744 - root - ℹ️ INFO - core.py:75 - 📦 Collected 4 new tweets (Total: 516)
2025-03-16 16:14:29,154 - root - ℹ️ INFO - core.py:75 - 📦 Collected 3 new tweets (Total: 519)
2025-03-16 16:14:31,689 - root - ℹ️ INFO - producer.py:22 - Sent batch of 10 tweets (Total: 520)
2025-03-16 16:14:31,694 - root - ℹ️ INFO - core.py:75 - 📦 Collected 3 new tweets (Total: 522)
2025-03-16 16:14:33,880 - root - ℹ️ INFO - core.py:75 - 📦 Collected 5 new tweets (Total: 527)
2025-03-16 16:14:35,307 - root - ℹ️ INFO - producer.py:22 - Sent batch of 10 tweets (Total: 530)
2025-03-16 16:14:35,308 - root - ℹ️ INFO - core.py:75 - 📦 Collected 3 new tweets (Total: 530)
2025-03-16 16:14:36,890 - root - ℹ️ INFO - core.py:75 - 📦 Collected 2 new tweets (Total: 532)
2025-03-16 16:14:38,429 - root - ℹ️ INFO - core.py:75 - 📦 Collected 4 new tweets (Total: 536)
2025-03-16 16:14:40,043 - root - ℹ️ INFO - core.py:75 - 📦 Collected 2 new tweets (Total: 538)
2025-03-16 16:14:41,469 - root - ℹ️ INFO - producer.py:22 - Sent batch of 10 tweets (Total: 540)
2025-03-16 16:14:41,469 - root - ℹ️ INFO - core.py:75 - 📦 Collected 2 new tweets (Total: 540)
2025-03-16 16:14:43,028 - root - ℹ️ INFO - core.py:75 - 📦 Collected 3 new tweets (Total: 543)
2025-03-16 16:14:43,997 - root - ⚠️ WARNING - core.py:77 - ⚠️  No new tweets in loaded content
2025-03-16 16:14:43,997 - root - ⚠️ WARNING - core.py:82 - ⏳ Retry #1 for 2s
2025-03-16 16:14:46,899 - root - ℹ️ INFO - core.py:75 - 📦 Collected 6 new tweets (Total: 549)
2025-03-16 16:14:48,760 - root - ℹ️ INFO - producer.py:22 - Sent batch of 10 tweets (Total: 550)
2025-03-16 16:14:48,766 - root - ℹ️ INFO - core.py:75 - 📦 Collected 4 new tweets (Total: 553)
2025-03-16 16:14:50,831 - root - ℹ️ INFO - core.py:75 - 📦 Collected 3 new tweets (Total: 556)
2025-03-16 16:14:53,546 - root - ℹ️ INFO - core.py:75 - 📦 Collected 3 new tweets (Total: 559)
2025-03-16 16:14:55,763 - root - ℹ️ INFO - producer.py:22 - Sent batch of 10 tweets (Total: 560)
2025-03-16 16:14:55,767 - root - ℹ️ INFO - core.py:75 - 📦 Collected 3 new tweets (Total: 562)
2025-03-16 16:14:57,457 - root - ℹ️ INFO - core.py:75 - 📦 Collected 3 new tweets (Total: 565)
2025-03-16 16:14:59,248 - root - ℹ️ INFO - core.py:75 - 📦 Collected 4 new tweets (Total: 569)
2025-03-16 16:15:00,778 - root - ℹ️ INFO - producer.py:22 - Sent batch of 10 tweets (Total: 570)
2025-03-16 16:15:00,783 - root - ℹ️ INFO - core.py:75 - 📦 Collected 3 new tweets (Total: 572)
2025-03-16 16:15:02,253 - root - ℹ️ INFO - core.py:75 - 📦 Collected 3 new tweets (Total: 575)
2025-03-16 16:15:03,890 - root - ℹ️ INFO - core.py:75 - 📦 Collected 3 new tweets (Total: 578)
2025-03-16 16:15:04,735 - root - ⚠️ WARNING - core.py:77 - ⚠️  No new tweets in loaded content
2025-03-16 16:15:04,736 - root - ⚠️ WARNING - core.py:82 - ⏳ Retry #1 for 2s
2025-03-16 16:15:08,483 - root - ℹ️ INFO - producer.py:22 - Sent batch of 10 tweets (Total: 580)
2025-03-16 16:15:08,492 - root - ℹ️ INFO - core.py:75 - 📦 Collected 7 new tweets (Total: 585)
2025-03-16 16:15:10,110 - root - ℹ️ INFO - core.py:75 - 📦 Collected 4 new tweets (Total: 589)
2025-03-16 16:15:11,470 - root - ℹ️ INFO - producer.py:22 - Sent batch of 10 tweets (Total: 590)
2025-03-16 16:15:11,476 - root - ℹ️ INFO - core.py:75 - 📦 Collected 4 new tweets (Total: 593)
2025-03-16 16:15:12,927 - root - ℹ️ INFO - core.py:75 - 📦 Collected 4 new tweets (Total: 597)
2025-03-16 16:15:13,847 - root - ℹ️ INFO - core.py:75 - 📦 Collected 1 new tweets (Total: 598)
2025-03-16 16:15:14,690 - root - ⚠️ WARNING - core.py:77 - ⚠️  No new tweets in loaded content
2025-03-16 16:15:14,691 - root - ⚠️ WARNING - core.py:82 - ⏳ Retry #1 for 2s
2025-03-16 16:15:18,349 - root - ℹ️ INFO - producer.py:22 - Sent batch of 10 tweets (Total: 600)
2025-03-16 16:15:18,361 - root - ℹ️ INFO - core.py:75 - 📦 Collected 7 new tweets (Total: 605)
2025-03-16 16:15:19,629 - root - ℹ️ INFO - producer.py:22 - Sent batch of 10 tweets (Total: 610)
2025-03-16 16:15:19,630 - root - ℹ️ INFO - core.py:75 - 📦 Collected 5 new tweets (Total: 610)
2025-03-16 16:15:21,066 - root - ℹ️ INFO - core.py:75 - 📦 Collected 3 new tweets (Total: 613)
2025-03-16 16:15:22,542 - root - ℹ️ INFO - core.py:75 - 📦 Collected 4 new tweets (Total: 617)
2025-03-16 16:15:24,610 - root - ℹ️ INFO - producer.py:22 - Sent batch of 10 tweets (Total: 620)
2025-03-16 16:15:24,617 - root - ℹ️ INFO - core.py:75 - 📦 Collected 6 new tweets (Total: 623)
2025-03-16 16:15:25,781 - root - ℹ️ INFO - core.py:75 - 📦 Collected 2 new tweets (Total: 625)
2025-03-16 16:15:27,487 - root - ℹ️ INFO - core.py:75 - 📦 Collected 4 new tweets (Total: 629)
2025-03-16 16:15:28,694 - root - ℹ️ INFO - producer.py:22 - Sent batch of 10 tweets (Total: 630)
2025-03-16 16:15:28,701 - root - ℹ️ INFO - core.py:75 - 📦 Collected 4 new tweets (Total: 633)
2025-03-16 16:15:30,084 - root - ℹ️ INFO - core.py:75 - 📦 Collected 4 new tweets (Total: 637)
2025-03-16 16:15:31,212 - root - ⚠️ WARNING - core.py:77 - ⚠️  No new tweets in loaded content
2025-03-16 16:15:31,212 - root - ⚠️ WARNING - core.py:82 - ⏳ Retry #1 for 2s
2025-03-16 16:15:34,720 - root - ℹ️ INFO - producer.py:22 - Sent batch of 10 tweets (Total: 640)
2025-03-16 16:15:34,731 - root - ℹ️ INFO - core.py:75 - 📦 Collected 9 new tweets (Total: 646)
2025-03-16 16:15:35,951 - root - ℹ️ INFO - core.py:75 - 📦 Collected 2 new tweets (Total: 648)
2025-03-16 16:15:37,883 - root - ℹ️ INFO - producer.py:22 - Sent batch of 10 tweets (Total: 650)
2025-03-16 16:15:37,886 - root - ℹ️ INFO - core.py:75 - 📦 Collected 3 new tweets (Total: 651)
2025-03-16 16:15:39,879 - root - ℹ️ INFO - core.py:75 - 📦 Collected 4 new tweets (Total: 655)
2025-03-16 16:15:41,692 - root - ℹ️ INFO - core.py:75 - 📦 Collected 4 new tweets (Total: 659)
2025-03-16 16:15:43,502 - root - ℹ️ INFO - producer.py:22 - Sent batch of 10 tweets (Total: 660)
2025-03-16 16:15:43,507 - root - ℹ️ INFO - core.py:75 - 📦 Collected 5 new tweets (Total: 664)
2025-03-16 16:15:44,949 - root - ℹ️ INFO - core.py:75 - 📦 Collected 3 new tweets (Total: 667)
2025-03-16 16:15:46,582 - root - ℹ️ INFO - producer.py:22 - Sent batch of 10 tweets (Total: 670)
2025-03-16 16:15:46,592 - root - ℹ️ INFO - core.py:75 - 📦 Collected 6 new tweets (Total: 673)
2025-03-16 16:15:48,244 - root - ℹ️ INFO - core.py:75 - 📦 Collected 4 new tweets (Total: 677)
2025-03-16 16:15:50,062 - root - ℹ️ INFO - producer.py:22 - Sent batch of 10 tweets (Total: 680)
2025-03-16 16:15:50,067 - root - ℹ️ INFO - core.py:75 - 📦 Collected 5 new tweets (Total: 682)
2025-03-16 16:15:51,455 - root - ℹ️ INFO - core.py:75 - 📦 Collected 6 new tweets (Total: 688)
2025-03-16 16:15:52,864 - root - ℹ️ INFO - producer.py:22 - Sent batch of 10 tweets (Total: 690)
2025-03-16 16:15:52,866 - root - ℹ️ INFO - core.py:75 - 📦 Collected 3 new tweets (Total: 691)
2025-03-16 16:15:54,804 - root - ℹ️ INFO - core.py:75 - 📦 Collected 6 new tweets (Total: 697)
2025-03-16 16:15:56,564 - root - ⚠️ WARNING - core.py:77 - ⚠️  No new tweets in loaded content
2025-03-16 16:15:56,564 - root - ⚠️ WARNING - core.py:82 - ⏳ Retry #1 for 2s
2025-03-16 16:15:59,885 - root - ℹ️ INFO - core.py:75 - 📦 Collected 2 new tweets (Total: 699)
2025-03-16 16:16:01,574 - root - ℹ️ INFO - producer.py:22 - Sent batch of 10 tweets (Total: 700)
2025-03-16 16:16:01,578 - root - ℹ️ INFO - core.py:75 - 📦 Collected 3 new tweets (Total: 702)
2025-03-16 16:16:02,854 - root - ℹ️ INFO - core.py:75 - 📦 Collected 3 new tweets (Total: 705)
2025-03-16 16:16:04,443 - root - ℹ️ INFO - core.py:75 - 📦 Collected 3 new tweets (Total: 708)
2025-03-16 16:16:05,940 - root - ℹ️ INFO - producer.py:22 - Sent batch of 10 tweets (Total: 710)
2025-03-16 16:16:05,942 - root - ℹ️ INFO - core.py:75 - 📦 Collected 3 new tweets (Total: 711)
2025-03-16 16:16:07,537 - root - ℹ️ INFO - core.py:75 - 📦 Collected 3 new tweets (Total: 714)
2025-03-16 16:16:09,114 - root - ℹ️ INFO - core.py:75 - 📦 Collected 3 new tweets (Total: 717)
2025-03-16 16:16:10,706 - root - ℹ️ INFO - producer.py:22 - Sent batch of 10 tweets (Total: 720)
2025-03-16 16:16:10,707 - root - ℹ️ INFO - core.py:75 - 📦 Collected 3 new tweets (Total: 720)
2025-03-16 16:16:12,433 - root - ℹ️ INFO - core.py:75 - 📦 Collected 3 new tweets (Total: 723)
2025-03-16 16:16:14,495 - root - ℹ️ INFO - core.py:75 - 📦 Collected 3 new tweets (Total: 726)
2025-03-16 16:16:15,829 - root - ℹ️ INFO - core.py:75 - 📦 Collected 3 new tweets (Total: 729)
2025-03-16 16:16:16,758 - root - ⚠️ WARNING - core.py:77 - ⚠️  No new tweets in loaded content
2025-03-16 16:16:16,758 - root - ⚠️ WARNING - core.py:82 - ⏳ Retry #1 for 2s
2025-03-16 16:16:19,550 - root - ⚠️ WARNING - core.py:77 - ⚠️  No new tweets in loaded content
2025-03-16 16:16:19,551 - root - ⚠️ WARNING - core.py:82 - ⏳ Retry #2 for 4s
2025-03-16 16:16:24,986 - root - ℹ️ INFO - producer.py:22 - Sent batch of 10 tweets (Total: 730)
2025-03-16 16:16:25,005 - root - ℹ️ INFO - core.py:75 - 📦 Collected 9 new tweets (Total: 738)
2025-03-16 16:16:26,234 - root - ℹ️ INFO - producer.py:22 - Sent batch of 10 tweets (Total: 740)
2025-03-16 16:16:26,234 - root - ℹ️ INFO - core.py:75 - 📦 Collected 2 new tweets (Total: 740)
2025-03-16 16:16:27,978 - root - ℹ️ INFO - core.py:75 - 📦 Collected 3 new tweets (Total: 743)
2025-03-16 16:16:29,820 - root - ℹ️ INFO - core.py:75 - 📦 Collected 2 new tweets (Total: 745)
2025-03-16 16:16:30,941 - root - ℹ️ INFO - core.py:75 - 📦 Collected 1 new tweets (Total: 746)
2025-03-16 16:16:33,203 - root - ℹ️ INFO - producer.py:22 - Sent batch of 10 tweets (Total: 750)
2025-03-16 16:16:33,204 - root - ℹ️ INFO - core.py:75 - 📦 Collected 5 new tweets (Total: 751)
2025-03-16 16:16:34,208 - root - ℹ️ INFO - core.py:75 - 📦 Collected 2 new tweets (Total: 753)
2025-03-16 16:16:35,549 - root - ℹ️ INFO - core.py:75 - 📦 Collected 4 new tweets (Total: 757)
2025-03-16 16:16:36,952 - root - ℹ️ INFO - producer.py:22 - Sent batch of 10 tweets (Total: 760)
2025-03-16 16:16:36,959 - root - ℹ️ INFO - core.py:75 - 📦 Collected 6 new tweets (Total: 763)
2025-03-16 16:16:37,904 - root - ℹ️ INFO - core.py:75 - 📦 Collected 1 new tweets (Total: 764)
2025-03-16 16:16:38,765 - root - ⚠️ WARNING - core.py:77 - ⚠️  No new tweets in loaded content
2025-03-16 16:16:38,765 - root - ⚠️ WARNING - core.py:82 - ⏳ Retry #1 for 2s
2025-03-16 16:16:41,767 - root - ⚠️ WARNING - core.py:77 - ⚠️  No new tweets in loaded content
2025-03-16 16:16:41,767 - root - ⚠️ WARNING - core.py:82 - ⏳ Retry #2 for 4s
2025-03-16 16:16:46,597 - root - ⚠️ WARNING - core.py:77 - ⚠️  No new tweets in loaded content
2025-03-16 16:16:46,597 - root - ⚠️ WARNING - core.py:82 - ⏳ Retry #3 for 8s
2025-03-16 16:16:55,375 - root - ⚠️ WARNING - core.py:77 - ⚠️  No new tweets in loaded content
2025-03-16 16:16:55,375 - root - ❌ ERROR - core.py:85 - 🔴 Max retries reached. Stopping.
2025-03-16 16:16:57,488 - root - ℹ️ INFO - core.py:93 - ✅ Final count: 764/1000 tweets
2025-03-16 16:16:57,488 - root - ⚠️ WARNING - core.py:97 - ⚠️  Ended before reaching target
2025-03-16 16:16:57,488 - root - ℹ️ INFO - main.py:22 - Scraping completed for @ALJADEEDNEWS
2025-03-16 16:16:57,490 - root - ℹ️ INFO - producer.py:29 - Final count: 764 tweets sent
2025-03-16 16:16:57,491 - root - ℹ️ INFO - main.py:92 - Pipeline run completed
