2025-03-15 23:46:22,509 - root - ℹ️ INFO - main.py:70 - Initializing pipeline
2025-03-15 23:46:22,509 - root - ℹ️ INFO - main.py:14 - Starting Twitter scraper for @LBCI_NEWS
2025-03-15 23:46:27,707 - root - ℹ️ INFO - core.py:25 - 🚀 Starting scrape for @LBCI_NEWS
2025-03-15 23:46:35,090 - root - ℹ️ INFO - core.py:75 - 📦 Collected 4 new tweets (Total: 4)
2025-03-15 23:46:36,455 - root - ℹ️ INFO - core.py:75 - 📦 Collected 3 new tweets (Total: 7)
2025-03-15 23:46:38,753 - root - ℹ️ INFO - producer.py:22 - Sent batch of 10 tweets (Total: 10)
2025-03-15 23:46:38,756 - root - ℹ️ INFO - core.py:75 - 📦 Collected 4 new tweets (Total: 11)
2025-03-15 23:46:39,759 - root - ⚠️ WARNING - core.py:77 - ⚠️  No new tweets in loaded content
2025-03-15 23:46:39,759 - root - ⚠️ WARNING - core.py:82 - ⏳ Retry #1 for 2s
2025-03-15 23:46:42,723 - root - ℹ️ INFO - core.py:75 - 📦 Collected 4 new tweets (Total: 15)
2025-03-15 23:46:44,373 - root - ℹ️ INFO - core.py:75 - 📦 Collected 3 new tweets (Total: 18)
2025-03-15 23:46:45,258 - root - ℹ️ INFO - core.py:75 - 📦 Collected 1 new tweets (Total: 19)
2025-03-15 23:46:46,894 - root - ℹ️ INFO - producer.py:22 - Sent batch of 10 tweets (Total: 20)
2025-03-15 23:46:46,911 - root - ℹ️ INFO - core.py:75 - 📦 Collected 10 new tweets (Total: 29)
2025-03-15 23:46:47,778 - root - ⚠️ WARNING - core.py:77 - ⚠️  No new tweets in loaded content
2025-03-15 23:46:47,778 - root - ⚠️ WARNING - core.py:82 - ⏳ Retry #1 for 2s
2025-03-15 23:46:50,595 - root - ⚠️ WARNING - core.py:77 - ⚠️  No new tweets in loaded content
2025-03-15 23:46:50,595 - root - ⚠️ WARNING - core.py:82 - ⏳ Retry #2 for 4s
2025-03-15 23:46:55,405 - root - ℹ️ INFO - producer.py:22 - Sent batch of 10 tweets (Total: 30)
2025-03-15 23:46:55,409 - root - ℹ️ INFO - core.py:75 - 📦 Collected 4 new tweets (Total: 33)
2025-03-15 23:46:56,720 - root - ℹ️ INFO - core.py:75 - 📦 Collected 5 new tweets (Total: 38)
2025-03-15 23:46:57,548 - root - ⚠️ WARNING - core.py:77 - ⚠️  No new tweets in loaded content
2025-03-15 23:46:57,548 - root - ⚠️ WARNING - core.py:82 - ⏳ Retry #1 for 2s
2025-03-15 23:47:00,613 - root - ℹ️ INFO - producer.py:22 - Sent batch of 10 tweets (Total: 40)
2025-03-15 23:47:00,619 - root - ℹ️ INFO - core.py:75 - 📦 Collected 5 new tweets (Total: 43)
2025-03-15 23:47:01,674 - root - ℹ️ INFO - core.py:75 - 📦 Collected 4 new tweets (Total: 47)
2025-03-15 23:47:02,737 - root - ℹ️ INFO - core.py:75 - 📦 Collected 2 new tweets (Total: 49)
2025-03-15 23:47:03,979 - root - ℹ️ INFO - producer.py:22 - Sent batch of 10 tweets (Total: 50)
2025-03-15 23:47:03,979 - root - ℹ️ INFO - core.py:75 - 📦 Collected 1 new tweets (Total: 50)
2025-03-15 23:47:06,039 - root - ℹ️ INFO - core.py:93 - ✅ Final count: 50/50 tweets
2025-03-15 23:47:06,039 - root - ℹ️ INFO - core.py:95 - 🎯 Target reached successfully
2025-03-15 23:47:06,039 - root - ℹ️ INFO - main.py:22 - Scraping completed for @LBCI_NEWS
2025-03-15 23:47:06,040 - root - ℹ️ INFO - producer.py:29 - Final count: 50 tweets sent
2025-03-15 23:47:06,042 - root - ℹ️ INFO - main.py:92 - Pipeline run completed
