2025-03-16 16:36:02,901 - root - ℹ️ INFO - main.py:70 - Initializing pipeline
2025-03-16 16:36:02,901 - root - ℹ️ INFO - main.py:14 - Starting Twitter scraper for @ALJADEEDNEWS
2025-03-16 16:36:08,571 - root - ℹ️ INFO - core.py:25 - 🚀 Starting scrape for @ALJADEEDNEWS
2025-03-16 16:36:18,510 - root - ℹ️ INFO - core.py:75 - 📦 Collected 6 new tweets (Total: 6)
2025-03-16 16:36:19,972 - root - ℹ️ INFO - producer.py:22 - Sent batch of 10 tweets (Total: 10)
2025-03-16 16:36:19,972 - root - ℹ️ INFO - core.py:75 - 📦 Collected 4 new tweets (Total: 10)
2025-03-16 16:36:21,080 - root - ℹ️ INFO - core.py:75 - 📦 Collected 3 new tweets (Total: 13)
2025-03-16 16:36:22,622 - root - ℹ️ INFO - core.py:75 - 📦 Collected 4 new tweets (Total: 17)
2025-03-16 16:36:24,046 - root - ℹ️ INFO - core.py:75 - 📦 Collected 2 new tweets (Total: 19)
2025-03-16 16:36:25,727 - root - ℹ️ INFO - producer.py:22 - Sent batch of 10 tweets (Total: 20)
2025-03-16 16:36:25,730 - root - ℹ️ INFO - core.py:75 - 📦 Collected 3 new tweets (Total: 22)
2025-03-16 16:36:27,168 - root - ℹ️ INFO - core.py:75 - 📦 Collected 5 new tweets (Total: 27)
2025-03-16 16:36:29,017 - root - ℹ️ INFO - producer.py:22 - Sent batch of 10 tweets (Total: 30)
2025-03-16 16:36:29,022 - root - ℹ️ INFO - core.py:75 - 📦 Collected 5 new tweets (Total: 32)
2025-03-16 16:36:30,702 - root - ℹ️ INFO - core.py:75 - 📦 Collected 3 new tweets (Total: 35)
2025-03-16 16:36:32,290 - root - ℹ️ INFO - core.py:75 - 📦 Collected 4 new tweets (Total: 39)
2025-03-16 16:36:34,734 - root - ℹ️ INFO - producer.py:22 - Sent batch of 10 tweets (Total: 40)
2025-03-16 16:36:34,757 - root - ℹ️ INFO - core.py:75 - 📦 Collected 10 new tweets (Total: 49)
2025-03-16 16:36:35,905 - root - ℹ️ INFO - producer.py:22 - Sent batch of 10 tweets (Total: 50)
2025-03-16 16:36:35,906 - root - ℹ️ INFO - core.py:75 - 📦 Collected 1 new tweets (Total: 50)
2025-03-16 16:36:37,004 - root - ℹ️ INFO - core.py:75 - 📦 Collected 4 new tweets (Total: 54)
2025-03-16 16:36:38,626 - root - ℹ️ INFO - core.py:75 - 📦 Collected 3 new tweets (Total: 57)
2025-03-16 16:36:39,901 - root - ℹ️ INFO - core.py:75 - 📦 Collected 2 new tweets (Total: 59)
2025-03-16 16:36:41,568 - root - ℹ️ INFO - producer.py:22 - Sent batch of 10 tweets (Total: 60)
2025-03-16 16:36:41,577 - root - ℹ️ INFO - core.py:75 - 📦 Collected 4 new tweets (Total: 63)
2025-03-16 16:36:43,860 - root - ℹ️ INFO - core.py:75 - 📦 Collected 4 new tweets (Total: 67)
2025-03-16 16:36:46,101 - root - ℹ️ INFO - producer.py:22 - Sent batch of 10 tweets (Total: 70)
2025-03-16 16:36:46,102 - root - ℹ️ INFO - core.py:75 - 📦 Collected 4 new tweets (Total: 71)
2025-03-16 16:36:47,984 - root - ℹ️ INFO - core.py:75 - 📦 Collected 4 new tweets (Total: 75)
2025-03-16 16:36:49,632 - root - ℹ️ INFO - core.py:75 - 📦 Collected 3 new tweets (Total: 78)
2025-03-16 16:36:50,862 - root - ⚠️ WARNING - core.py:77 - ⚠️  No new tweets in loaded content
2025-03-16 16:36:50,864 - root - ⚠️ WARNING - core.py:82 - ⏳ Retry #1 for 2s
2025-03-16 16:36:54,432 - root - ℹ️ INFO - producer.py:22 - Sent batch of 10 tweets (Total: 80)
2025-03-16 16:36:54,457 - root - ℹ️ INFO - producer.py:22 - Sent batch of 10 tweets (Total: 90)
2025-03-16 16:36:54,458 - root - ℹ️ INFO - core.py:75 - 📦 Collected 12 new tweets (Total: 90)
2025-03-16 16:36:56,078 - root - ℹ️ INFO - core.py:75 - 📦 Collected 5 new tweets (Total: 95)
2025-03-16 16:36:57,160 - root - ℹ️ INFO - core.py:75 - 📦 Collected 3 new tweets (Total: 98)
2025-03-16 16:36:59,242 - root - ℹ️ INFO - producer.py:22 - Sent batch of 10 tweets (Total: 100)
2025-03-16 16:36:59,257 - root - ℹ️ INFO - core.py:75 - 📦 Collected 8 new tweets (Total: 106)
2025-03-16 16:37:01,101 - root - ℹ️ INFO - core.py:75 - 📦 Collected 3 new tweets (Total: 109)
2025-03-16 16:37:02,824 - root - ℹ️ INFO - producer.py:22 - Sent batch of 10 tweets (Total: 110)
2025-03-16 16:37:02,831 - root - ℹ️ INFO - core.py:75 - 📦 Collected 4 new tweets (Total: 113)
2025-03-16 16:37:04,545 - root - ℹ️ INFO - core.py:75 - 📦 Collected 4 new tweets (Total: 117)
2025-03-16 16:37:06,821 - root - ℹ️ INFO - producer.py:22 - Sent batch of 10 tweets (Total: 120)
2025-03-16 16:37:06,824 - root - ℹ️ INFO - core.py:75 - 📦 Collected 5 new tweets (Total: 122)
2025-03-16 16:37:08,033 - root - ⚠️ WARNING - core.py:77 - ⚠️  No new tweets in loaded content
2025-03-16 16:37:08,034 - root - ⚠️ WARNING - core.py:82 - ⏳ Retry #1 for 2s
2025-03-16 16:37:11,131 - root - ℹ️ INFO - core.py:75 - 📦 Collected 4 new tweets (Total: 126)
2025-03-16 16:37:12,651 - root - ℹ️ INFO - producer.py:22 - Sent batch of 10 tweets (Total: 130)
2025-03-16 16:37:12,651 - root - ℹ️ INFO - core.py:75 - 📦 Collected 4 new tweets (Total: 130)
2025-03-16 16:37:13,836 - root - ℹ️ INFO - core.py:75 - 📦 Collected 4 new tweets (Total: 134)
2025-03-16 16:37:15,089 - root - ℹ️ INFO - core.py:75 - 📦 Collected 4 new tweets (Total: 138)
2025-03-16 16:37:16,634 - root - ℹ️ INFO - producer.py:22 - Sent batch of 10 tweets (Total: 140)
2025-03-16 16:37:16,640 - root - ℹ️ INFO - core.py:75 - 📦 Collected 5 new tweets (Total: 143)
2025-03-16 16:37:17,822 - root - ℹ️ INFO - core.py:75 - 📦 Collected 2 new tweets (Total: 145)
2025-03-16 16:37:18,983 - root - ℹ️ INFO - producer.py:22 - Sent batch of 10 tweets (Total: 150)
2025-03-16 16:37:18,984 - root - ℹ️ INFO - core.py:75 - 📦 Collected 5 new tweets (Total: 150)
2025-03-16 16:37:20,356 - root - ℹ️ INFO - core.py:75 - 📦 Collected 5 new tweets (Total: 155)
2025-03-16 16:37:21,469 - root - ℹ️ INFO - core.py:75 - 📦 Collected 2 new tweets (Total: 157)
2025-03-16 16:37:22,352 - root - ⚠️ WARNING - core.py:77 - ⚠️  No new tweets in loaded content
2025-03-16 16:37:22,352 - root - ⚠️ WARNING - core.py:82 - ⏳ Retry #1 for 2s
2025-03-16 16:37:25,475 - root - ℹ️ INFO - producer.py:22 - Sent batch of 10 tweets (Total: 160)
2025-03-16 16:37:25,496 - root - ℹ️ INFO - core.py:75 - 📦 Collected 10 new tweets (Total: 167)
2025-03-16 16:37:26,832 - root - ℹ️ INFO - producer.py:22 - Sent batch of 10 tweets (Total: 170)
2025-03-16 16:37:26,832 - root - ℹ️ INFO - core.py:75 - 📦 Collected 3 new tweets (Total: 170)
2025-03-16 16:37:29,141 - root - ℹ️ INFO - core.py:75 - 📦 Collected 3 new tweets (Total: 173)
2025-03-16 16:37:30,054 - root - ℹ️ INFO - core.py:75 - 📦 Collected 2 new tweets (Total: 175)
2025-03-16 16:37:31,016 - root - ℹ️ INFO - core.py:75 - 📦 Collected 1 new tweets (Total: 176)
2025-03-16 16:37:31,865 - root - ⚠️ WARNING - core.py:77 - ⚠️  No new tweets in loaded content
2025-03-16 16:37:31,865 - root - ⚠️ WARNING - core.py:82 - ⏳ Retry #1 for 2s
2025-03-16 16:37:35,240 - root - ℹ️ INFO - producer.py:22 - Sent batch of 10 tweets (Total: 180)
2025-03-16 16:37:35,245 - root - ℹ️ INFO - core.py:75 - 📦 Collected 6 new tweets (Total: 182)
2025-03-16 16:37:36,648 - root - ℹ️ INFO - core.py:75 - 📦 Collected 4 new tweets (Total: 186)
2025-03-16 16:37:37,926 - root - ℹ️ INFO - core.py:75 - 📦 Collected 3 new tweets (Total: 189)
2025-03-16 16:37:39,474 - root - ℹ️ INFO - producer.py:22 - Sent batch of 10 tweets (Total: 190)
2025-03-16 16:37:39,475 - root - ℹ️ INFO - core.py:75 - 📦 Collected 2 new tweets (Total: 191)
2025-03-16 16:37:40,442 - root - ℹ️ INFO - core.py:75 - 📦 Collected 3 new tweets (Total: 194)
2025-03-16 16:37:41,441 - root - ℹ️ INFO - core.py:75 - 📦 Collected 1 new tweets (Total: 195)
2025-03-16 16:37:43,343 - root - ℹ️ INFO - producer.py:22 - Sent batch of 10 tweets (Total: 200)
2025-03-16 16:37:43,346 - root - ℹ️ INFO - core.py:75 - 📦 Collected 6 new tweets (Total: 201)
2025-03-16 16:37:45,287 - root - ℹ️ INFO - core.py:75 - 📦 Collected 3 new tweets (Total: 204)
2025-03-16 16:37:48,028 - root - ℹ️ INFO - core.py:75 - 📦 Collected 3 new tweets (Total: 207)
2025-03-16 16:37:49,562 - root - ℹ️ INFO - producer.py:22 - Sent batch of 10 tweets (Total: 210)
2025-03-16 16:37:49,564 - root - ℹ️ INFO - core.py:75 - 📦 Collected 5 new tweets (Total: 212)
2025-03-16 16:37:50,787 - root - ℹ️ INFO - core.py:75 - 📦 Collected 3 new tweets (Total: 215)
2025-03-16 16:37:51,918 - root - ⚠️ WARNING - core.py:77 - ⚠️  No new tweets in loaded content
2025-03-16 16:37:51,919 - root - ⚠️ WARNING - core.py:82 - ⏳ Retry #1 for 2s
2025-03-16 16:37:56,608 - root - ℹ️ INFO - core.py:75 - 📦 Collected 3 new tweets (Total: 218)
2025-03-16 16:37:58,310 - root - ℹ️ INFO - producer.py:22 - Sent batch of 10 tweets (Total: 220)
2025-03-16 16:37:58,312 - root - ℹ️ INFO - core.py:75 - 📦 Collected 3 new tweets (Total: 221)
2025-03-16 16:37:59,583 - root - ℹ️ INFO - core.py:75 - 📦 Collected 3 new tweets (Total: 224)
2025-03-16 16:38:00,915 - root - ℹ️ INFO - core.py:75 - 📦 Collected 3 new tweets (Total: 227)
2025-03-16 16:38:02,527 - root - ℹ️ INFO - producer.py:22 - Sent batch of 10 tweets (Total: 230)
2025-03-16 16:38:02,535 - root - ℹ️ INFO - core.py:75 - 📦 Collected 6 new tweets (Total: 233)
2025-03-16 16:38:04,177 - root - ℹ️ INFO - core.py:75 - 📦 Collected 2 new tweets (Total: 235)
2025-03-16 16:38:05,271 - root - ⚠️ WARNING - core.py:77 - ⚠️  No new tweets in loaded content
2025-03-16 16:38:05,272 - root - ⚠️ WARNING - core.py:82 - ⏳ Retry #1 for 2s
2025-03-16 16:38:08,869 - root - ℹ️ INFO - producer.py:22 - Sent batch of 10 tweets (Total: 240)
2025-03-16 16:38:08,877 - root - ℹ️ INFO - core.py:75 - 📦 Collected 8 new tweets (Total: 243)
2025-03-16 16:38:10,272 - root - ℹ️ INFO - core.py:75 - 📦 Collected 3 new tweets (Total: 246)
2025-03-16 16:38:12,480 - root - ℹ️ INFO - core.py:75 - 📦 Collected 3 new tweets (Total: 249)
2025-03-16 16:38:14,841 - root - ℹ️ INFO - producer.py:22 - Sent batch of 10 tweets (Total: 250)
2025-03-16 16:38:14,851 - root - ℹ️ INFO - core.py:75 - 📦 Collected 5 new tweets (Total: 254)
2025-03-16 16:38:16,393 - root - ⚠️ WARNING - core.py:77 - ⚠️  No new tweets in loaded content
2025-03-16 16:38:16,394 - root - ⚠️ WARNING - core.py:82 - ⏳ Retry #1 for 2s
2025-03-16 16:38:19,564 - root - ℹ️ INFO - core.py:75 - 📦 Collected 4 new tweets (Total: 258)
2025-03-16 16:38:21,005 - root - ℹ️ INFO - producer.py:22 - Sent batch of 10 tweets (Total: 260)
2025-03-16 16:38:21,007 - root - ℹ️ INFO - core.py:75 - 📦 Collected 4 new tweets (Total: 262)
2025-03-16 16:38:21,875 - root - ℹ️ INFO - core.py:75 - 📦 Collected 2 new tweets (Total: 264)
2025-03-16 16:38:22,927 - root - ℹ️ INFO - core.py:75 - 📦 Collected 2 new tweets (Total: 266)
2025-03-16 16:38:24,216 - root - ℹ️ INFO - producer.py:22 - Sent batch of 10 tweets (Total: 270)
2025-03-16 16:38:24,218 - root - ℹ️ INFO - core.py:75 - 📦 Collected 5 new tweets (Total: 271)
2025-03-16 16:38:25,368 - root - ℹ️ INFO - core.py:75 - 📦 Collected 3 new tweets (Total: 274)
2025-03-16 16:38:26,169 - root - ⚠️ WARNING - core.py:77 - ⚠️  No new tweets in loaded content
2025-03-16 16:38:26,171 - root - ⚠️ WARNING - core.py:82 - ⏳ Retry #1 for 2s
2025-03-16 16:38:29,837 - root - ℹ️ INFO - producer.py:22 - Sent batch of 10 tweets (Total: 280)
2025-03-16 16:38:29,837 - root - ℹ️ INFO - core.py:75 - 📦 Collected 6 new tweets (Total: 280)
2025-03-16 16:38:31,414 - root - ℹ️ INFO - core.py:75 - 📦 Collected 4 new tweets (Total: 284)
2025-03-16 16:38:33,198 - root - ℹ️ INFO - core.py:75 - 📦 Collected 4 new tweets (Total: 288)
2025-03-16 16:38:34,447 - root - ℹ️ INFO - producer.py:22 - Sent batch of 10 tweets (Total: 290)
2025-03-16 16:38:34,451 - root - ℹ️ INFO - core.py:75 - 📦 Collected 3 new tweets (Total: 291)
2025-03-16 16:38:35,784 - root - ℹ️ INFO - core.py:75 - 📦 Collected 3 new tweets (Total: 294)
2025-03-16 16:38:36,593 - root - ⚠️ WARNING - core.py:77 - ⚠️  No new tweets in loaded content
2025-03-16 16:38:36,594 - root - ⚠️ WARNING - core.py:82 - ⏳ Retry #1 for 2s
2025-03-16 16:38:39,811 - root - ℹ️ INFO - producer.py:22 - Sent batch of 10 tweets (Total: 300)
2025-03-16 16:38:39,817 - root - ℹ️ INFO - core.py:75 - 📦 Collected 8 new tweets (Total: 302)
2025-03-16 16:38:41,299 - root - ℹ️ INFO - core.py:75 - 📦 Collected 7 new tweets (Total: 309)
2025-03-16 16:38:42,721 - root - ℹ️ INFO - producer.py:22 - Sent batch of 10 tweets (Total: 310)
2025-03-16 16:38:42,726 - root - ℹ️ INFO - core.py:75 - 📦 Collected 4 new tweets (Total: 313)
2025-03-16 16:38:44,837 - root - ℹ️ INFO - core.py:75 - 📦 Collected 6 new tweets (Total: 319)
2025-03-16 16:38:46,050 - root - ℹ️ INFO - producer.py:22 - Sent batch of 10 tweets (Total: 320)
2025-03-16 16:38:46,052 - root - ℹ️ INFO - core.py:75 - 📦 Collected 2 new tweets (Total: 321)
2025-03-16 16:38:48,808 - root - ℹ️ INFO - core.py:75 - 📦 Collected 4 new tweets (Total: 325)
2025-03-16 16:38:50,226 - root - ℹ️ INFO - producer.py:22 - Sent batch of 10 tweets (Total: 330)
2025-03-16 16:38:50,227 - root - ℹ️ INFO - core.py:75 - 📦 Collected 5 new tweets (Total: 330)
2025-03-16 16:38:51,738 - root - ℹ️ INFO - core.py:75 - 📦 Collected 4 new tweets (Total: 334)
2025-03-16 16:38:52,883 - root - ⚠️ WARNING - core.py:77 - ⚠️  No new tweets in loaded content
2025-03-16 16:38:52,883 - root - ⚠️ WARNING - core.py:82 - ⏳ Retry #1 for 2s
2025-03-16 16:38:56,606 - root - ℹ️ INFO - producer.py:22 - Sent batch of 10 tweets (Total: 340)
2025-03-16 16:38:56,616 - root - ℹ️ INFO - core.py:75 - 📦 Collected 10 new tweets (Total: 344)
2025-03-16 16:38:58,082 - root - ℹ️ INFO - producer.py:22 - Sent batch of 10 tweets (Total: 350)
2025-03-16 16:38:58,083 - root - ℹ️ INFO - core.py:75 - 📦 Collected 6 new tweets (Total: 350)
2025-03-16 16:38:59,422 - root - ⚠️ WARNING - core.py:77 - ⚠️  No new tweets in loaded content
2025-03-16 16:38:59,423 - root - ⚠️ WARNING - core.py:82 - ⏳ Retry #1 for 2s
2025-03-16 16:39:02,616 - root - ℹ️ INFO - core.py:75 - 📦 Collected 9 new tweets (Total: 359)
2025-03-16 16:39:04,217 - root - ℹ️ INFO - producer.py:22 - Sent batch of 10 tweets (Total: 360)
2025-03-16 16:39:04,220 - root - ℹ️ INFO - core.py:75 - 📦 Collected 3 new tweets (Total: 362)
2025-03-16 16:39:06,303 - root - ℹ️ INFO - core.py:75 - 📦 Collected 5 new tweets (Total: 367)
2025-03-16 16:39:07,767 - root - ℹ️ INFO - producer.py:22 - Sent batch of 10 tweets (Total: 370)
2025-03-16 16:39:07,767 - root - ℹ️ INFO - core.py:75 - 📦 Collected 3 new tweets (Total: 370)
2025-03-16 16:39:08,792 - root - ⚠️ WARNING - core.py:77 - ⚠️  No new tweets in loaded content
2025-03-16 16:39:08,793 - root - ⚠️ WARNING - core.py:82 - ⏳ Retry #1 for 2s
2025-03-16 16:39:11,911 - root - ℹ️ INFO - core.py:75 - 📦 Collected 9 new tweets (Total: 379)
2025-03-16 16:39:13,817 - root - ℹ️ INFO - producer.py:22 - Sent batch of 10 tweets (Total: 380)
2025-03-16 16:39:13,819 - root - ℹ️ INFO - core.py:75 - 📦 Collected 3 new tweets (Total: 382)
2025-03-16 16:39:15,377 - root - ℹ️ INFO - core.py:75 - 📦 Collected 3 new tweets (Total: 385)
2025-03-16 16:39:16,878 - root - ℹ️ INFO - core.py:75 - 📦 Collected 3 new tweets (Total: 388)
2025-03-16 16:39:18,567 - root - ℹ️ INFO - producer.py:22 - Sent batch of 10 tweets (Total: 390)
2025-03-16 16:39:18,574 - root - ℹ️ INFO - core.py:75 - 📦 Collected 7 new tweets (Total: 395)
2025-03-16 16:39:19,725 - root - ⚠️ WARNING - core.py:77 - ⚠️  No new tweets in loaded content
2025-03-16 16:39:19,726 - root - ⚠️ WARNING - core.py:82 - ⏳ Retry #1 for 2s
2025-03-16 16:39:22,772 - root - ℹ️ INFO - core.py:75 - 📦 Collected 4 new tweets (Total: 399)
2025-03-16 16:39:24,105 - root - ℹ️ INFO - producer.py:22 - Sent batch of 10 tweets (Total: 400)
2025-03-16 16:39:24,108 - root - ℹ️ INFO - core.py:75 - 📦 Collected 3 new tweets (Total: 402)
2025-03-16 16:39:25,264 - root - ℹ️ INFO - core.py:75 - 📦 Collected 4 new tweets (Total: 406)
2025-03-16 16:39:26,087 - root - ⚠️ WARNING - core.py:77 - ⚠️  No new tweets in loaded content
2025-03-16 16:39:26,088 - root - ⚠️ WARNING - core.py:82 - ⏳ Retry #1 for 2s
2025-03-16 16:39:29,745 - root - ℹ️ INFO - producer.py:22 - Sent batch of 10 tweets (Total: 410)
2025-03-16 16:39:29,756 - root - ℹ️ INFO - core.py:75 - 📦 Collected 9 new tweets (Total: 415)
2025-03-16 16:39:30,844 - root - ℹ️ INFO - producer.py:22 - Sent batch of 10 tweets (Total: 420)
2025-03-16 16:39:30,844 - root - ℹ️ INFO - core.py:75 - 📦 Collected 5 new tweets (Total: 420)
2025-03-16 16:39:32,110 - root - ℹ️ INFO - core.py:75 - 📦 Collected 3 new tweets (Total: 423)
2025-03-16 16:39:33,373 - root - ℹ️ INFO - core.py:75 - 📦 Collected 3 new tweets (Total: 426)
2025-03-16 16:39:34,259 - root - ⚠️ WARNING - core.py:77 - ⚠️  No new tweets in loaded content
2025-03-16 16:39:34,259 - root - ⚠️ WARNING - core.py:82 - ⏳ Retry #1 for 2s
2025-03-16 16:39:37,568 - root - ℹ️ INFO - producer.py:22 - Sent batch of 10 tweets (Total: 430)
2025-03-16 16:39:37,572 - root - ℹ️ INFO - core.py:75 - 📦 Collected 7 new tweets (Total: 433)
2025-03-16 16:39:39,282 - root - ℹ️ INFO - core.py:75 - 📦 Collected 2 new tweets (Total: 435)
2025-03-16 16:39:40,351 - root - ℹ️ INFO - core.py:75 - 📦 Collected 3 new tweets (Total: 438)
2025-03-16 16:39:41,694 - root - ℹ️ INFO - producer.py:22 - Sent batch of 10 tweets (Total: 440)
2025-03-16 16:39:41,697 - root - ℹ️ INFO - core.py:75 - 📦 Collected 3 new tweets (Total: 441)
2025-03-16 16:39:43,624 - root - ℹ️ INFO - core.py:75 - 📦 Collected 3 new tweets (Total: 444)
2025-03-16 16:39:44,814 - root - ℹ️ INFO - core.py:75 - 📦 Collected 1 new tweets (Total: 445)
2025-03-16 16:39:47,119 - root - ℹ️ INFO - producer.py:22 - Sent batch of 10 tweets (Total: 450)
2025-03-16 16:39:47,122 - root - ℹ️ INFO - core.py:75 - 📦 Collected 8 new tweets (Total: 453)
2025-03-16 16:39:48,444 - root - ℹ️ INFO - core.py:75 - 📦 Collected 1 new tweets (Total: 454)
2025-03-16 16:39:50,167 - root - ℹ️ INFO - core.py:75 - 📦 Collected 2 new tweets (Total: 456)
2025-03-16 16:39:51,998 - root - ℹ️ INFO - core.py:75 - 📦 Collected 3 new tweets (Total: 459)
2025-03-16 16:39:53,024 - root - ℹ️ INFO - producer.py:22 - Sent batch of 10 tweets (Total: 460)
2025-03-16 16:39:53,026 - root - ℹ️ INFO - core.py:75 - 📦 Collected 3 new tweets (Total: 462)
2025-03-16 16:39:54,478 - root - ℹ️ INFO - core.py:75 - 📦 Collected 3 new tweets (Total: 465)
2025-03-16 16:39:56,378 - root - ℹ️ INFO - producer.py:22 - Sent batch of 10 tweets (Total: 470)
2025-03-16 16:39:56,379 - root - ℹ️ INFO - core.py:75 - 📦 Collected 6 new tweets (Total: 471)
2025-03-16 16:39:57,706 - root - ℹ️ INFO - core.py:75 - 📦 Collected 1 new tweets (Total: 472)
2025-03-16 16:39:59,912 - root - ℹ️ INFO - producer.py:22 - Sent batch of 10 tweets (Total: 480)
2025-03-16 16:39:59,913 - root - ℹ️ INFO - core.py:75 - 📦 Collected 8 new tweets (Total: 480)
2025-03-16 16:40:01,114 - root - ℹ️ INFO - core.py:75 - 📦 Collected 4 new tweets (Total: 484)
2025-03-16 16:40:02,172 - root - ℹ️ INFO - core.py:75 - 📦 Collected 1 new tweets (Total: 485)
2025-03-16 16:40:04,340 - root - ℹ️ INFO - producer.py:22 - Sent batch of 10 tweets (Total: 490)
2025-03-16 16:40:04,354 - root - ℹ️ INFO - core.py:75 - 📦 Collected 10 new tweets (Total: 495)
2025-03-16 16:40:05,456 - root - ℹ️ INFO - core.py:75 - 📦 Collected 2 new tweets (Total: 497)
2025-03-16 16:40:06,989 - root - ℹ️ INFO - producer.py:22 - Sent batch of 10 tweets (Total: 500)
2025-03-16 16:40:06,992 - root - ℹ️ INFO - core.py:75 - 📦 Collected 4 new tweets (Total: 501)
2025-03-16 16:40:08,595 - root - ℹ️ INFO - core.py:75 - 📦 Collected 3 new tweets (Total: 504)
2025-03-16 16:40:09,758 - root - ⚠️ WARNING - core.py:77 - ⚠️  No new tweets in loaded content
2025-03-16 16:40:09,759 - root - ⚠️ WARNING - core.py:82 - ⏳ Retry #1 for 2s
2025-03-16 16:40:13,511 - root - ℹ️ INFO - producer.py:22 - Sent batch of 10 tweets (Total: 510)
2025-03-16 16:40:13,517 - root - ℹ️ INFO - core.py:75 - 📦 Collected 7 new tweets (Total: 511)
2025-03-16 16:40:14,799 - root - ℹ️ INFO - core.py:75 - 📦 Collected 4 new tweets (Total: 515)
2025-03-16 16:40:16,146 - root - ℹ️ INFO - core.py:75 - 📦 Collected 4 new tweets (Total: 519)
2025-03-16 16:40:17,520 - root - ℹ️ INFO - producer.py:22 - Sent batch of 10 tweets (Total: 520)
2025-03-16 16:40:17,522 - root - ℹ️ INFO - core.py:75 - 📦 Collected 3 new tweets (Total: 522)
2025-03-16 16:40:19,091 - root - ℹ️ INFO - core.py:75 - 📦 Collected 2 new tweets (Total: 524)
2025-03-16 16:40:22,423 - root - ℹ️ INFO - producer.py:22 - Sent batch of 10 tweets (Total: 530)
2025-03-16 16:40:22,428 - root - ℹ️ INFO - core.py:75 - 📦 Collected 10 new tweets (Total: 534)
2025-03-16 16:40:23,888 - root - ℹ️ INFO - core.py:75 - 📦 Collected 1 new tweets (Total: 535)
2025-03-16 16:40:25,274 - root - ℹ️ INFO - core.py:75 - 📦 Collected 3 new tweets (Total: 538)
2025-03-16 16:40:27,137 - root - ℹ️ INFO - producer.py:22 - Sent batch of 10 tweets (Total: 540)
2025-03-16 16:40:27,138 - root - ℹ️ INFO - core.py:75 - 📦 Collected 3 new tweets (Total: 541)
2025-03-16 16:40:28,351 - root - ℹ️ INFO - core.py:75 - 📦 Collected 1 new tweets (Total: 542)
2025-03-16 16:40:29,582 - root - ℹ️ INFO - core.py:75 - 📦 Collected 2 new tweets (Total: 544)
2025-03-16 16:40:31,200 - root - ℹ️ INFO - core.py:75 - 📦 Collected 5 new tweets (Total: 549)
2025-03-16 16:40:32,881 - root - ℹ️ INFO - producer.py:22 - Sent batch of 10 tweets (Total: 550)
2025-03-16 16:40:32,886 - root - ℹ️ INFO - core.py:75 - 📦 Collected 4 new tweets (Total: 553)
2025-03-16 16:40:35,159 - root - ℹ️ INFO - core.py:75 - 📦 Collected 6 new tweets (Total: 559)
2025-03-16 16:40:36,423 - root - ⚠️ WARNING - core.py:77 - ⚠️  No new tweets in loaded content
2025-03-16 16:40:36,423 - root - ⚠️ WARNING - core.py:82 - ⏳ Retry #1 for 2s
2025-03-16 16:40:39,464 - root - ℹ️ INFO - producer.py:22 - Sent batch of 10 tweets (Total: 560)
2025-03-16 16:40:39,468 - root - ℹ️ INFO - core.py:75 - 📦 Collected 3 new tweets (Total: 562)
2025-03-16 16:40:40,758 - root - ℹ️ INFO - core.py:75 - 📦 Collected 2 new tweets (Total: 564)
2025-03-16 16:40:42,567 - root - ℹ️ INFO - core.py:75 - 📦 Collected 4 new tweets (Total: 568)
2025-03-16 16:40:44,467 - root - ℹ️ INFO - producer.py:22 - Sent batch of 10 tweets (Total: 570)
2025-03-16 16:40:44,470 - root - ℹ️ INFO - core.py:75 - 📦 Collected 4 new tweets (Total: 572)
2025-03-16 16:40:46,010 - root - ℹ️ INFO - core.py:75 - 📦 Collected 3 new tweets (Total: 575)
2025-03-16 16:40:47,181 - root - ℹ️ INFO - core.py:75 - 📦 Collected 3 new tweets (Total: 578)
2025-03-16 16:40:48,267 - root - ℹ️ INFO - core.py:75 - 📦 Collected 1 new tweets (Total: 579)
2025-03-16 16:40:49,060 - root - ⚠️ WARNING - core.py:77 - ⚠️  No new tweets in loaded content
2025-03-16 16:40:49,061 - root - ⚠️ WARNING - core.py:82 - ⏳ Retry #1 for 2s
2025-03-16 16:40:51,945 - root - ℹ️ INFO - producer.py:22 - Sent batch of 10 tweets (Total: 580)
2025-03-16 16:40:51,962 - root - ℹ️ INFO - core.py:75 - 📦 Collected 7 new tweets (Total: 586)
2025-03-16 16:40:53,525 - root - ℹ️ INFO - producer.py:22 - Sent batch of 10 tweets (Total: 590)
2025-03-16 16:40:53,528 - root - ℹ️ INFO - core.py:75 - 📦 Collected 5 new tweets (Total: 591)
2025-03-16 16:40:54,753 - root - ℹ️ INFO - core.py:75 - 📦 Collected 3 new tweets (Total: 594)
2025-03-16 16:40:56,153 - root - ℹ️ INFO - core.py:75 - 📦 Collected 3 new tweets (Total: 597)
2025-03-16 16:40:56,988 - root - ℹ️ INFO - core.py:75 - 📦 Collected 2 new tweets (Total: 599)
2025-03-16 16:40:58,627 - root - ℹ️ INFO - producer.py:22 - Sent batch of 10 tweets (Total: 600)
2025-03-16 16:40:58,635 - root - ℹ️ INFO - core.py:75 - 📦 Collected 7 new tweets (Total: 606)
2025-03-16 16:40:59,868 - root - ℹ️ INFO - producer.py:22 - Sent batch of 10 tweets (Total: 610)
2025-03-16 16:40:59,868 - root - ℹ️ INFO - core.py:75 - 📦 Collected 4 new tweets (Total: 610)
2025-03-16 16:41:01,435 - root - ℹ️ INFO - core.py:75 - 📦 Collected 5 new tweets (Total: 615)
2025-03-16 16:41:02,706 - root - ℹ️ INFO - core.py:75 - 📦 Collected 3 new tweets (Total: 618)
2025-03-16 16:41:03,827 - root - ⚠️ WARNING - core.py:77 - ⚠️  No new tweets in loaded content
2025-03-16 16:41:03,827 - root - ⚠️ WARNING - core.py:82 - ⏳ Retry #1 for 2s
2025-03-16 16:41:07,234 - root - ℹ️ INFO - producer.py:22 - Sent batch of 10 tweets (Total: 620)
2025-03-16 16:41:07,248 - root - ℹ️ INFO - core.py:75 - 📦 Collected 8 new tweets (Total: 626)
2025-03-16 16:41:08,251 - root - ℹ️ INFO - core.py:75 - 📦 Collected 3 new tweets (Total: 629)
2025-03-16 16:41:09,470 - root - ℹ️ INFO - producer.py:22 - Sent batch of 10 tweets (Total: 630)
2025-03-16 16:41:09,472 - root - ℹ️ INFO - core.py:75 - 📦 Collected 3 new tweets (Total: 632)
2025-03-16 16:41:10,925 - root - ℹ️ INFO - core.py:75 - 📦 Collected 5 new tweets (Total: 637)
2025-03-16 16:41:11,814 - root - ⚠️ WARNING - core.py:77 - ⚠️  No new tweets in loaded content
2025-03-16 16:41:11,814 - root - ⚠️ WARNING - core.py:82 - ⏳ Retry #1 for 2s
2025-03-16 16:41:15,176 - root - ℹ️ INFO - producer.py:22 - Sent batch of 10 tweets (Total: 640)
2025-03-16 16:41:15,194 - root - ℹ️ INFO - core.py:75 - 📦 Collected 9 new tweets (Total: 646)
2025-03-16 16:41:16,468 - root - ℹ️ INFO - core.py:75 - 📦 Collected 3 new tweets (Total: 649)
2025-03-16 16:41:18,339 - root - ℹ️ INFO - producer.py:22 - Sent batch of 10 tweets (Total: 650)
2025-03-16 16:41:18,343 - root - ℹ️ INFO - core.py:75 - 📦 Collected 3 new tweets (Total: 652)
2025-03-16 16:41:20,051 - root - ℹ️ INFO - core.py:75 - 📦 Collected 4 new tweets (Total: 656)
2025-03-16 16:41:22,466 - root - ℹ️ INFO - producer.py:22 - Sent batch of 10 tweets (Total: 660)
2025-03-16 16:41:22,472 - root - ℹ️ INFO - core.py:75 - 📦 Collected 7 new tweets (Total: 663)
2025-03-16 16:41:23,532 - root - ℹ️ INFO - core.py:75 - 📦 Collected 2 new tweets (Total: 665)
2025-03-16 16:41:24,968 - root - ℹ️ INFO - core.py:75 - 📦 Collected 4 new tweets (Total: 669)
2025-03-16 16:41:26,716 - root - ℹ️ INFO - producer.py:22 - Sent batch of 10 tweets (Total: 670)
2025-03-16 16:41:26,723 - root - ℹ️ INFO - core.py:75 - 📦 Collected 4 new tweets (Total: 673)
2025-03-16 16:41:28,125 - root - ℹ️ INFO - core.py:75 - 📦 Collected 2 new tweets (Total: 675)
2025-03-16 16:41:29,728 - root - ℹ️ INFO - producer.py:22 - Sent batch of 10 tweets (Total: 680)
2025-03-16 16:41:29,733 - root - ℹ️ INFO - core.py:75 - 📦 Collected 8 new tweets (Total: 683)
2025-03-16 16:41:30,830 - root - ℹ️ INFO - core.py:75 - 📦 Collected 1 new tweets (Total: 684)
2025-03-16 16:41:32,460 - root - ℹ️ INFO - producer.py:22 - Sent batch of 10 tweets (Total: 690)
2025-03-16 16:41:32,462 - root - ℹ️ INFO - core.py:75 - 📦 Collected 7 new tweets (Total: 691)
2025-03-16 16:41:33,631 - root - ℹ️ INFO - core.py:75 - 📦 Collected 1 new tweets (Total: 692)
2025-03-16 16:41:36,123 - root - ℹ️ INFO - core.py:75 - 📦 Collected 6 new tweets (Total: 698)
2025-03-16 16:41:37,833 - root - ℹ️ INFO - producer.py:22 - Sent batch of 10 tweets (Total: 700)
2025-03-16 16:41:37,833 - root - ℹ️ INFO - core.py:75 - 📦 Collected 2 new tweets (Total: 700)
2025-03-16 16:41:39,130 - root - ℹ️ INFO - core.py:75 - 📦 Collected 4 new tweets (Total: 704)
2025-03-16 16:41:40,528 - root - ℹ️ INFO - core.py:75 - 📦 Collected 2 new tweets (Total: 706)
2025-03-16 16:41:41,988 - root - ℹ️ INFO - core.py:75 - 📦 Collected 3 new tweets (Total: 709)
2025-03-16 16:41:44,044 - root - ℹ️ INFO - producer.py:22 - Sent batch of 10 tweets (Total: 710)
2025-03-16 16:41:44,052 - root - ℹ️ INFO - core.py:75 - 📦 Collected 5 new tweets (Total: 714)
2025-03-16 16:41:45,051 - root - ℹ️ INFO - core.py:75 - 📦 Collected 1 new tweets (Total: 715)
2025-03-16 16:41:46,470 - root - ℹ️ INFO - core.py:75 - 📦 Collected 3 new tweets (Total: 718)
2025-03-16 16:41:48,403 - root - ℹ️ INFO - producer.py:22 - Sent batch of 10 tweets (Total: 720)
2025-03-16 16:41:48,405 - root - ℹ️ INFO - core.py:75 - 📦 Collected 3 new tweets (Total: 721)
2025-03-16 16:41:49,492 - root - ℹ️ INFO - core.py:75 - 📦 Collected 2 new tweets (Total: 723)
2025-03-16 16:41:51,692 - root - ℹ️ INFO - core.py:75 - 📦 Collected 5 new tweets (Total: 728)
2025-03-16 16:41:53,430 - root - ℹ️ INFO - core.py:75 - 📦 Collected 1 new tweets (Total: 729)
2025-03-16 16:41:55,565 - root - ℹ️ INFO - producer.py:22 - Sent batch of 10 tweets (Total: 730)
2025-03-16 16:41:55,575 - root - ℹ️ INFO - core.py:75 - 📦 Collected 7 new tweets (Total: 736)
2025-03-16 16:41:56,788 - root - ℹ️ INFO - core.py:75 - 📦 Collected 3 new tweets (Total: 739)
2025-03-16 16:41:58,111 - root - ℹ️ INFO - producer.py:22 - Sent batch of 10 tweets (Total: 740)
2025-03-16 16:41:58,121 - root - ℹ️ INFO - core.py:75 - 📦 Collected 4 new tweets (Total: 743)
2025-03-16 16:41:59,671 - root - ℹ️ INFO - core.py:75 - 📦 Collected 3 new tweets (Total: 746)
2025-03-16 16:42:00,914 - root - ⚠️ WARNING - core.py:77 - ⚠️  No new tweets in loaded content
2025-03-16 16:42:00,914 - root - ⚠️ WARNING - core.py:82 - ⏳ Retry #1 for 2s
2025-03-16 16:42:04,103 - root - ℹ️ INFO - producer.py:22 - Sent batch of 10 tweets (Total: 750)
2025-03-16 16:42:04,103 - root - ℹ️ INFO - core.py:75 - 📦 Collected 4 new tweets (Total: 750)
2025-03-16 16:42:05,598 - root - ℹ️ INFO - core.py:75 - 📦 Collected 2 new tweets (Total: 752)
2025-03-16 16:42:07,046 - root - ℹ️ INFO - core.py:75 - 📦 Collected 3 new tweets (Total: 755)
2025-03-16 16:42:08,315 - root - ℹ️ INFO - core.py:75 - 📦 Collected 4 new tweets (Total: 759)
2025-03-16 16:42:09,598 - root - ℹ️ INFO - producer.py:22 - Sent batch of 10 tweets (Total: 760)
2025-03-16 16:42:09,605 - root - ℹ️ INFO - core.py:75 - 📦 Collected 5 new tweets (Total: 764)
2025-03-16 16:42:11,693 - root - ℹ️ INFO - core.py:75 - 📦 Collected 5 new tweets (Total: 769)
2025-03-16 16:42:12,592 - root - ℹ️ INFO - producer.py:22 - Sent batch of 10 tweets (Total: 770)
2025-03-16 16:42:12,595 - root - ℹ️ INFO - core.py:75 - 📦 Collected 3 new tweets (Total: 772)
2025-03-16 16:42:13,906 - root - ℹ️ INFO - core.py:75 - 📦 Collected 4 new tweets (Total: 776)
2025-03-16 16:42:15,376 - root - ℹ️ INFO - producer.py:22 - Sent batch of 10 tweets (Total: 780)
2025-03-16 16:42:15,386 - root - ℹ️ INFO - core.py:75 - 📦 Collected 7 new tweets (Total: 783)
2025-03-16 16:42:16,470 - root - ℹ️ INFO - core.py:75 - 📦 Collected 1 new tweets (Total: 784)
2025-03-16 16:42:18,559 - root - ℹ️ INFO - producer.py:22 - Sent batch of 10 tweets (Total: 790)
2025-03-16 16:42:18,562 - root - ℹ️ INFO - core.py:75 - 📦 Collected 7 new tweets (Total: 791)
2025-03-16 16:42:20,618 - root - ℹ️ INFO - core.py:75 - 📦 Collected 4 new tweets (Total: 795)
2025-03-16 16:42:22,020 - root - ℹ️ INFO - core.py:75 - 📦 Collected 3 new tweets (Total: 798)
2025-03-16 16:42:23,803 - root - ℹ️ INFO - producer.py:22 - Sent batch of 10 tweets (Total: 800)
2025-03-16 16:42:23,805 - root - ℹ️ INFO - core.py:75 - 📦 Collected 4 new tweets (Total: 802)
2025-03-16 16:42:25,458 - root - ℹ️ INFO - core.py:75 - 📦 Collected 5 new tweets (Total: 807)
2025-03-16 16:42:26,934 - root - ℹ️ INFO - producer.py:22 - Sent batch of 10 tweets (Total: 810)
2025-03-16 16:42:26,937 - root - ℹ️ INFO - core.py:75 - 📦 Collected 6 new tweets (Total: 813)
2025-03-16 16:42:28,051 - root - ⚠️ WARNING - core.py:77 - ⚠️  No new tweets in loaded content
2025-03-16 16:42:28,051 - root - ⚠️ WARNING - core.py:82 - ⏳ Retry #1 for 2s
2025-03-16 16:42:30,840 - root - ⚠️ WARNING - core.py:77 - ⚠️  No new tweets in loaded content
2025-03-16 16:42:30,841 - root - ⚠️ WARNING - core.py:82 - ⏳ Retry #2 for 4s
2025-03-16 16:42:35,795 - root - ⚠️ WARNING - core.py:77 - ⚠️  No new tweets in loaded content
2025-03-16 16:42:35,796 - root - ⚠️ WARNING - core.py:82 - ⏳ Retry #3 for 8s
2025-03-16 16:42:44,600 - root - ⚠️ WARNING - core.py:77 - ⚠️  No new tweets in loaded content
2025-03-16 16:42:44,601 - root - ❌ ERROR - core.py:85 - 🔴 Max retries reached. Stopping.
2025-03-16 16:42:46,696 - root - ℹ️ INFO - core.py:93 - ✅ Final count: 813/1000 tweets
2025-03-16 16:42:46,696 - root - ⚠️ WARNING - core.py:97 - ⚠️  Ended before reaching target
2025-03-16 16:42:46,696 - root - ℹ️ INFO - main.py:22 - Scraping completed for @ALJADEEDNEWS
2025-03-16 16:42:46,698 - root - ℹ️ INFO - producer.py:29 - Final count: 813 tweets sent
2025-03-16 16:42:46,699 - root - ℹ️ INFO - main.py:92 - Pipeline run completed
