2025-03-15 23:58:51,293 - root - ℹ️ INFO - main.py:70 - Initializing pipeline
2025-03-15 23:58:51,293 - root - ℹ️ INFO - main.py:14 - Starting Twitter scraper for @ALJADEEDNEWS
2025-03-15 23:58:56,651 - root - ℹ️ INFO - core.py:25 - 🚀 Starting scrape for @ALJADEEDNEWS
2025-03-15 23:59:03,444 - root - ℹ️ INFO - core.py:75 - 📦 Collected 5 new tweets (Total: 5)
2025-03-15 23:59:04,720 - root - ℹ️ INFO - core.py:75 - 📦 Collected 2 new tweets (Total: 7)
2025-03-15 23:59:08,221 - root - ℹ️ INFO - producer.py:22 - Sent batch of 10 tweets (Total: 10)
2025-03-15 23:59:08,226 - root - ℹ️ INFO - core.py:75 - 📦 Collected 5 new tweets (Total: 12)
2025-03-15 23:59:09,876 - root - ℹ️ INFO - core.py:75 - 📦 Collected 2 new tweets (Total: 14)
2025-03-15 23:59:11,939 - root - ℹ️ INFO - core.py:75 - 📦 Collected 4 new tweets (Total: 18)
2025-03-15 23:59:13,955 - root - ℹ️ INFO - core.py:75 - 📦 Collected 1 new tweets (Total: 19)
2025-03-15 23:59:14,937 - root - ⚠️ WARNING - core.py:77 - ⚠️  No new tweets in loaded content
2025-03-15 23:59:14,937 - root - ⚠️ WARNING - core.py:82 - ⏳ Retry #1 for 2s
2025-03-15 23:59:18,154 - root - ℹ️ INFO - producer.py:22 - Sent batch of 10 tweets (Total: 20)
2025-03-15 23:59:18,167 - root - ℹ️ INFO - core.py:75 - 📦 Collected 8 new tweets (Total: 27)
2025-03-15 23:59:19,683 - root - ℹ️ INFO - producer.py:22 - Sent batch of 10 tweets (Total: 30)
2025-03-15 23:59:19,687 - root - ℹ️ INFO - core.py:75 - 📦 Collected 5 new tweets (Total: 32)
2025-03-15 23:59:21,429 - root - ℹ️ INFO - core.py:75 - 📦 Collected 4 new tweets (Total: 36)
2025-03-15 23:59:22,904 - root - ℹ️ INFO - core.py:75 - 📦 Collected 1 new tweets (Total: 37)
2025-03-15 23:59:24,054 - root - ℹ️ INFO - producer.py:22 - Sent batch of 10 tweets (Total: 40)
2025-03-15 23:59:24,055 - root - ℹ️ INFO - core.py:75 - 📦 Collected 3 new tweets (Total: 40)
2025-03-15 23:59:24,794 - root - ⚠️ WARNING - core.py:77 - ⚠️  No new tweets in loaded content
2025-03-15 23:59:24,794 - root - ⚠️ WARNING - core.py:82 - ⏳ Retry #1 for 2s
2025-03-15 23:59:27,675 - root - ⚠️ WARNING - core.py:77 - ⚠️  No new tweets in loaded content
2025-03-15 23:59:27,676 - root - ⚠️ WARNING - core.py:82 - ⏳ Retry #2 for 4s
2025-03-15 23:59:32,809 - root - ℹ️ INFO - core.py:75 - 📦 Collected 6 new tweets (Total: 46)
2025-03-15 23:59:34,112 - root - ℹ️ INFO - core.py:75 - 📦 Collected 3 new tweets (Total: 49)
2025-03-15 23:59:35,328 - root - ℹ️ INFO - producer.py:22 - Sent batch of 10 tweets (Total: 50)
2025-03-15 23:59:35,329 - root - ℹ️ INFO - core.py:75 - 📦 Collected 2 new tweets (Total: 51)
2025-03-15 23:59:36,515 - root - ℹ️ INFO - core.py:75 - 📦 Collected 2 new tweets (Total: 53)
2025-03-15 23:59:37,951 - root - ℹ️ INFO - core.py:75 - 📦 Collected 2 new tweets (Total: 55)
2025-03-15 23:59:39,293 - root - ℹ️ INFO - core.py:75 - 📦 Collected 3 new tweets (Total: 58)
2025-03-15 23:59:40,363 - root - ℹ️ INFO - producer.py:22 - Sent batch of 10 tweets (Total: 60)
2025-03-15 23:59:40,364 - root - ℹ️ INFO - core.py:75 - 📦 Collected 3 new tweets (Total: 61)
2025-03-15 23:59:41,551 - root - ℹ️ INFO - core.py:75 - 📦 Collected 4 new tweets (Total: 65)
2025-03-15 23:59:42,812 - root - ℹ️ INFO - core.py:75 - 📦 Collected 4 new tweets (Total: 69)
2025-03-15 23:59:43,956 - root - ℹ️ INFO - producer.py:22 - Sent batch of 10 tweets (Total: 70)
2025-03-15 23:59:43,960 - root - ℹ️ INFO - core.py:75 - 📦 Collected 3 new tweets (Total: 72)
2025-03-15 23:59:45,009 - root - ℹ️ INFO - core.py:75 - 📦 Collected 3 new tweets (Total: 75)
2025-03-15 23:59:46,153 - root - ℹ️ INFO - core.py:75 - 📦 Collected 3 new tweets (Total: 78)
2025-03-15 23:59:47,082 - root - ℹ️ INFO - producer.py:22 - Sent batch of 10 tweets (Total: 80)
2025-03-15 23:59:47,083 - root - ℹ️ INFO - core.py:75 - 📦 Collected 3 new tweets (Total: 81)
2025-03-15 23:59:48,312 - root - ℹ️ INFO - core.py:75 - 📦 Collected 4 new tweets (Total: 85)
2025-03-15 23:59:49,275 - root - ℹ️ INFO - core.py:75 - 📦 Collected 3 new tweets (Total: 88)
2025-03-15 23:59:50,656 - root - ℹ️ INFO - producer.py:22 - Sent batch of 10 tweets (Total: 90)
2025-03-15 23:59:50,660 - root - ℹ️ INFO - core.py:75 - 📦 Collected 5 new tweets (Total: 93)
2025-03-15 23:59:52,143 - root - ℹ️ INFO - core.py:75 - 📦 Collected 6 new tweets (Total: 99)
2025-03-15 23:59:53,832 - root - ℹ️ INFO - producer.py:22 - Sent batch of 10 tweets (Total: 100)
2025-03-15 23:59:53,834 - root - ℹ️ INFO - core.py:75 - 📦 Collected 2 new tweets (Total: 101)
2025-03-15 23:59:54,872 - root - ℹ️ INFO - core.py:75 - 📦 Collected 3 new tweets (Total: 104)
2025-03-15 23:59:56,081 - root - ℹ️ INFO - core.py:75 - 📦 Collected 3 new tweets (Total: 107)
2025-03-15 23:59:57,064 - root - ⚠️ WARNING - core.py:77 - ⚠️  No new tweets in loaded content
2025-03-15 23:59:57,064 - root - ⚠️ WARNING - core.py:82 - ⏳ Retry #1 for 2s
2025-03-16 00:00:00,348 - root - ℹ️ INFO - producer.py:22 - Sent batch of 10 tweets (Total: 110)
2025-03-16 00:00:00,351 - root - ℹ️ INFO - core.py:75 - 📦 Collected 5 new tweets (Total: 112)
2025-03-16 00:00:02,220 - root - ℹ️ INFO - core.py:75 - 📦 Collected 2 new tweets (Total: 114)
2025-03-16 00:00:03,163 - root - ℹ️ INFO - core.py:75 - 📦 Collected 3 new tweets (Total: 117)
2025-03-16 00:00:04,149 - root - ℹ️ INFO - producer.py:22 - Sent batch of 10 tweets (Total: 120)
2025-03-16 00:00:04,149 - root - ℹ️ INFO - core.py:75 - 📦 Collected 3 new tweets (Total: 120)
2025-03-16 00:00:05,627 - root - ℹ️ INFO - core.py:75 - 📦 Collected 3 new tweets (Total: 123)
2025-03-16 00:00:06,710 - root - ℹ️ INFO - core.py:75 - 📦 Collected 2 new tweets (Total: 125)
2025-03-16 00:00:07,668 - root - ℹ️ INFO - core.py:75 - 📦 Collected 1 new tweets (Total: 126)
2025-03-16 00:00:08,744 - root - ℹ️ INFO - core.py:75 - 📦 Collected 3 new tweets (Total: 129)
2025-03-16 00:00:09,874 - root - ℹ️ INFO - producer.py:22 - Sent batch of 10 tweets (Total: 130)
2025-03-16 00:00:09,877 - root - ℹ️ INFO - core.py:75 - 📦 Collected 3 new tweets (Total: 132)
2025-03-16 00:00:11,189 - root - ℹ️ INFO - core.py:75 - 📦 Collected 2 new tweets (Total: 134)
2025-03-16 00:00:12,417 - root - ℹ️ INFO - core.py:75 - 📦 Collected 2 new tweets (Total: 136)
2025-03-16 00:00:13,980 - root - ℹ️ INFO - core.py:75 - 📦 Collected 3 new tweets (Total: 139)
2025-03-16 00:00:15,101 - root - ℹ️ INFO - producer.py:22 - Sent batch of 10 tweets (Total: 140)
2025-03-16 00:00:15,109 - root - ℹ️ INFO - core.py:75 - 📦 Collected 4 new tweets (Total: 143)
2025-03-16 00:00:15,894 - root - ℹ️ INFO - core.py:75 - 📦 Collected 1 new tweets (Total: 144)
2025-03-16 00:00:17,331 - root - ℹ️ INFO - core.py:75 - 📦 Collected 4 new tweets (Total: 148)
2025-03-16 00:00:18,451 - root - ℹ️ INFO - core.py:75 - 📦 Collected 1 new tweets (Total: 149)
2025-03-16 00:00:19,603 - root - ℹ️ INFO - producer.py:22 - Sent batch of 10 tweets (Total: 150)
2025-03-16 00:00:19,604 - root - ℹ️ INFO - core.py:75 - 📦 Collected 2 new tweets (Total: 151)
2025-03-16 00:00:20,524 - root - ℹ️ INFO - core.py:75 - 📦 Collected 2 new tweets (Total: 153)
2025-03-16 00:00:21,548 - root - ℹ️ INFO - core.py:75 - 📦 Collected 4 new tweets (Total: 157)
2025-03-16 00:00:22,745 - root - ℹ️ INFO - producer.py:22 - Sent batch of 10 tweets (Total: 160)
2025-03-16 00:00:22,745 - root - ℹ️ INFO - core.py:75 - 📦 Collected 3 new tweets (Total: 160)
2025-03-16 00:00:23,809 - root - ℹ️ INFO - core.py:75 - 📦 Collected 4 new tweets (Total: 164)
2025-03-16 00:00:24,957 - root - ℹ️ INFO - core.py:75 - 📦 Collected 3 new tweets (Total: 167)
2025-03-16 00:00:26,190 - root - ℹ️ INFO - producer.py:22 - Sent batch of 10 tweets (Total: 170)
2025-03-16 00:00:26,193 - root - ℹ️ INFO - core.py:75 - 📦 Collected 4 new tweets (Total: 171)
2025-03-16 00:00:27,163 - root - ℹ️ INFO - core.py:75 - 📦 Collected 2 new tweets (Total: 173)
2025-03-16 00:00:28,788 - root - ℹ️ INFO - core.py:75 - 📦 Collected 5 new tweets (Total: 178)
2025-03-16 00:00:30,910 - root - ℹ️ INFO - producer.py:22 - Sent batch of 10 tweets (Total: 180)
2025-03-16 00:00:30,911 - root - ℹ️ INFO - core.py:75 - 📦 Collected 3 new tweets (Total: 181)
2025-03-16 00:00:32,294 - root - ℹ️ INFO - core.py:75 - 📦 Collected 2 new tweets (Total: 183)
2025-03-16 00:00:33,194 - root - ⚠️ WARNING - core.py:77 - ⚠️  No new tweets in loaded content
2025-03-16 00:00:33,195 - root - ⚠️ WARNING - core.py:82 - ⏳ Retry #1 for 2s
2025-03-16 00:00:36,140 - root - ℹ️ INFO - core.py:75 - 📦 Collected 4 new tweets (Total: 187)
2025-03-16 00:00:37,181 - root - ℹ️ INFO - core.py:75 - 📦 Collected 2 new tweets (Total: 189)
2025-03-16 00:00:38,162 - root - ℹ️ INFO - producer.py:22 - Sent batch of 10 tweets (Total: 190)
2025-03-16 00:00:38,165 - root - ℹ️ INFO - core.py:75 - 📦 Collected 2 new tweets (Total: 191)
2025-03-16 00:00:39,377 - root - ℹ️ INFO - core.py:75 - 📦 Collected 4 new tweets (Total: 195)
2025-03-16 00:00:40,345 - root - ℹ️ INFO - core.py:75 - 📦 Collected 2 new tweets (Total: 197)
2025-03-16 00:00:41,352 - root - ℹ️ INFO - core.py:75 - 📦 Collected 2 new tweets (Total: 199)
2025-03-16 00:00:42,499 - root - ℹ️ INFO - producer.py:22 - Sent batch of 10 tweets (Total: 200)
2025-03-16 00:00:42,503 - root - ℹ️ INFO - core.py:75 - 📦 Collected 4 new tweets (Total: 203)
2025-03-16 00:00:43,322 - root - ⚠️ WARNING - core.py:77 - ⚠️  No new tweets in loaded content
2025-03-16 00:00:43,322 - root - ⚠️ WARNING - core.py:82 - ⏳ Retry #1 for 2s
2025-03-16 00:00:46,173 - root - ℹ️ INFO - core.py:75 - 📦 Collected 4 new tweets (Total: 207)
2025-03-16 00:00:47,241 - root - ℹ️ INFO - producer.py:22 - Sent batch of 10 tweets (Total: 210)
2025-03-16 00:00:47,241 - root - ℹ️ INFO - core.py:75 - 📦 Collected 3 new tweets (Total: 210)
2025-03-16 00:00:48,725 - root - ℹ️ INFO - core.py:75 - 📦 Collected 5 new tweets (Total: 215)
2025-03-16 00:00:49,990 - root - ℹ️ INFO - core.py:75 - 📦 Collected 1 new tweets (Total: 216)
2025-03-16 00:00:50,938 - root - ℹ️ INFO - producer.py:22 - Sent batch of 10 tweets (Total: 220)
2025-03-16 00:00:50,938 - root - ℹ️ INFO - core.py:75 - 📦 Collected 4 new tweets (Total: 220)
2025-03-16 00:00:52,024 - root - ℹ️ INFO - core.py:75 - 📦 Collected 3 new tweets (Total: 223)
2025-03-16 00:00:52,752 - root - ⚠️ WARNING - core.py:77 - ⚠️  No new tweets in loaded content
2025-03-16 00:00:52,752 - root - ⚠️ WARNING - core.py:82 - ⏳ Retry #1 for 2s
2025-03-16 00:00:55,649 - root - ℹ️ INFO - core.py:75 - 📦 Collected 4 new tweets (Total: 227)
2025-03-16 00:00:56,727 - root - ℹ️ INFO - producer.py:22 - Sent batch of 10 tweets (Total: 230)
2025-03-16 00:00:56,729 - root - ℹ️ INFO - core.py:75 - 📦 Collected 4 new tweets (Total: 231)
2025-03-16 00:00:57,882 - root - ℹ️ INFO - core.py:75 - 📦 Collected 5 new tweets (Total: 236)
2025-03-16 00:00:59,165 - root - ℹ️ INFO - producer.py:22 - Sent batch of 10 tweets (Total: 240)
2025-03-16 00:00:59,170 - root - ℹ️ INFO - core.py:75 - 📦 Collected 7 new tweets (Total: 243)
2025-03-16 00:00:59,943 - root - ⚠️ WARNING - core.py:77 - ⚠️  No new tweets in loaded content
2025-03-16 00:00:59,943 - root - ⚠️ WARNING - core.py:82 - ⏳ Retry #1 for 2s
2025-03-16 00:01:03,072 - root - ℹ️ INFO - core.py:75 - 📦 Collected 4 new tweets (Total: 247)
2025-03-16 00:01:04,415 - root - ℹ️ INFO - producer.py:22 - Sent batch of 10 tweets (Total: 250)
2025-03-16 00:01:04,417 - root - ℹ️ INFO - core.py:75 - 📦 Collected 4 new tweets (Total: 251)
2025-03-16 00:01:05,792 - root - ℹ️ INFO - core.py:75 - 📦 Collected 4 new tweets (Total: 255)
2025-03-16 00:01:07,101 - root - ℹ️ INFO - producer.py:22 - Sent batch of 10 tweets (Total: 260)
2025-03-16 00:01:07,102 - root - ℹ️ INFO - core.py:75 - 📦 Collected 5 new tweets (Total: 260)
2025-03-16 00:01:08,136 - root - ℹ️ INFO - core.py:75 - 📦 Collected 2 new tweets (Total: 262)
2025-03-16 00:01:09,406 - root - ℹ️ INFO - core.py:75 - 📦 Collected 2 new tweets (Total: 264)
2025-03-16 00:01:10,282 - root - ℹ️ INFO - core.py:75 - 📦 Collected 2 new tweets (Total: 266)
2025-03-16 00:01:11,602 - root - ℹ️ INFO - producer.py:22 - Sent batch of 10 tweets (Total: 270)
2025-03-16 00:01:11,604 - root - ℹ️ INFO - core.py:75 - 📦 Collected 5 new tweets (Total: 271)
2025-03-16 00:01:12,898 - root - ℹ️ INFO - core.py:75 - 📦 Collected 7 new tweets (Total: 278)
2025-03-16 00:01:14,135 - root - ℹ️ INFO - producer.py:22 - Sent batch of 10 tweets (Total: 280)
2025-03-16 00:01:14,139 - root - ℹ️ INFO - core.py:75 - 📦 Collected 5 new tweets (Total: 283)
2025-03-16 00:01:15,315 - root - ℹ️ INFO - core.py:75 - 📦 Collected 3 new tweets (Total: 286)
2025-03-16 00:01:16,660 - root - ℹ️ INFO - producer.py:22 - Sent batch of 10 tweets (Total: 290)
2025-03-16 00:01:16,661 - root - ℹ️ INFO - core.py:75 - 📦 Collected 5 new tweets (Total: 291)
2025-03-16 00:01:17,619 - root - ℹ️ INFO - core.py:75 - 📦 Collected 2 new tweets (Total: 293)
2025-03-16 00:01:18,761 - root - ℹ️ INFO - core.py:75 - 📦 Collected 3 new tweets (Total: 296)
2025-03-16 00:01:19,611 - root - ℹ️ INFO - core.py:75 - 📦 Collected 2 new tweets (Total: 298)
2025-03-16 00:01:20,733 - root - ℹ️ INFO - producer.py:22 - Sent batch of 10 tweets (Total: 300)
2025-03-16 00:01:20,735 - root - ℹ️ INFO - core.py:75 - 📦 Collected 3 new tweets (Total: 301)
2025-03-16 00:01:21,773 - root - ℹ️ INFO - core.py:75 - 📦 Collected 3 new tweets (Total: 304)
2025-03-16 00:01:22,958 - root - ℹ️ INFO - core.py:75 - 📦 Collected 4 new tweets (Total: 308)
2025-03-16 00:01:24,362 - root - ℹ️ INFO - producer.py:22 - Sent batch of 10 tweets (Total: 310)
2025-03-16 00:01:24,364 - root - ℹ️ INFO - core.py:75 - 📦 Collected 4 new tweets (Total: 312)
2025-03-16 00:01:25,276 - root - ℹ️ INFO - core.py:75 - 📦 Collected 2 new tweets (Total: 314)
2025-03-16 00:01:26,295 - root - ℹ️ INFO - core.py:75 - 📦 Collected 2 new tweets (Total: 316)
2025-03-16 00:01:27,017 - root - ⚠️ WARNING - core.py:77 - ⚠️  No new tweets in loaded content
2025-03-16 00:01:27,017 - root - ⚠️ WARNING - core.py:82 - ⏳ Retry #1 for 2s
2025-03-16 00:01:30,027 - root - ℹ️ INFO - producer.py:22 - Sent batch of 10 tweets (Total: 320)
2025-03-16 00:01:30,029 - root - ℹ️ INFO - core.py:75 - 📦 Collected 6 new tweets (Total: 322)
2025-03-16 00:01:31,172 - root - ℹ️ INFO - core.py:75 - 📦 Collected 2 new tweets (Total: 324)
2025-03-16 00:01:32,553 - root - ℹ️ INFO - core.py:75 - 📦 Collected 4 new tweets (Total: 328)
2025-03-16 00:01:33,637 - root - ℹ️ INFO - producer.py:22 - Sent batch of 10 tweets (Total: 330)
2025-03-16 00:01:33,639 - root - ℹ️ INFO - core.py:75 - 📦 Collected 3 new tweets (Total: 331)
2025-03-16 00:01:34,639 - root - ℹ️ INFO - core.py:75 - 📦 Collected 2 new tweets (Total: 333)
2025-03-16 00:01:35,542 - root - ℹ️ INFO - core.py:75 - 📦 Collected 1 new tweets (Total: 334)
2025-03-16 00:01:36,948 - root - ℹ️ INFO - core.py:75 - 📦 Collected 5 new tweets (Total: 339)
2025-03-16 00:01:37,986 - root - ℹ️ INFO - producer.py:22 - Sent batch of 10 tweets (Total: 340)
2025-03-16 00:01:37,990 - root - ℹ️ INFO - core.py:75 - 📦 Collected 3 new tweets (Total: 342)
2025-03-16 00:01:39,142 - root - ℹ️ INFO - core.py:75 - 📦 Collected 6 new tweets (Total: 348)
2025-03-16 00:01:40,127 - root - ⚠️ WARNING - core.py:77 - ⚠️  No new tweets in loaded content
2025-03-16 00:01:40,127 - root - ⚠️ WARNING - core.py:82 - ⏳ Retry #1 for 2s
2025-03-16 00:01:42,877 - root - ⚠️ WARNING - core.py:77 - ⚠️  No new tweets in loaded content
2025-03-16 00:01:42,877 - root - ⚠️ WARNING - core.py:82 - ⏳ Retry #2 for 4s
2025-03-16 00:01:48,437 - root - ℹ️ INFO - producer.py:22 - Sent batch of 10 tweets (Total: 350)
2025-03-16 00:01:48,439 - root - ℹ️ INFO - core.py:75 - 📦 Collected 4 new tweets (Total: 352)
2025-03-16 00:01:49,473 - root - ℹ️ INFO - core.py:75 - 📦 Collected 2 new tweets (Total: 354)
2025-03-16 00:01:50,739 - root - ℹ️ INFO - core.py:75 - 📦 Collected 3 new tweets (Total: 357)
2025-03-16 00:01:52,377 - root - ℹ️ INFO - producer.py:22 - Sent batch of 10 tweets (Total: 360)
2025-03-16 00:01:52,380 - root - ℹ️ INFO - core.py:75 - 📦 Collected 4 new tweets (Total: 361)
2025-03-16 00:01:53,527 - root - ℹ️ INFO - core.py:75 - 📦 Collected 2 new tweets (Total: 363)
2025-03-16 00:01:54,881 - root - ℹ️ INFO - core.py:75 - 📦 Collected 2 new tweets (Total: 365)
2025-03-16 00:01:56,299 - root - ℹ️ INFO - core.py:75 - 📦 Collected 2 new tweets (Total: 367)
2025-03-16 00:01:57,557 - root - ℹ️ INFO - core.py:75 - 📦 Collected 1 new tweets (Total: 368)
2025-03-16 00:01:59,468 - root - ℹ️ INFO - producer.py:22 - Sent batch of 10 tweets (Total: 370)
2025-03-16 00:01:59,472 - root - ℹ️ INFO - core.py:75 - 📦 Collected 5 new tweets (Total: 373)
2025-03-16 00:02:00,839 - root - ℹ️ INFO - core.py:75 - 📦 Collected 4 new tweets (Total: 377)
2025-03-16 00:02:02,179 - root - ℹ️ INFO - core.py:75 - 📦 Collected 2 new tweets (Total: 379)
2025-03-16 00:02:03,875 - root - ℹ️ INFO - producer.py:22 - Sent batch of 10 tweets (Total: 380)
2025-03-16 00:02:03,882 - root - ℹ️ INFO - core.py:75 - 📦 Collected 3 new tweets (Total: 382)
2025-03-16 00:02:05,219 - root - ℹ️ INFO - core.py:75 - 📦 Collected 2 new tweets (Total: 384)
2025-03-16 00:02:07,038 - root - ℹ️ INFO - core.py:75 - 📦 Collected 3 new tweets (Total: 387)
2025-03-16 00:02:08,767 - root - ℹ️ INFO - core.py:75 - 📦 Collected 1 new tweets (Total: 388)
2025-03-16 00:02:10,288 - root - ℹ️ INFO - producer.py:22 - Sent batch of 10 tweets (Total: 390)
2025-03-16 00:02:10,289 - root - ℹ️ INFO - core.py:75 - 📦 Collected 2 new tweets (Total: 390)
2025-03-16 00:02:11,875 - root - ℹ️ INFO - core.py:75 - 📦 Collected 4 new tweets (Total: 394)
2025-03-16 00:02:13,186 - root - ℹ️ INFO - core.py:75 - 📦 Collected 2 new tweets (Total: 396)
2025-03-16 00:02:14,818 - root - ℹ️ INFO - producer.py:22 - Sent batch of 10 tweets (Total: 400)
2025-03-16 00:02:14,821 - root - ℹ️ INFO - core.py:75 - 📦 Collected 5 new tweets (Total: 401)
2025-03-16 00:02:16,145 - root - ℹ️ INFO - core.py:75 - 📦 Collected 4 new tweets (Total: 405)
2025-03-16 00:02:17,249 - root - ℹ️ INFO - core.py:75 - 📦 Collected 2 new tweets (Total: 407)
2025-03-16 00:02:19,104 - root - ℹ️ INFO - producer.py:22 - Sent batch of 10 tweets (Total: 410)
2025-03-16 00:02:19,112 - root - ℹ️ INFO - core.py:75 - 📦 Collected 7 new tweets (Total: 414)
2025-03-16 00:02:20,352 - root - ℹ️ INFO - core.py:75 - 📦 Collected 3 new tweets (Total: 417)
2025-03-16 00:02:21,841 - root - ℹ️ INFO - producer.py:22 - Sent batch of 10 tweets (Total: 420)
2025-03-16 00:02:21,845 - root - ℹ️ INFO - core.py:75 - 📦 Collected 5 new tweets (Total: 422)
2025-03-16 00:02:23,296 - root - ℹ️ INFO - core.py:75 - 📦 Collected 3 new tweets (Total: 425)
2025-03-16 00:02:24,738 - root - ℹ️ INFO - core.py:75 - 📦 Collected 1 new tweets (Total: 426)
2025-03-16 00:02:26,564 - root - ℹ️ INFO - producer.py:22 - Sent batch of 10 tweets (Total: 430)
2025-03-16 00:02:26,571 - root - ℹ️ INFO - core.py:75 - 📦 Collected 7 new tweets (Total: 433)
2025-03-16 00:02:28,031 - root - ℹ️ INFO - core.py:75 - 📦 Collected 2 new tweets (Total: 435)
2025-03-16 00:02:29,208 - root - ℹ️ INFO - producer.py:22 - Sent batch of 10 tweets (Total: 440)
2025-03-16 00:02:29,209 - root - ℹ️ INFO - core.py:75 - 📦 Collected 6 new tweets (Total: 441)
2025-03-16 00:02:30,524 - root - ℹ️ INFO - core.py:75 - 📦 Collected 3 new tweets (Total: 444)
2025-03-16 00:02:31,969 - root - ℹ️ INFO - core.py:75 - 📦 Collected 2 new tweets (Total: 446)
2025-03-16 00:02:34,496 - root - ℹ️ INFO - producer.py:22 - Sent batch of 10 tweets (Total: 450)
2025-03-16 00:02:34,497 - root - ℹ️ INFO - core.py:75 - 📦 Collected 4 new tweets (Total: 450)
2025-03-16 00:02:36,205 - root - ℹ️ INFO - core.py:75 - 📦 Collected 5 new tweets (Total: 455)
2025-03-16 00:02:37,322 - root - ℹ️ INFO - core.py:75 - 📦 Collected 2 new tweets (Total: 457)
2025-03-16 00:02:38,349 - root - ℹ️ INFO - core.py:75 - 📦 Collected 2 new tweets (Total: 459)
2025-03-16 00:02:39,900 - root - ℹ️ INFO - producer.py:22 - Sent batch of 10 tweets (Total: 460)
2025-03-16 00:02:39,907 - root - ℹ️ INFO - core.py:75 - 📦 Collected 3 new tweets (Total: 462)
2025-03-16 00:02:41,824 - root - ℹ️ INFO - core.py:75 - 📦 Collected 3 new tweets (Total: 465)
2025-03-16 00:02:43,332 - root - ℹ️ INFO - core.py:75 - 📦 Collected 1 new tweets (Total: 466)
2025-03-16 00:02:44,242 - root - ⚠️ WARNING - core.py:77 - ⚠️  No new tweets in loaded content
2025-03-16 00:02:44,242 - root - ⚠️ WARNING - core.py:82 - ⏳ Retry #1 for 2s
2025-03-16 00:02:47,215 - root - ℹ️ INFO - core.py:75 - 📦 Collected 3 new tweets (Total: 469)
2025-03-16 00:02:48,025 - root - ℹ️ INFO - producer.py:22 - Sent batch of 10 tweets (Total: 470)
2025-03-16 00:02:48,025 - root - ℹ️ INFO - core.py:75 - 📦 Collected 1 new tweets (Total: 470)
2025-03-16 00:02:49,508 - root - ℹ️ INFO - core.py:75 - 📦 Collected 4 new tweets (Total: 474)
2025-03-16 00:02:50,765 - root - ℹ️ INFO - core.py:75 - 📦 Collected 3 new tweets (Total: 477)
2025-03-16 00:02:52,178 - root - ℹ️ INFO - producer.py:22 - Sent batch of 10 tweets (Total: 480)
2025-03-16 00:02:52,178 - root - ℹ️ INFO - core.py:75 - 📦 Collected 3 new tweets (Total: 480)
2025-03-16 00:02:53,111 - root - ℹ️ INFO - core.py:75 - 📦 Collected 1 new tweets (Total: 481)
2025-03-16 00:02:54,794 - root - ℹ️ INFO - core.py:75 - 📦 Collected 4 new tweets (Total: 485)
2025-03-16 00:02:56,054 - root - ℹ️ INFO - core.py:75 - 📦 Collected 2 new tweets (Total: 487)
2025-03-16 00:02:56,937 - root - ℹ️ INFO - core.py:75 - 📦 Collected 1 new tweets (Total: 488)
2025-03-16 00:02:58,236 - root - ℹ️ INFO - producer.py:22 - Sent batch of 10 tweets (Total: 490)
2025-03-16 00:02:58,236 - root - ℹ️ INFO - core.py:75 - 📦 Collected 2 new tweets (Total: 490)
2025-03-16 00:03:00,228 - root - ℹ️ INFO - core.py:75 - 📦 Collected 7 new tweets (Total: 497)
2025-03-16 00:03:01,174 - root - ℹ️ INFO - core.py:75 - 📦 Collected 1 new tweets (Total: 498)
2025-03-16 00:03:02,347 - root - ℹ️ INFO - producer.py:22 - Sent batch of 10 tweets (Total: 500)
2025-03-16 00:03:02,347 - root - ℹ️ INFO - core.py:75 - 📦 Collected 2 new tweets (Total: 500)
2025-03-16 00:03:03,075 - root - ⚠️ WARNING - core.py:77 - ⚠️  No new tweets in loaded content
2025-03-16 00:03:03,075 - root - ⚠️ WARNING - core.py:82 - ⏳ Retry #1 for 2s
2025-03-16 00:03:06,092 - root - ℹ️ INFO - core.py:75 - 📦 Collected 5 new tweets (Total: 505)
2025-03-16 00:03:07,299 - root - ℹ️ INFO - core.py:75 - 📦 Collected 4 new tweets (Total: 509)
2025-03-16 00:03:08,302 - root - ℹ️ INFO - producer.py:22 - Sent batch of 10 tweets (Total: 510)
2025-03-16 00:03:08,304 - root - ℹ️ INFO - core.py:75 - 📦 Collected 2 new tweets (Total: 511)
2025-03-16 00:03:10,031 - root - ℹ️ INFO - core.py:75 - 📦 Collected 5 new tweets (Total: 516)
2025-03-16 00:03:10,991 - root - ℹ️ INFO - core.py:75 - 📦 Collected 3 new tweets (Total: 519)
2025-03-16 00:03:11,956 - root - ℹ️ INFO - producer.py:22 - Sent batch of 10 tweets (Total: 520)
2025-03-16 00:03:11,956 - root - ℹ️ INFO - core.py:75 - 📦 Collected 1 new tweets (Total: 520)
2025-03-16 00:03:13,602 - root - ℹ️ INFO - core.py:75 - 📦 Collected 5 new tweets (Total: 525)
2025-03-16 00:03:14,838 - root - ℹ️ INFO - core.py:75 - 📦 Collected 3 new tweets (Total: 528)
2025-03-16 00:03:15,880 - root - ℹ️ INFO - producer.py:22 - Sent batch of 10 tweets (Total: 530)
2025-03-16 00:03:15,880 - root - ℹ️ INFO - core.py:75 - 📦 Collected 3 new tweets (Total: 531)
2025-03-16 00:03:17,638 - root - ℹ️ INFO - core.py:75 - 📦 Collected 6 new tweets (Total: 537)
2025-03-16 00:03:18,907 - root - ℹ️ INFO - producer.py:22 - Sent batch of 10 tweets (Total: 540)
2025-03-16 00:03:18,907 - root - ℹ️ INFO - core.py:75 - 📦 Collected 3 new tweets (Total: 540)
2025-03-16 00:03:19,734 - root - ⚠️ WARNING - core.py:77 - ⚠️  No new tweets in loaded content
2025-03-16 00:03:19,734 - root - ⚠️ WARNING - core.py:82 - ⏳ Retry #1 for 2s
2025-03-16 00:03:22,834 - root - ℹ️ INFO - core.py:75 - 📦 Collected 6 new tweets (Total: 546)
2025-03-16 00:03:24,096 - root - ℹ️ INFO - producer.py:22 - Sent batch of 10 tweets (Total: 550)
2025-03-16 00:03:24,096 - root - ℹ️ INFO - core.py:75 - 📦 Collected 4 new tweets (Total: 550)
2025-03-16 00:03:25,208 - root - ℹ️ INFO - core.py:75 - 📦 Collected 2 new tweets (Total: 552)
2025-03-16 00:03:26,386 - root - ℹ️ INFO - core.py:75 - 📦 Collected 3 new tweets (Total: 555)
2025-03-16 00:03:27,906 - root - ℹ️ INFO - core.py:75 - 📦 Collected 4 new tweets (Total: 559)
2025-03-16 00:03:29,417 - root - ℹ️ INFO - producer.py:22 - Sent batch of 10 tweets (Total: 560)
2025-03-16 00:03:29,424 - root - ℹ️ INFO - core.py:75 - 📦 Collected 5 new tweets (Total: 564)
2025-03-16 00:03:31,319 - root - ℹ️ INFO - core.py:75 - 📦 Collected 5 new tweets (Total: 569)
2025-03-16 00:03:32,771 - root - ℹ️ INFO - producer.py:22 - Sent batch of 10 tweets (Total: 570)
2025-03-16 00:03:32,778 - root - ℹ️ INFO - core.py:75 - 📦 Collected 4 new tweets (Total: 573)
2025-03-16 00:03:33,671 - root - ℹ️ INFO - core.py:75 - 📦 Collected 1 new tweets (Total: 574)
2025-03-16 00:03:34,866 - root - ℹ️ INFO - core.py:75 - 📦 Collected 3 new tweets (Total: 577)
2025-03-16 00:03:36,015 - root - ℹ️ INFO - core.py:75 - 📦 Collected 2 new tweets (Total: 579)
2025-03-16 00:03:36,744 - root - ⚠️ WARNING - core.py:77 - ⚠️  No new tweets in loaded content
2025-03-16 00:03:36,745 - root - ⚠️ WARNING - core.py:82 - ⏳ Retry #1 for 2s
2025-03-16 00:03:40,209 - root - ℹ️ INFO - producer.py:22 - Sent batch of 10 tweets (Total: 580)
2025-03-16 00:03:40,220 - root - ℹ️ INFO - core.py:75 - 📦 Collected 6 new tweets (Total: 585)
2025-03-16 00:03:41,861 - root - ℹ️ INFO - producer.py:22 - Sent batch of 10 tweets (Total: 590)
2025-03-16 00:03:41,863 - root - ℹ️ INFO - core.py:75 - 📦 Collected 5 new tweets (Total: 590)
2025-03-16 00:03:43,077 - root - ℹ️ INFO - core.py:75 - 📦 Collected 2 new tweets (Total: 592)
2025-03-16 00:03:44,486 - root - ℹ️ INFO - core.py:75 - 📦 Collected 4 new tweets (Total: 596)
2025-03-16 00:03:45,237 - root - ⚠️ WARNING - core.py:77 - ⚠️  No new tweets in loaded content
2025-03-16 00:03:45,238 - root - ⚠️ WARNING - core.py:82 - ⏳ Retry #1 for 2s
2025-03-16 00:03:48,802 - root - ℹ️ INFO - producer.py:22 - Sent batch of 10 tweets (Total: 600)
2025-03-16 00:03:48,807 - root - ℹ️ INFO - core.py:75 - 📦 Collected 7 new tweets (Total: 603)
2025-03-16 00:03:50,709 - root - ℹ️ INFO - core.py:75 - 📦 Collected 4 new tweets (Total: 607)
2025-03-16 00:03:51,842 - root - ℹ️ INFO - producer.py:22 - Sent batch of 10 tweets (Total: 610)
2025-03-16 00:03:51,845 - root - ℹ️ INFO - core.py:75 - 📦 Collected 5 new tweets (Total: 612)
2025-03-16 00:03:53,002 - root - ℹ️ INFO - core.py:75 - 📦 Collected 3 new tweets (Total: 615)
2025-03-16 00:03:54,079 - root - ℹ️ INFO - core.py:75 - 📦 Collected 1 new tweets (Total: 616)
2025-03-16 00:03:55,779 - root - ℹ️ INFO - producer.py:22 - Sent batch of 10 tweets (Total: 620)
2025-03-16 00:03:55,779 - root - ℹ️ INFO - core.py:75 - 📦 Collected 4 new tweets (Total: 620)
2025-03-16 00:03:57,302 - root - ℹ️ INFO - core.py:75 - 📦 Collected 2 new tweets (Total: 622)
2025-03-16 00:03:58,663 - root - ℹ️ INFO - core.py:75 - 📦 Collected 3 new tweets (Total: 625)
2025-03-16 00:03:59,745 - root - ℹ️ INFO - core.py:75 - 📦 Collected 2 new tweets (Total: 627)
2025-03-16 00:04:00,942 - root - ℹ️ INFO - core.py:75 - 📦 Collected 2 new tweets (Total: 629)
2025-03-16 00:04:01,883 - root - ⚠️ WARNING - core.py:77 - ⚠️  No new tweets in loaded content
2025-03-16 00:04:01,884 - root - ⚠️ WARNING - core.py:82 - ⏳ Retry #1 for 2s
2025-03-16 00:04:04,645 - root - ℹ️ INFO - producer.py:22 - Sent batch of 10 tweets (Total: 630)
2025-03-16 00:04:04,647 - root - ℹ️ INFO - core.py:75 - 📦 Collected 3 new tweets (Total: 632)
2025-03-16 00:04:05,980 - root - ℹ️ INFO - core.py:75 - 📦 Collected 3 new tweets (Total: 635)
2025-03-16 00:04:07,105 - root - ℹ️ INFO - core.py:75 - 📦 Collected 3 new tweets (Total: 638)
2025-03-16 00:04:08,610 - root - ℹ️ INFO - producer.py:22 - Sent batch of 10 tweets (Total: 640)
2025-03-16 00:04:08,611 - root - ℹ️ INFO - core.py:75 - 📦 Collected 2 new tweets (Total: 640)
2025-03-16 00:04:09,619 - root - ℹ️ INFO - core.py:75 - 📦 Collected 3 new tweets (Total: 643)
2025-03-16 00:04:10,843 - root - ℹ️ INFO - core.py:75 - 📦 Collected 2 new tweets (Total: 645)
2025-03-16 00:04:12,529 - root - ℹ️ INFO - core.py:75 - 📦 Collected 3 new tweets (Total: 648)
2025-03-16 00:04:13,439 - root - ℹ️ INFO - core.py:75 - 📦 Collected 1 new tweets (Total: 649)
2025-03-16 00:04:15,025 - root - ℹ️ INFO - producer.py:22 - Sent batch of 10 tweets (Total: 650)
2025-03-16 00:04:15,030 - root - ℹ️ INFO - core.py:75 - 📦 Collected 5 new tweets (Total: 654)
2025-03-16 00:04:16,262 - root - ℹ️ INFO - core.py:75 - 📦 Collected 4 new tweets (Total: 658)
2025-03-16 00:04:17,387 - root - ℹ️ INFO - producer.py:22 - Sent batch of 10 tweets (Total: 660)
2025-03-16 00:04:17,388 - root - ℹ️ INFO - core.py:75 - 📦 Collected 3 new tweets (Total: 661)
2025-03-16 00:04:18,398 - root - ℹ️ INFO - core.py:75 - 📦 Collected 3 new tweets (Total: 664)
2025-03-16 00:04:19,769 - root - ℹ️ INFO - core.py:75 - 📦 Collected 2 new tweets (Total: 666)
2025-03-16 00:04:21,441 - root - ℹ️ INFO - core.py:75 - 📦 Collected 2 new tweets (Total: 668)
2025-03-16 00:04:22,952 - root - ℹ️ INFO - producer.py:22 - Sent batch of 10 tweets (Total: 670)
2025-03-16 00:04:22,953 - root - ℹ️ INFO - core.py:75 - 📦 Collected 2 new tweets (Total: 670)
2025-03-16 00:04:24,038 - root - ℹ️ INFO - core.py:75 - 📦 Collected 2 new tweets (Total: 672)
2025-03-16 00:04:25,162 - root - ℹ️ INFO - core.py:75 - 📦 Collected 3 new tweets (Total: 675)
2025-03-16 00:04:26,401 - root - ℹ️ INFO - core.py:75 - 📦 Collected 2 new tweets (Total: 677)
2025-03-16 00:04:27,996 - root - ℹ️ INFO - producer.py:22 - Sent batch of 10 tweets (Total: 680)
2025-03-16 00:04:27,998 - root - ℹ️ INFO - core.py:75 - 📦 Collected 4 new tweets (Total: 681)
2025-03-16 00:04:29,039 - root - ℹ️ INFO - core.py:75 - 📦 Collected 3 new tweets (Total: 684)
2025-03-16 00:04:29,795 - root - ⚠️ WARNING - core.py:77 - ⚠️  No new tweets in loaded content
2025-03-16 00:04:29,795 - root - ⚠️ WARNING - core.py:82 - ⏳ Retry #1 for 2s
2025-03-16 00:04:33,020 - root - ℹ️ INFO - core.py:75 - 📦 Collected 5 new tweets (Total: 689)
2025-03-16 00:04:34,039 - root - ℹ️ INFO - producer.py:22 - Sent batch of 10 tweets (Total: 690)
2025-03-16 00:04:34,041 - root - ℹ️ INFO - core.py:75 - 📦 Collected 2 new tweets (Total: 691)
2025-03-16 00:04:35,475 - root - ℹ️ INFO - core.py:75 - 📦 Collected 5 new tweets (Total: 696)
2025-03-16 00:04:36,735 - root - ℹ️ INFO - producer.py:22 - Sent batch of 10 tweets (Total: 700)
2025-03-16 00:04:36,738 - root - ℹ️ INFO - core.py:75 - 📦 Collected 5 new tweets (Total: 701)
2025-03-16 00:04:37,634 - root - ℹ️ INFO - core.py:75 - 📦 Collected 1 new tweets (Total: 702)
2025-03-16 00:04:39,649 - root - ℹ️ INFO - core.py:75 - 📦 Collected 5 new tweets (Total: 707)
2025-03-16 00:04:41,356 - root - ℹ️ INFO - producer.py:22 - Sent batch of 10 tweets (Total: 710)
2025-03-16 00:04:41,357 - root - ℹ️ INFO - core.py:75 - 📦 Collected 3 new tweets (Total: 710)
2025-03-16 00:04:42,821 - root - ℹ️ INFO - core.py:75 - 📦 Collected 5 new tweets (Total: 715)
2025-03-16 00:04:44,148 - root - ℹ️ INFO - core.py:75 - 📦 Collected 2 new tweets (Total: 717)
2025-03-16 00:04:45,438 - root - ℹ️ INFO - producer.py:22 - Sent batch of 10 tweets (Total: 720)
2025-03-16 00:04:45,438 - root - ℹ️ INFO - core.py:75 - 📦 Collected 3 new tweets (Total: 720)
2025-03-16 00:04:47,135 - root - ℹ️ INFO - core.py:75 - 📦 Collected 3 new tweets (Total: 723)
2025-03-16 00:04:48,741 - root - ℹ️ INFO - core.py:75 - 📦 Collected 6 new tweets (Total: 729)
2025-03-16 00:04:50,392 - root - ℹ️ INFO - producer.py:22 - Sent batch of 10 tweets (Total: 730)
2025-03-16 00:04:50,403 - root - ℹ️ INFO - core.py:75 - 📦 Collected 7 new tweets (Total: 736)
2025-03-16 00:04:51,500 - root - ℹ️ INFO - core.py:75 - 📦 Collected 3 new tweets (Total: 739)
2025-03-16 00:04:53,614 - root - ℹ️ INFO - producer.py:22 - Sent batch of 10 tweets (Total: 740)
2025-03-16 00:04:53,628 - root - ℹ️ INFO - core.py:75 - 📦 Collected 8 new tweets (Total: 747)
2025-03-16 00:04:54,596 - root - ℹ️ INFO - core.py:75 - 📦 Collected 1 new tweets (Total: 748)
2025-03-16 00:04:56,080 - root - ℹ️ INFO - producer.py:22 - Sent batch of 10 tweets (Total: 750)
2025-03-16 00:04:56,084 - root - ℹ️ INFO - core.py:75 - 📦 Collected 4 new tweets (Total: 752)
2025-03-16 00:04:57,135 - root - ℹ️ INFO - core.py:75 - 📦 Collected 2 new tweets (Total: 754)
2025-03-16 00:04:58,413 - root - ℹ️ INFO - core.py:75 - 📦 Collected 4 new tweets (Total: 758)
2025-03-16 00:04:59,710 - root - ℹ️ INFO - producer.py:22 - Sent batch of 10 tweets (Total: 760)
2025-03-16 00:04:59,710 - root - ℹ️ INFO - core.py:75 - 📦 Collected 2 new tweets (Total: 760)
2025-03-16 00:05:00,839 - root - ℹ️ INFO - core.py:75 - 📦 Collected 2 new tweets (Total: 762)
2025-03-16 00:05:02,342 - root - ℹ️ INFO - core.py:75 - 📦 Collected 2 new tweets (Total: 764)
2025-03-16 00:05:04,178 - root - ℹ️ INFO - core.py:75 - 📦 Collected 5 new tweets (Total: 769)
2025-03-16 00:05:05,216 - root - ℹ️ INFO - producer.py:22 - Sent batch of 10 tweets (Total: 770)
2025-03-16 00:05:05,219 - root - ℹ️ INFO - core.py:75 - 📦 Collected 2 new tweets (Total: 771)
2025-03-16 00:05:06,146 - root - ℹ️ INFO - core.py:75 - 📦 Collected 1 new tweets (Total: 772)
2025-03-16 00:05:07,090 - root - ℹ️ INFO - core.py:75 - 📦 Collected 1 new tweets (Total: 773)
2025-03-16 00:05:08,354 - root - ℹ️ INFO - core.py:75 - 📦 Collected 4 new tweets (Total: 777)
2025-03-16 00:05:09,757 - root - ℹ️ INFO - producer.py:22 - Sent batch of 10 tweets (Total: 780)
2025-03-16 00:05:09,757 - root - ℹ️ INFO - core.py:75 - 📦 Collected 3 new tweets (Total: 780)
2025-03-16 00:05:11,452 - root - ℹ️ INFO - core.py:75 - 📦 Collected 3 new tweets (Total: 783)
2025-03-16 00:05:12,431 - root - ⚠️ WARNING - core.py:77 - ⚠️  No new tweets in loaded content
2025-03-16 00:05:12,431 - root - ⚠️ WARNING - core.py:82 - ⏳ Retry #1 for 2s
2025-03-16 00:05:15,133 - root - ⚠️ WARNING - core.py:77 - ⚠️  No new tweets in loaded content
2025-03-16 00:05:15,133 - root - ⚠️ WARNING - core.py:82 - ⏳ Retry #2 for 4s
2025-03-16 00:05:19,887 - root - ⚠️ WARNING - core.py:77 - ⚠️  No new tweets in loaded content
2025-03-16 00:05:19,888 - root - ⚠️ WARNING - core.py:82 - ⏳ Retry #3 for 8s
2025-03-16 00:05:28,544 - root - ⚠️ WARNING - core.py:77 - ⚠️  No new tweets in loaded content
2025-03-16 00:05:28,544 - root - ❌ ERROR - core.py:85 - 🔴 Max retries reached. Stopping.
2025-03-16 00:05:30,603 - root - ℹ️ INFO - core.py:93 - ✅ Final count: 783/5000 tweets
2025-03-16 00:05:30,603 - root - ⚠️ WARNING - core.py:97 - ⚠️  Ended before reaching target
2025-03-16 00:05:30,603 - root - ℹ️ INFO - main.py:22 - Scraping completed for @ALJADEEDNEWS
2025-03-16 00:05:30,604 - root - ℹ️ INFO - producer.py:29 - Final count: 783 tweets sent
2025-03-16 00:05:30,604 - root - ℹ️ INFO - main.py:92 - Pipeline run completed
